[Open_Session 2012-05-25 16:00:45]  FTP Port Open
[Connect_FTP_Client 2012-05-25 16:00:45]  FTP Connect Fail
[Get_File_From_Host 2012-05-25 16:01:17]  P315024600.ran download fail.
[Disconnect_FTP_Client 2012-05-25 16:01:18]  FTP Disconnect
[Read_Rank_Data 2012-05-25 16:02:09]  C:\Users\liaxiaop\Desktop\D\Work\JPS\Ver0.9.26\DB\P315024600.mdb create.
[Open_Session 2012-05-25 16:02:09]  FTP Port Open
[Connect_FTP_Client 2012-05-25 16:02:09]  FTP Connect Fail
[Get_File_From_Host 2012-05-25 16:02:19]  P315024600.ran download fail.
[Disconnect_FTP_Client 2012-05-25 16:02:22]  FTP Disconnect
[Decode_CATST_After_Block_Contact 2012-05-25 16:02:23]  Manual Judge window load.
[Main 2012-05-25 16:03:33]  JPS program start.
[Open_Session 2012-05-25 16:03:34]  FTP Port Open
[Connect_FTP_Client 2012-05-25 16:03:34]  FTP Connect Fail
[Get_File_From_Host 2012-05-25 16:03:34]  Path.csv download fail.
[Disconnect_FTP_Client 2012-05-25 16:03:34]  FTP Disconnect
[Open_Session 2012-05-25 16:03:34]  FTP Port Open
[Connect_FTP_Client 2012-05-25 16:03:34]  FTP Connect Fail
[Get_File_From_Host 2012-05-25 16:03:34]  User.csv download fail.
[Disconnect_FTP_Client 2012-05-25 16:03:34]  FTP Disconnect
[Open_Session 2012-05-25 16:03:34]  FTP Port Open
[Connect_FTP_Client 2012-05-25 16:03:34]  FTP Connect Fail
[Disconnect_FTP_Client 2012-05-25 16:03:34]  FTP Disconnect
[Read_Assign_Grade 2012-05-25 16:03:34]  C:\Users\liaxiaop\Desktop\D\Work\JPS\Ver0.9.26\Env\STANDARD_INFO\AssignGrade1.csv is not found.
[Read_Assign_Grade 2012-05-25 16:03:34]  C:\Users\liaxiaop\Desktop\D\Work\JPS\Ver0.9.26\Env\STANDARD_INFO\AssignGrade2.csv is not found.
[Read_Assign_Grade 2012-05-25 16:03:34]  C:\Users\liaxiaop\Desktop\D\Work\JPS\Ver0.9.26\Env\STANDARD_INFO\AssignGrade3.csv is not found.
[Read_Assign_Grade 2012-05-25 16:03:34]  C:\Users\liaxiaop\Desktop\D\Work\JPS\Ver0.9.26\Env\STANDARD_INFO\AssignGrade4.csv is not found.
[Read_Assign_Grade 2012-05-25 16:03:34]  C:\Users\liaxiaop\Desktop\D\Work\JPS\Ver0.9.26\Env\STANDARD_INFO\AssignGrade5.csv is not found.
[Read_PreJudgeGradeChange1 2012-05-25 16:03:34]  C:\Users\liaxiaop\Desktop\D\Work\JPS\Ver0.9.26\Env\STANDARD_INFO\PreJudgeGradeChange1.csv is not found.
[Read_PreJudgeGradeChange2 2012-05-25 16:03:34]  C:\Users\liaxiaop\Desktop\D\Work\JPS\Ver0.9.26\Env\STANDARD_INFO\PreJudgeGradeChange2.csv is not found.
[Read_PreJudgeGradeChange3 2012-05-25 16:03:34]  C:\Users\liaxiaop\Desktop\D\Work\JPS\Ver0.9.26\Env\STANDARD_INFO\PreJudgeGradeChange3.csv is not found.
[Read_PostJudgeOtherRule1 2012-05-25 16:03:34]  C:\Users\liaxiaop\Desktop\D\Work\JPS\Ver0.9.26\Env\STANDARD_INFO\PostJudgeOtherRule1.csv is not found.
[Read_PostJudgeOtherRule2 2012-05-25 16:03:34]  C:\Users\liaxiaop\Desktop\D\Work\JPS\Ver0.9.26\Env\STANDARD_INFO\PostJudgeOtherRule2.csv is not found.
[Read_PostJudgeOtherRule3 2012-05-25 16:03:34]  C:\Users\liaxiaop\Desktop\D\Work\JPS\Ver0.9.26\Env\STANDARD_INFO\PostJudgeOtherRule3.csv is not found.
[Read_PostJudgeGradeChange1 2012-05-25 16:03:34]  C:\Users\liaxiaop\Desktop\D\Work\JPS\Ver0.9.26\Env\STANDARD_INFO\PostJudgeGradeChange1.csv is not found.
[Read_PostJudgeGradeChange2 2012-05-25 16:03:34]  C:\Users\liaxiaop\Desktop\D\Work\JPS\Ver0.9.26\Env\STANDARD_INFO\PostJudgeGradeChange2.csv is not found.
[Read_CheckPanelIDChangeGrade 2012-05-25 16:03:34]  C:\Users\liaxiaop\Desktop\D\Work\JPS\Ver0.9.26\Env\STANDARD_INFO\CheckPanelIDChangeGrade1.csv is not found.
[Read_CheckPanelIDChangeGrade 2012-05-25 16:03:34]  C:\Users\liaxiaop\Desktop\D\Work\JPS\Ver0.9.26\Env\STANDARD_INFO\CheckPanelIDChangeGrade2.csv is not found.
[Read_CheckPanelIDChangeGrade 2012-05-25 16:03:34]  C:\Users\liaxiaop\Desktop\D\Work\JPS\Ver0.9.26\Env\STANDARD_INFO\CheckPanelIDChangeGrade3.csv is not found.
[Read_CheckPanelIDChangeGrade 2012-05-25 16:03:34]  C:\Users\liaxiaop\Desktop\D\Work\JPS\Ver0.9.26\Env\STANDARD_INFO\CheckPanelIDChangeGrade4.csv is not found.
[Read_CheckPanelIDChangeGrade 2012-05-25 16:03:34]  C:\Users\liaxiaop\Desktop\D\Work\JPS\Ver0.9.26\Env\STANDARD_INFO\CheckPanelIDChangeGrade5.csv is not found.
[Read_ChangeGrade 2012-05-25 16:03:34]  C:\Users\liaxiaop\Desktop\D\Work\JPS\Ver0.9.26\Env\STANDARD_INFO\ChangeGrade.csv is not found.
[Read_ChangeGradeByDefectCode 2012-05-25 16:03:34]  C:\Users\liaxiaop\Desktop\D\Work\JPS\Ver0.9.26\Env\STANDARD_INFO\ChangeGradeByDefectCode.csv is not found.
[Read_RepairPointTimes 2012-05-25 16:03:34]  C:\Users\liaxiaop\Desktop\D\Work\JPS\Ver0.9.26\Env\STANDARD_INFO\RepairPointTimes.csv is not found.
[Read_FlagChangeGrade 2012-05-25 16:03:34]  C:\Users\liaxiaop\Desktop\D\Work\JPS\Ver0.9.26\Env\STANDARD_INFO\FlagChangeGrade.csv is not found.
[Read_SKChange 2012-05-25 16:03:34]  C:\Users\liaxiaop\Desktop\D\Work\JPS\Ver0.9.26\Env\STANDARD_INFO\SKchange.csv is not found.
[Decode_Auto_Alarm 2012-05-25 16:03:34]  C:\Users\liaxiaop\Desktop\D\Work\JPS\Ver0.9.26\Env\Standard_Info\Auto alarm.csv does not exist.
[tmrCommand_Timer 2012-05-25 16:03:38]  Command Queue Message : @RONT20110601103432SB22V513222222ONCATST161LUCASCAS00,
[Open_Session 2012-05-25 16:03:38]  FTP Port Open
[Connect_FTP_Client 2012-05-25 16:03:38]  FTP Connect Fail
[Defect_File_Upload 2012-05-25 16:03:38]  Version_CAJPS161.dat upload fail. Remote path : \EQ_Config\JPS\Version
[Disconnect_FTP_Client 2012-05-25 16:03:38]  FTP Disconnect
[tmrCommand_Timer 2012-05-25 16:03:44]  Command Queue Message : @RBBCTA1A0140AK02EEE198CAB204  CA31502AAA00Prod460001                                                                                                                                                                        13156  TA1A0140AK02                                                B31501221801                                 CA31501AAA05RESD      0740072000056Y  MKTA220067AV05    11223344112345672637                       194TA220067AV05PCA31501AAA05  4650P3150-07T001                            MODULE    FA1CF985CDTA220067N00TA220067AV                                                                B31501221801      TA220067AV05TA220067AV05,
[Main 2012-05-25 16:05:45]  JPS program start.
[Open_Session 2012-05-25 16:05:47]  FTP Port Open
[Connect_FTP_Client 2012-05-25 16:05:47]  FTP Connect Fail
[Get_File_From_Host 2012-05-25 16:05:47]  Path.csv download fail.
[Disconnect_FTP_Client 2012-05-25 16:05:47]  FTP Disconnect
[Open_Session 2012-05-25 16:05:47]  FTP Port Open
[Connect_FTP_Client 2012-05-25 16:05:47]  FTP Connect Fail
[Get_File_From_Host 2012-05-25 16:05:47]  User.csv download fail.
[Disconnect_FTP_Client 2012-05-25 16:05:47]  FTP Disconnect
[Open_Session 2012-05-25 16:05:47]  FTP Port Open
[Connect_FTP_Client 2012-05-25 16:05:47]  FTP Connect Fail
[Disconnect_FTP_Client 2012-05-25 16:05:47]  FTP Disconnect
[Read_Assign_Grade 2012-05-25 16:05:47]  C:\Users\liaxiaop\Desktop\D\Work\JPS\Ver0.9.26\Env\STANDARD_INFO\AssignGrade1.csv is not found.
[Read_Assign_Grade 2012-05-25 16:05:47]  C:\Users\liaxiaop\Desktop\D\Work\JPS\Ver0.9.26\Env\STANDARD_INFO\AssignGrade2.csv is not found.
[Read_Assign_Grade 2012-05-25 16:05:47]  C:\Users\liaxiaop\Desktop\D\Work\JPS\Ver0.9.26\Env\STANDARD_INFO\AssignGrade3.csv is not found.
[Read_Assign_Grade 2012-05-25 16:05:47]  C:\Users\liaxiaop\Desktop\D\Work\JPS\Ver0.9.26\Env\STANDARD_INFO\AssignGrade4.csv is not found.
[Read_Assign_Grade 2012-05-25 16:05:47]  C:\Users\liaxiaop\Desktop\D\Work\JPS\Ver0.9.26\Env\STANDARD_INFO\AssignGrade5.csv is not found.
[Read_PreJudgeGradeChange1 2012-05-25 16:05:47]  C:\Users\liaxiaop\Desktop\D\Work\JPS\Ver0.9.26\Env\STANDARD_INFO\PreJudgeGradeChange1.csv is not found.
[Read_PreJudgeGradeChange2 2012-05-25 16:05:47]  C:\Users\liaxiaop\Desktop\D\Work\JPS\Ver0.9.26\Env\STANDARD_INFO\PreJudgeGradeChange2.csv is not found.
[Read_PreJudgeGradeChange3 2012-05-25 16:05:47]  C:\Users\liaxiaop\Desktop\D\Work\JPS\Ver0.9.26\Env\STANDARD_INFO\PreJudgeGradeChange3.csv is not found.
[Read_PostJudgeOtherRule1 2012-05-25 16:05:47]  C:\Users\liaxiaop\Desktop\D\Work\JPS\Ver0.9.26\Env\STANDARD_INFO\PostJudgeOtherRule1.csv is not found.
[Read_PostJudgeOtherRule2 2012-05-25 16:05:47]  C:\Users\liaxiaop\Desktop\D\Work\JPS\Ver0.9.26\Env\STANDARD_INFO\PostJudgeOtherRule2.csv is not found.
[Read_PostJudgeOtherRule3 2012-05-25 16:05:47]  C:\Users\liaxiaop\Desktop\D\Work\JPS\Ver0.9.26\Env\STANDARD_INFO\PostJudgeOtherRule3.csv is not found.
[Read_PostJudgeGradeChange1 2012-05-25 16:05:47]  C:\Users\liaxiaop\Desktop\D\Work\JPS\Ver0.9.26\Env\STANDARD_INFO\PostJudgeGradeChange1.csv is not found.
[Read_PostJudgeGradeChange2 2012-05-25 16:05:47]  C:\Users\liaxiaop\Desktop\D\Work\JPS\Ver0.9.26\Env\STANDARD_INFO\PostJudgeGradeChange2.csv is not found.
[Read_CheckPanelIDChangeGrade 2012-05-25 16:05:47]  C:\Users\liaxiaop\Desktop\D\Work\JPS\Ver0.9.26\Env\STANDARD_INFO\CheckPanelIDChangeGrade1.csv is not found.
[Read_CheckPanelIDChangeGrade 2012-05-25 16:05:47]  C:\Users\liaxiaop\Desktop\D\Work\JPS\Ver0.9.26\Env\STANDARD_INFO\CheckPanelIDChangeGrade2.csv is not found.
[Read_CheckPanelIDChangeGrade 2012-05-25 16:05:47]  C:\Users\liaxiaop\Desktop\D\Work\JPS\Ver0.9.26\Env\STANDARD_INFO\CheckPanelIDChangeGrade3.csv is not found.
[Read_CheckPanelIDChangeGrade 2012-05-25 16:05:47]  C:\Users\liaxiaop\Desktop\D\Work\JPS\Ver0.9.26\Env\STANDARD_INFO\CheckPanelIDChangeGrade4.csv is not found.
[Read_CheckPanelIDChangeGrade 2012-05-25 16:05:47]  C:\Users\liaxiaop\Desktop\D\Work\JPS\Ver0.9.26\Env\STANDARD_INFO\CheckPanelIDChangeGrade5.csv is not found.
[Read_ChangeGrade 2012-05-25 16:05:47]  C:\Users\liaxiaop\Desktop\D\Work\JPS\Ver0.9.26\Env\STANDARD_INFO\ChangeGrade.csv is not found.
[Read_ChangeGradeByDefectCode 2012-05-25 16:05:47]  C:\Users\liaxiaop\Desktop\D\Work\JPS\Ver0.9.26\Env\STANDARD_INFO\ChangeGradeByDefectCode.csv is not found.
[Read_RepairPointTimes 2012-05-25 16:05:47]  C:\Users\liaxiaop\Desktop\D\Work\JPS\Ver0.9.26\Env\STANDARD_INFO\RepairPointTimes.csv is not found.
[Read_FlagChangeGrade 2012-05-25 16:05:47]  C:\Users\liaxiaop\Desktop\D\Work\JPS\Ver0.9.26\Env\STANDARD_INFO\FlagChangeGrade.csv is not found.
[Read_SKChange 2012-05-25 16:05:47]  C:\Users\liaxiaop\Desktop\D\Work\JPS\Ver0.9.26\Env\STANDARD_INFO\SKchange.csv is not found.
[Decode_Auto_Alarm 2012-05-25 16:05:47]  C:\Users\liaxiaop\Desktop\D\Work\JPS\Ver0.9.26\Env\Standard_Info\Auto alarm.csv does not exist.
[tmrCommand_Timer 2012-05-25 16:05:52]  Command Queue Message : @RONT20110601103432SB22V513222222ONCATST161LUCASCAS00,
[Open_Session 2012-05-25 16:05:52]  FTP Port Open
[Connect_FTP_Client 2012-05-25 16:05:52]  FTP Connect Fail
[Defect_File_Upload 2012-05-25 16:05:52]  Version_CAJPS161.dat upload fail. Remote path : \EQ_Config\JPS\Version
[Disconnect_FTP_Client 2012-05-25 16:05:52]  FTP Disconnect
[tmrCommand_Timer 2012-05-25 16:05:59]  Command Queue Message : @RBBCTA1A0140AK02EEE198CAB204  CA31502AAA00Prod460001                                                                                                                                                                        13156  TA1A0140AK02                                                B31501221801                                 CA31501AAA05RESD      0740072000056Y  MKTA220067AV05    11223344112345672637                       194TA220067AV05PCA31501AAA05  4650P3150-07T001                            MODULE    FA1CF985CDTA220067N00TA220067AV                                                                B31501221801      TA220067AV05TA220067AV05,
[Open_Session 2012-05-25 16:07:01]  FTP Port Open
[Connect_FTP_Client 2012-05-25 16:07:02]  FTP Connect Fail
[Get_File_From_Host 2012-05-25 16:07:02]  TA1A0140AK02.csv download fail.
[Disconnect_FTP_Client 2012-05-25 16:07:02]  FTP Disconnect
[Open_Session 2012-05-25 16:07:02]  FTP Port Open
[Connect_FTP_Client 2012-05-25 16:07:02]  FTP Connect Fail
[Get_File_From_Host 2012-05-25 16:07:02]  P315024600.csv download fail.
[Disconnect_FTP_Client 2012-05-25 16:07:02]  FTP Disconnect
[Open_Session 2012-05-25 16:07:02]  FTP Port Open
[Connect_FTP_Client 2012-05-25 16:07:02]  FTP Connect Fail
[Get_File_From_Host 2012-05-25 16:07:02]  TA1A0140AK02.csv download fail.
[Disconnect_FTP_Client 2012-05-25 16:07:02]  FTP Disconnect
[Open_Session 2012-05-25 16:07:02]  FTP Port Open
[Connect_FTP_Client 2012-05-25 16:07:02]  FTP Connect Fail
[Remote_Change_Directory 2012-05-25 16:07:02]  strPathFromRoot : CATST\CA31501AAA00\TA1A0\TA1A0140\TA1A0140AK02\BACKUP\
[Get_Current_Directory 2012-05-25 16:07:02]  FtpGetCurrentDirectory funciton execute failed.
[FTP_Get_FileList 2012-05-25 16:07:02]  FTP Connectin fail.
[Disconnect_FTP_Client 2012-05-25 16:07:02]  FTP Disconnect
[Decode_CATST_Before_Block_Contact 2012-05-25 16:07:02]  TA1A0140AK02 data base create success.
[Open_Session 2012-05-25 16:07:02]  FTP Port Open
[Connect_FTP_Client 2012-05-25 16:07:02]  FTP Connect Fail
[Get_File_From_Host 2012-05-25 16:07:02]  PFCD.PID download fail.
[Disconnect_FTP_Client 2012-05-25 16:07:02]  FTP Disconnect
[Open_Session 2012-05-25 16:07:02]  FTP Port Open
[Connect_FTP_Client 2012-05-25 16:07:02]  FTP Connect Fail
[Get_File_From_Host 2012-05-25 16:07:02]  31502_address.csv download fail.
[Disconnect_FTP_Client 2012-05-25 16:07:02]  FTP Disconnect
[tmrCommand_Timer 2012-05-25 16:07:27]  Command Queue Message : @RABCTA1A0140AK02EEE198CAB204  CA31502AAA00Prod460001                                                                                                                                                                        13156  TA1A0140AK02                                                B31501221801                                 CA31501AAA05RESD      0740072000056Y  MKTA220067AV05    11223344112345672637                       194TA220067AV05PCA31501AAA05  4650P3150-07T001                            MODULE    FA1CF985CDTA220067N00TA220067AV                                                                B31501221801      TA220067AV05TA220067AV05,
[Open_Session 2012-05-25 16:07:33]  FTP Port Open
[Connect_FTP_Client 2012-05-25 16:07:33]  FTP Connect Fail
[Get_File_From_Host 2012-05-25 16:07:33]  P315024600.ran download fail.
[Disconnect_FTP_Client 2012-05-25 16:07:33]  FTP Disconnect
[Read_Rank_Data 2012-05-25 16:07:33]  C:\Users\liaxiaop\Desktop\D\Work\JPS\Ver0.9.26\DB\P315024600.mdb create.
[Open_Session 2012-05-25 16:07:33]  FTP Port Open
[Connect_FTP_Client 2012-05-25 16:07:33]  FTP Connect Fail
[Get_File_From_Host 2012-05-25 16:07:33]  P315024600.ran download fail.
[Disconnect_FTP_Client 2012-05-25 16:07:33]  FTP Disconnect
[Decode_CATST_After_Block_Contact 2012-05-25 16:07:33]  Manual Judge window load.
[Main 2012-05-25 16:09:22]  JPS program start.
[Open_Session 2012-05-25 16:09:24]  FTP Port Open
[Connect_FTP_Client 2012-05-25 16:09:24]  FTP Connect Fail
[Get_File_From_Host 2012-05-25 16:09:24]  Path.csv download fail.
[Disconnect_FTP_Client 2012-05-25 16:09:24]  FTP Disconnect
[Open_Session 2012-05-25 16:09:24]  FTP Port Open
[Connect_FTP_Client 2012-05-25 16:09:24]  FTP Connect Fail
[Get_File_From_Host 2012-05-25 16:09:24]  User.csv download fail.
[Disconnect_FTP_Client 2012-05-25 16:09:24]  FTP Disconnect
[Open_Session 2012-05-25 16:09:24]  FTP Port Open
[Connect_FTP_Client 2012-05-25 16:09:24]  FTP Connect Fail
[Disconnect_FTP_Client 2012-05-25 16:09:24]  FTP Disconnect
[tmrCommand_Timer 2012-05-25 16:09:28]  Command Queue Message : @RONT20110601103432SB22V513222222ONCATST161LUCASCAS00,
[Open_Session 2012-05-25 16:09:28]  FTP Port Open
[Connect_FTP_Client 2012-05-25 16:09:29]  FTP Connect Fail
[Defect_File_Upload 2012-05-25 16:09:29]  Version_CAJPS161.dat upload fail. Remote path : \EQ_Config\JPS\Version
[Disconnect_FTP_Client 2012-05-25 16:09:29]  FTP Disconnect
[tmrCommand_Timer 2012-05-25 16:09:36]  Command Queue Message : @RBBCTA1A0140AK02EEE198CAB204  CA31502AAA00Prod460001                                                                                                                                                                        13156  TA1A0140AK02                                                B31501221801                                 CA31501AAA05RESD      0740072000056Y  MKTA220067AV05    11223344112345672637                       194TA220067AV05PCA31501AAA05  4650P3150-07T001                            MODULE    FA1CF985CDTA220067N00TA220067AV                                                                B31501221801      TA220067AV05TA220067AV05,
[Main 2012-05-25 16:22:11]  JPS program start.
[Open_Session 2012-05-25 16:22:12]  FTP Port Open
[Connect_FTP_Client 2012-05-25 16:22:12]  FTP Connect Fail
[Get_File_From_Host 2012-05-25 16:22:12]  Path.csv download fail.
[Disconnect_FTP_Client 2012-05-25 16:22:12]  FTP Disconnect
[Open_Session 2012-05-25 16:22:12]  FTP Port Open
[Connect_FTP_Client 2012-05-25 16:22:12]  FTP Connect Fail
[Get_File_From_Host 2012-05-25 16:22:12]  User.csv download fail.
[Disconnect_FTP_Client 2012-05-25 16:22:12]  FTP Disconnect
[Open_Session 2012-05-25 16:22:12]  FTP Port Open
[Connect_FTP_Client 2012-05-25 16:22:12]  FTP Connect Fail
[Disconnect_FTP_Client 2012-05-25 16:22:12]  FTP Disconnect
[tmrCommand_Timer 2012-05-25 16:22:17]  Command Queue Message : @RONT20110601103432SB22V513222222ONCATST161LUCASCAS00,
[Open_Session 2012-05-25 16:22:17]  FTP Port Open
[Connect_FTP_Client 2012-05-25 16:22:17]  FTP Connect Fail
[Defect_File_Upload 2012-05-25 16:22:17]  Version_CAJPS161.dat upload fail. Remote path : \EQ_Config\JPS\Version
[Disconnect_FTP_Client 2012-05-25 16:22:17]  FTP Disconnect
[tmrCommand_Timer 2012-05-25 16:22:22]  Command Queue Message : @RBBCTA1A0140AK02EEE198CAB204  CA31502AAA00Prod460001                                                                                                                                                                        13156  TA1A0140AK02                                                B31501221801                                 CA31501AAA05RESD      0740072000056Y  MKTA220067AV05    11223344112345672637                       194TA220067AV05PCA31501AAA05  4650P3150-07T001                            MODULE    FA1CF985CDTA220067N00TA220067AV                                                                B31501221801      TA220067AV05TA220067AV05,
[Main 2012-05-25 16:25:22]  JPS program start.
[Open_Session 2012-05-25 16:25:23]  FTP Port Open
[Connect_FTP_Client 2012-05-25 16:25:23]  FTP Connect Fail
[Get_File_From_Host 2012-05-25 16:25:23]  Path.csv download fail.
[Disconnect_FTP_Client 2012-05-25 16:25:23]  FTP Disconnect
[Open_Session 2012-05-25 16:25:23]  FTP Port Open
[Connect_FTP_Client 2012-05-25 16:25:23]  FTP Connect Fail
[Get_File_From_Host 2012-05-25 16:25:23]  User.csv download fail.
[Disconnect_FTP_Client 2012-05-25 16:25:23]  FTP Disconnect
[Open_Session 2012-05-25 16:25:23]  FTP Port Open
[Connect_FTP_Client 2012-05-25 16:25:23]  FTP Connect Fail
[Disconnect_FTP_Client 2012-05-25 16:25:23]  FTP Disconnect
[tmrCommand_Timer 2012-05-25 16:25:30]  Command Queue Message : @RONT20110601103432SB22V513222222ONCATST161LUCASCAS00,
[Open_Session 2012-05-25 16:25:30]  FTP Port Open
[Connect_FTP_Client 2012-05-25 16:25:30]  FTP Connect Fail
[Defect_File_Upload 2012-05-25 16:25:30]  Version_CAJPS161.dat upload fail. Remote path : \EQ_Config\JPS\Version
[Disconnect_FTP_Client 2012-05-25 16:25:30]  FTP Disconnect
[tmrCommand_Timer 2012-05-25 16:25:35]  Command Queue Message : @RBBCTA1A0140AK02EEE198CAB204  CA31502AAA00Prod460001                                                                                                                                                                        13156  TA1A0140AK02                                                B31501221801                                 CA31501AAA05RESD      0740072000056Y  MKTA220067AV05    11223344112345672637                       194TA220067AV05PCA31501AAA05  4650P3150-07T001                            MODULE    FA1CF985CDTA220067N00TA220067AV                                                                B31501221801      TA220067AV05TA220067AV05,
[Open_Session 2012-05-25 16:25:49]  FTP Port Open
[Connect_FTP_Client 2012-05-25 16:25:49]  FTP Connect Fail
[Get_File_From_Host 2012-05-25 16:25:49]  TA1A0140AK02.csv download fail.
[Disconnect_FTP_Client 2012-05-25 16:25:49]  FTP Disconnect
[Open_Session 2012-05-25 16:25:49]  FTP Port Open
[Connect_FTP_Client 2012-05-25 16:25:49]  FTP Connect Fail
[Get_File_From_Host 2012-05-25 16:25:49]  P315024600.csv download fail.
[Disconnect_FTP_Client 2012-05-25 16:25:49]  FTP Disconnect
[Open_Session 2012-05-25 16:25:49]  FTP Port Open
[Connect_FTP_Client 2012-05-25 16:25:49]  FTP Connect Fail
[Get_File_From_Host 2012-05-25 16:25:49]  TA1A0140AK02.csv download fail.
[Disconnect_FTP_Client 2012-05-25 16:25:49]  FTP Disconnect
[Open_Session 2012-05-25 16:25:49]  FTP Port Open
[Connect_FTP_Client 2012-05-25 16:25:49]  FTP Connect Fail
[Remote_Change_Directory 2012-05-25 16:25:49]  strPathFromRoot : CATST\CA31501AAA00\TA1A0\TA1A0140\TA1A0140AK02\BACKUP\
[Get_Current_Directory 2012-05-25 16:25:49]  FtpGetCurrentDirectory funciton execute failed.
[FTP_Get_FileList 2012-05-25 16:25:49]  FTP Connectin fail.
[Disconnect_FTP_Client 2012-05-25 16:25:49]  FTP Disconnect
[Decode_CATST_Before_Block_Contact 2012-05-25 16:25:49]  TA1A0140AK02 data base create success.
[Open_Session 2012-05-25 16:25:49]  FTP Port Open
[Connect_FTP_Client 2012-05-25 16:25:49]  FTP Connect Fail
[Get_File_From_Host 2012-05-25 16:25:49]  PFCD.PID download fail.
[Disconnect_FTP_Client 2012-05-25 16:25:49]  FTP Disconnect
[Open_Session 2012-05-25 16:25:49]  FTP Port Open
[Connect_FTP_Client 2012-05-25 16:25:49]  FTP Connect Fail
[Get_File_From_Host 2012-05-25 16:25:49]  31502_address.csv download fail.
[Disconnect_FTP_Client 2012-05-25 16:25:49]  FTP Disconnect
[tmrCommand_Timer 2012-05-25 16:26:11]  Command Queue Message : @RABCTA1A0140AK02EEE198CAB204  CA31502AAA00Prod460001                                                                                                                                                                        13156  TA1A0140AK02                                                B31501221801                                 CA31501AAA05RESD      0740072000056Y  MKTA220067AV05    11223344112345672637                       194TA220067AV05PCA31501AAA05  4650P3150-07T001                            MODULE    FA1CF985CDTA220067N00TA220067AV                                                                B31501221801      TA220067AV05TA220067AV05,
[Open_Session 2012-05-25 16:26:18]  FTP Port Open
[Connect_FTP_Client 2012-05-25 16:26:18]  FTP Connect Fail
[Get_File_From_Host 2012-05-25 16:26:18]  P315024600.ran download fail.
[Disconnect_FTP_Client 2012-05-25 16:26:18]  FTP Disconnect
[Read_Rank_Data 2012-05-25 16:26:18]  C:\Users\liaxiaop\Desktop\D\Work\JPS\Ver0.9.26\DB\P315024600.mdb create.
[Open_Session 2012-05-25 16:26:18]  FTP Port Open
[Connect_FTP_Client 2012-05-25 16:26:18]  FTP Connect Fail
[Get_File_From_Host 2012-05-25 16:26:18]  P315024600.ran download fail.
[Disconnect_FTP_Client 2012-05-25 16:26:18]  FTP Disconnect
[Decode_CATST_After_Block_Contact 2012-05-25 16:26:22]  Manual Judge window load.
[cmdGrade_Click 2012-05-25 16:26:45]  CPFBT's RANK : H, GRADE : CT
[cmdGrade_Click 2012-05-25 16:26:45]  CDBDT's RANK : , GRADE : , Bright Distance : 0
[cmdGrade_Click 2012-05-25 16:26:45]  CDDKD's RANK : , GRADE : , Bright Distance : 0
[cmdGrade_Click 2012-05-25 16:26:45]  CDBDD's RANK : , GRADE : , Bright Distance : 0
[cmdGrade_Click 2012-05-25 16:26:45]  CDBTT's RANK : , GRADE : , Bright Total : 0
[cmdGrade_Click 2012-05-25 16:26:45]  CDDKT's RANK : , GRADE : , Dark Total : 0
[cmdGrade_Click 2012-05-25 16:26:45]  CDBDT's RANK : , GRADE : , Point Total : 0
[Get_Panel_Grade 2012-05-25 16:26:45]  New Grade : CT
[PreJudgeGradeChange1 2012-05-25 16:26:45]  New Grade : CT
[PreJudgeGradeChange2 2012-05-25 16:26:45]  New Grade : CT
[PreJudgeGradeChange3 2012-05-25 16:26:45]  New Grade : CT
[PostJudgeOtherRule1 2012-05-25 16:26:45]  New Grade : CT
[PostJudgeOtherRule2 2012-05-25 16:26:45]  New Grade : CT
[PostJudgeOtherRule3 2012-05-25 16:26:45]  New Grade : CT
[PostJudgeGradeChange1 2012-05-25 16:26:45]  New Grade : CT
[PostJudgeGradeChange2 2012-05-25 16:26:45]  New Grade : CT
[CheckPanelIDChangeGrade1 2012-05-25 16:26:45]  Record does not exist.
[CheckPanelIDChangeGrade2 2012-05-25 16:26:45]  Record does not exist.
[CheckPanelIDChangeGrade3 2012-05-25 16:26:45]  Record does not exist.
[CheckPanelIDChangeGrade4 2012-05-25 16:26:45]  Record does not exist.
[CheckPanelIDChangeGrade5 2012-05-25 16:26:45]  Control value : D
[ChangeGrade 2012-05-25 16:26:45]  New Grade : CT
[ChangeGradeByDefectCode 2012-05-25 16:26:46]  New Grade : CT
[RepairPointTimes 2012-05-25 16:26:46]  New Grade : CT
[FlagChangeGrade 2012-05-25 16:26:46]  New Grade : CT
[SKChange 2012-05-25 16:26:46]  New Grade : CT
[frmJudge_Form_Unload 2012-05-25 16:26:46]  Manual Judge window unload.
[Main 2012-05-25 16:30:25]  JPS program start.
[Open_Session 2012-05-25 16:30:26]  FTP Port Open
[Connect_FTP_Client 2012-05-25 16:30:26]  FTP Connect Fail
[Get_File_From_Host 2012-05-25 16:30:26]  Path.csv download fail.
[Disconnect_FTP_Client 2012-05-25 16:30:26]  FTP Disconnect
[Main 2012-05-25 16:30:45]  JPS program start.
[Open_Session 2012-05-25 16:30:46]  FTP Port Open
[Connect_FTP_Client 2012-05-25 16:30:46]  FTP Connect Succeed
[Remote_Change_Directory 2012-05-25 16:30:46]  strPathFromRoot : \
[Get_Current_Directory 2012-05-25 16:30:46]  Current Directory : /c:/CELL
[Remote_Change_Directory 2012-05-25 16:30:46]  Directory change success. Current directory : /c:/CELL/
[Remote_Change_Directory 2012-05-25 16:30:46]  strPathFromRoot : EQ_Config\JPS\Readonly\Table\
[Get_Current_Directory 2012-05-25 16:30:46]  Current Directory : /c:/CELL
[Remote_Change_Directory 2012-05-25 16:30:46]  Directory change success. Current directory : /c:/CELL/EQ_Config/JPS/Readonly/Table/
[FTP_Get_FileList 2012-05-25 16:30:46]  Path.csv does not exist.
[Remote_Change_Directory 2012-05-25 16:30:46]  strPathFromRoot : EQ_Config\JPS\Readonly\Table\
[Get_Current_Directory 2012-05-25 16:30:46]  Current Directory : /c:/CELL
[Remote_Change_Directory 2012-05-25 16:30:46]  Directory change success. Current directory : /c:/CELL/EQ_Config/JPS/Readonly/Table/
[Get_File_From_Host 2012-05-25 16:30:46]  Path.csv download fail.
[Disconnect_FTP_Client 2012-05-25 16:30:46]  FTP Disconnect
[Open_Session 2012-05-25 16:30:46]  FTP Port Open
[Connect_FTP_Client 2012-05-25 16:30:46]  FTP Connect Succeed
[Remote_Change_Directory 2012-05-25 16:30:46]  strPathFromRoot : \
[Get_Current_Directory 2012-05-25 16:30:46]  Current Directory : /c:/CELL
[Remote_Change_Directory 2012-05-25 16:30:46]  Directory change success. Current directory : /c:/CELL/
[Remote_Change_Directory 2012-05-25 16:30:46]  strPathFromRoot : EQ_Config\JPS\Readonly\User\
[Get_Current_Directory 2012-05-25 16:30:46]  Current Directory : /c:/CELL
[Remote_Change_Directory 2012-05-25 16:30:46]  Directory change success. Current directory : /c:/CELL/EQ_Config/JPS/Readonly/User/
[Remote_Change_Directory 2012-05-25 16:30:46]  strPathFromRoot : EQ_Config\JPS\Readonly\User\
[Get_Current_Directory 2012-05-25 16:30:46]  Current Directory : /c:/CELL
[Remote_Change_Directory 2012-05-25 16:30:46]  Directory change success. Current directory : /c:/CELL/EQ_Config/JPS/Readonly/User/
[Get_File_From_Host 2012-05-25 16:30:47]  User.csv download success.
[Disconnect_FTP_Client 2012-05-25 16:30:47]  FTP Disconnect
[Open_Session 2012-05-25 16:30:47]  FTP Port Open
[Connect_FTP_Client 2012-05-25 16:30:47]  FTP Connect Succeed
[Remote_Change_Directory 2012-05-25 16:30:47]  strPathFromRoot : \
[Get_Current_Directory 2012-05-25 16:30:47]  Current Directory : /c:/CELL
[Remote_Change_Directory 2012-05-25 16:30:47]  Directory change success. Current directory : /c:/CELL/
[Remote_Change_Directory 2012-05-25 16:30:47]  strPathFromRoot : EQ_Config\JPS\Readonly\Table\
[Get_Current_Directory 2012-05-25 16:30:47]  Current Directory : /c:/CELL
[Remote_Change_Directory 2012-05-25 16:30:47]  Directory change success. Current directory : /c:/CELL/EQ_Config/JPS/Readonly/Table/
[FTP_Get_File_from_List 2012-05-25 16:30:47]  Control.csv download success.
[FTP_Get_File_from_List 2012-05-25 16:30:47]  checkTFTPanelID1.csv download success.
[FTP_Get_File_from_List 2012-05-25 16:30:47]  checkTFTPanelID2.csv download success.
[FTP_Get_File_from_List 2012-05-25 16:30:47]  checkTFTPanelID3.csv download success.
[FTP_Get_File_from_List 2012-05-25 16:30:47]  checkTFTPanelID4.csv download success.
[FTP_Get_File_from_List 2012-05-25 16:30:47]  checkTFTPanelID5.csv download success.
[FTP_Get_File_from_List 2012-05-25 16:30:47]  checkTFTPanelID6.csv download success.
[FTP_Get_File_from_List 2012-05-25 16:30:47]  checkTFTPanelID7.csv download success.
[FTP_Get_File_from_List 2012-05-25 16:30:47]  checkTFTPanelID8.csv download success.
[FTP_Get_File_from_List 2012-05-25 16:30:47]  checkTFTPanelID9.csv download success.
[FTP_Get_File_from_List 2012-05-25 16:30:47]  checkTFTPanelID10.csv download success.
[FTP_Get_File_from_List 2012-05-25 16:30:47]  checkCFPanelID1.csv download success.
[FTP_Get_File_from_List 2012-05-25 16:30:47]  checkCFPanelID2.csv download success.
[FTP_Get_File_from_List 2012-05-25 16:30:47]  checkCFPanelID3.csv download success.
[FTP_Get_File_from_List 2012-05-25 16:30:47]  checkCFPanelID4.csv download success.
[FTP_Get_File_from_List 2012-05-25 16:30:47]  checkCFPanelID5.csv download success.
[FTP_Get_File_from_List 2012-05-25 16:30:47]  checkCFPanelID6.csv download success.
[FTP_Get_File_from_List 2012-05-25 16:30:47]  checkCFPanelID7.csv download success.
[FTP_Get_File_from_List 2012-05-25 16:30:48]  PreJudgeGradeChange3.csv download success.
[FTP_Get_File_from_List 2012-05-25 16:30:48]  AssignGrade5.csv download success.
[FTP_Get_File_from_List 2012-05-25 16:30:48]  RepairPointTimes.csv download success.
[Main 2012-05-25 16:38:13]  JPS program start.
[Open_Session 2012-05-25 16:38:14]  FTP Port Open
[Connect_FTP_Client 2012-05-25 16:38:14]  FTP Connect Succeed
[Remote_Change_Directory 2012-05-25 16:38:14]  strPathFromRoot : \
[Get_Current_Directory 2012-05-25 16:38:14]  Current Directory : /c:/CELL
[Remote_Change_Directory 2012-05-25 16:38:14]  Directory change success. Current directory : /c:/CELL/
[Remote_Change_Directory 2012-05-25 16:38:14]  strPathFromRoot : EQ_Config\JPS\Readonly\Table\
[Get_Current_Directory 2012-05-25 16:38:14]  Current Directory : /c:/CELL
[Remote_Change_Directory 2012-05-25 16:38:14]  Directory change success. Current directory : /c:/CELL/EQ_Config/JPS/Readonly/Table/
[FTP_Get_FileList 2012-05-25 16:38:14]  Path.csv does not exist.
[Remote_Change_Directory 2012-05-25 16:38:14]  strPathFromRoot : EQ_Config\JPS\Readonly\Table\
[Get_Current_Directory 2012-05-25 16:38:14]  Current Directory : /c:/CELL
[Remote_Change_Directory 2012-05-25 16:38:14]  Directory change success. Current directory : /c:/CELL/EQ_Config/JPS/Readonly/Table/
[Get_File_From_Host 2012-05-25 16:38:14]  Path.csv download fail.
[Disconnect_FTP_Client 2012-05-25 16:38:14]  FTP Disconnect
[Open_Session 2012-05-25 16:38:14]  FTP Port Open
[Connect_FTP_Client 2012-05-25 16:38:14]  FTP Connect Succeed
[Remote_Change_Directory 2012-05-25 16:38:14]  strPathFromRoot : \
[Get_Current_Directory 2012-05-25 16:38:14]  Current Directory : /c:/CELL
[Remote_Change_Directory 2012-05-25 16:38:14]  Directory change success. Current directory : /c:/CELL/
[Remote_Change_Directory 2012-05-25 16:38:14]  strPathFromRoot : EQ_Config\JPS\Readonly\User\
[Get_Current_Directory 2012-05-25 16:38:14]  Current Directory : /c:/CELL
[Remote_Change_Directory 2012-05-25 16:38:14]  Directory change success. Current directory : /c:/CELL/EQ_Config/JPS/Readonly/User/
[Remote_Change_Directory 2012-05-25 16:38:14]  strPathFromRoot : EQ_Config\JPS\Readonly\User\
[Get_Current_Directory 2012-05-25 16:38:14]  Current Directory : /c:/CELL
[Remote_Change_Directory 2012-05-25 16:38:14]  Directory change success. Current directory : /c:/CELL/EQ_Config/JPS/Readonly/User/
[Get_File_From_Host 2012-05-25 16:38:14]  User.csv download success.
[Disconnect_FTP_Client 2012-05-25 16:38:14]  FTP Disconnect
[Open_Session 2012-05-25 16:38:14]  FTP Port Open
[Connect_FTP_Client 2012-05-25 16:38:14]  FTP Connect Succeed
[Remote_Change_Directory 2012-05-25 16:38:14]  strPathFromRoot : \
[Get_Current_Directory 2012-05-25 16:38:14]  Current Directory : /c:/CELL
[Remote_Change_Directory 2012-05-25 16:38:14]  Directory change success. Current directory : /c:/CELL/
[Remote_Change_Directory 2012-05-25 16:38:14]  strPathFromRoot : EQ_Config\JPS\Readonly\Table\
[Get_Current_Directory 2012-05-25 16:38:14]  Current Directory : /c:/CELL
[Remote_Change_Directory 2012-05-25 16:38:14]  Directory change success. Current directory : /c:/CELL/EQ_Config/JPS/Readonly/Table/
[FTP_Get_File_from_List 2012-05-25 16:38:14]  Control.csv download success.
[FTP_Get_File_from_List 2012-05-25 16:38:14]  checkTFTPanelID1.csv download success.
[FTP_Get_File_from_List 2012-05-25 16:38:14]  checkTFTPanelID2.csv download success.
[FTP_Get_File_from_List 2012-05-25 16:38:14]  checkTFTPanelID3.csv download success.
[FTP_Get_File_from_List 2012-05-25 16:38:14]  checkTFTPanelID4.csv download success.
[FTP_Get_File_from_List 2012-05-25 16:38:14]  checkTFTPanelID5.csv download success.
[FTP_Get_File_from_List 2012-05-25 16:38:14]  checkTFTPanelID6.csv download success.
[FTP_Get_File_from_List 2012-05-25 16:38:14]  checkTFTPanelID7.csv download success.
[FTP_Get_File_from_List 2012-05-25 16:38:14]  checkTFTPanelID8.csv download success.
[FTP_Get_File_from_List 2012-05-25 16:38:14]  checkTFTPanelID9.csv download success.
[FTP_Get_File_from_List 2012-05-25 16:38:14]  checkTFTPanelID10.csv download success.
[FTP_Get_File_from_List 2012-05-25 16:38:14]  checkCFPanelID1.csv download success.
[FTP_Get_File_from_List 2012-05-25 16:38:14]  checkCFPanelID2.csv download success.
[FTP_Get_File_from_List 2012-05-25 16:38:14]  checkCFPanelID3.csv download success.
[Main 2012-05-25 16:38:33] JPS program end.
[Main 2012-05-25 16:38:42]  JPS program start.
[Open_Session 2012-05-25 16:38:43]  FTP Port Open
[Connect_FTP_Client 2012-05-25 16:38:44]  FTP Connect Succeed
[Remote_Change_Directory 2012-05-25 16:38:44]  strPathFromRoot : \
[Get_Current_Directory 2012-05-25 16:38:44]  Current Directory : /c:/CELL
[Remote_Change_Directory 2012-05-25 16:38:44]  Directory change success. Current directory : /c:/CELL/
[Remote_Change_Directory 2012-05-25 16:38:44]  strPathFromRoot : EQ_Config\JPS\Readonly\Table\
[Get_Current_Directory 2012-05-25 16:38:44]  Current Directory : /c:/CELL
[Remote_Change_Directory 2012-05-25 16:38:44]  Directory change success. Current directory : /c:/CELL/EQ_Config/JPS/Readonly/Table/
[FTP_Get_FileList 2012-05-25 16:38:44]  Path.csv does not exist.
[Remote_Change_Directory 2012-05-25 16:38:44]  strPathFromRoot : EQ_Config\JPS\Readonly\Table\
[Get_Current_Directory 2012-05-25 16:38:44]  Current Directory : /c:/CELL
[Remote_Change_Directory 2012-05-25 16:38:44]  Directory change success. Current directory : /c:/CELL/EQ_Config/JPS/Readonly/Table/
[Get_File_From_Host 2012-05-25 16:38:44]  Path.csv download fail.
[Disconnect_FTP_Client 2012-05-25 16:38:44]  FTP Disconnect
[Open_Session 2012-05-25 16:38:44]  FTP Port Open
[Connect_FTP_Client 2012-05-25 16:38:44]  FTP Connect Succeed
[Remote_Change_Directory 2012-05-25 16:38:44]  strPathFromRoot : \
[Get_Current_Directory 2012-05-25 16:38:44]  Current Directory : /c:/CELL
[Remote_Change_Directory 2012-05-25 16:38:44]  Directory change success. Current directory : /c:/CELL/
[Remote_Change_Directory 2012-05-25 16:38:44]  strPathFromRoot : EQ_Config\JPS\Readonly\User\
[Get_Current_Directory 2012-05-25 16:38:44]  Current Directory : /c:/CELL
[Remote_Change_Directory 2012-05-25 16:38:44]  Directory change success. Current directory : /c:/CELL/EQ_Config/JPS/Readonly/User/
[Remote_Change_Directory 2012-05-25 16:38:44]  strPathFromRoot : EQ_Config\JPS\Readonly\User\
[Get_Current_Directory 2012-05-25 16:38:44]  Current Directory : /c:/CELL
[Remote_Change_Directory 2012-05-25 16:38:44]  Directory change success. Current directory : /c:/CELL/EQ_Config/JPS/Readonly/User/
[Get_File_From_Host 2012-05-25 16:38:44]  User.csv download success.
[Disconnect_FTP_Client 2012-05-25 16:38:44]  FTP Disconnect
[Open_Session 2012-05-25 16:38:44]  FTP Port Open
[Connect_FTP_Client 2012-05-25 16:38:44]  FTP Connect Succeed
[Remote_Change_Directory 2012-05-25 16:38:44]  strPathFromRoot : \
[Get_Current_Directory 2012-05-25 16:38:44]  Current Directory : /c:/CELL
[Remote_Change_Directory 2012-05-25 16:38:44]  Directory change success. Current directory : /c:/CELL/
[Remote_Change_Directory 2012-05-25 16:38:44]  strPathFromRoot : EQ_Config\JPS\Readonly\Table\
[Get_Current_Directory 2012-05-25 16:38:44]  Current Directory : /c:/CELL
[Remote_Change_Directory 2012-05-25 16:38:44]  Directory change success. Current directory : /c:/CELL/EQ_Config/JPS/Readonly/Table/
[FTP_Get_File_from_List 2012-05-25 16:38:44]  Control.csv download success.
[Main 2012-05-25 16:38:54] JPS program end.
[Main 2012-05-25 16:39:04]  JPS program start.
[Open_Session 2012-05-25 16:39:05]  FTP Port Open
[Connect_FTP_Client 2012-05-25 16:39:05]  FTP Connect Succeed
[Remote_Change_Directory 2012-05-25 16:39:05]  strPathFromRoot : \
[Get_Current_Directory 2012-05-25 16:39:05]  Current Directory : /c:/CELL
[Remote_Change_Directory 2012-05-25 16:39:05]  Directory change success. Current directory : /c:/CELL/
[Remote_Change_Directory 2012-05-25 16:39:05]  strPathFromRoot : EQ_Config\JPS\Readonly\Table\
[Get_Current_Directory 2012-05-25 16:39:05]  Current Directory : /c:/CELL
[Remote_Change_Directory 2012-05-25 16:39:05]  Directory change success. Current directory : /c:/CELL/EQ_Config/JPS/Readonly/Table/
[FTP_Get_FileList 2012-05-25 16:39:05]  Path.csv does not exist.
[Remote_Change_Directory 2012-05-25 16:39:05]  strPathFromRoot : EQ_Config\JPS\Readonly\Table\
[Get_Current_Directory 2012-05-25 16:39:05]  Current Directory : /c:/CELL
[Remote_Change_Directory 2012-05-25 16:39:05]  Directory change success. Current directory : /c:/CELL/EQ_Config/JPS/Readonly/Table/
[Get_File_From_Host 2012-05-25 16:39:05]  Path.csv download fail.
[Disconnect_FTP_Client 2012-05-25 16:39:05]  FTP Disconnect
[Open_Session 2012-05-25 16:39:05]  FTP Port Open
[Connect_FTP_Client 2012-05-25 16:39:05]  FTP Connect Succeed
[Remote_Change_Directory 2012-05-25 16:39:05]  strPathFromRoot : \
[Get_Current_Directory 2012-05-25 16:39:05]  Current Directory : /c:/CELL
[Remote_Change_Directory 2012-05-25 16:39:05]  Directory change success. Current directory : /c:/CELL/
[Remote_Change_Directory 2012-05-25 16:39:05]  strPathFromRoot : EQ_Config\JPS\Readonly\User\
[Get_Current_Directory 2012-05-25 16:39:05]  Current Directory : /c:/CELL
[Remote_Change_Directory 2012-05-25 16:39:05]  Directory change success. Current directory : /c:/CELL/EQ_Config/JPS/Readonly/User/
[Remote_Change_Directory 2012-05-25 16:39:05]  strPathFromRoot : EQ_Config\JPS\Readonly\User\
[Get_Current_Directory 2012-05-25 16:39:05]  Current Directory : /c:/CELL
[Remote_Change_Directory 2012-05-25 16:39:05]  Directory change success. Current directory : /c:/CELL/EQ_Config/JPS/Readonly/User/
[Get_File_From_Host 2012-05-25 16:39:05]  User.csv download success.
[Disconnect_FTP_Client 2012-05-25 16:39:05]  FTP Disconnect
[Open_Session 2012-05-25 16:39:05]  FTP Port Open
[Connect_FTP_Client 2012-05-25 16:39:05]  FTP Connect Succeed
[Remote_Change_Directory 2012-05-25 16:39:05]  strPathFromRoot : \
[Get_Current_Directory 2012-05-25 16:39:05]  Current Directory : /c:/CELL
[Remote_Change_Directory 2012-05-25 16:39:05]  Directory change success. Current directory : /c:/CELL/
[Remote_Change_Directory 2012-05-25 16:39:05]  strPathFromRoot : EQ_Config\JPS\Readonly\Table\
[Get_Current_Directory 2012-05-25 16:39:05]  Current Directory : /c:/CELL
[Remote_Change_Directory 2012-05-25 16:39:05]  Directory change success. Current directory : /c:/CELL/EQ_Config/JPS/Readonly/Table/
[FTP_Get_File_from_List 2012-05-25 16:39:05]  Control.csv download success.
[FTP_Get_File_from_List 2012-05-25 16:39:05]  checkTFTPanelID1.csv download success.
[FTP_Get_File_from_List 2012-05-25 16:39:05]  checkTFTPanelID2.csv download success.
[FTP_Get_File_from_List 2012-05-25 16:39:05]  checkTFTPanelID3.csv download success.
[FTP_Get_File_from_List 2012-05-25 16:39:05]  checkTFTPanelID4.csv download success.
[FTP_Get_File_from_List 2012-05-25 16:39:05]  checkTFTPanelID5.csv download success.
[FTP_Get_File_from_List 2012-05-25 16:39:05]  checkTFTPanelID6.csv download success.
[FTP_Get_File_from_List 2012-05-25 16:39:05]  checkTFTPanelID7.csv download success.
[FTP_Get_File_from_List 2012-05-25 16:39:05]  checkTFTPanelID8.csv download success.
[FTP_Get_File_from_List 2012-05-25 16:39:05]  checkTFTPanelID9.csv download success.
[FTP_Get_File_from_List 2012-05-25 16:39:05]  checkTFTPanelID10.csv download success.
[FTP_Get_File_from_List 2012-05-25 16:39:05]  checkCFPanelID1.csv download success.
[FTP_Get_File_from_List 2012-05-25 16:39:05]  checkCFPanelID2.csv download success.
[FTP_Get_File_from_List 2012-05-25 16:39:05]  checkCFPanelID3.csv download success.
[FTP_Get_File_from_List 2012-05-25 16:39:05]  PostJudgeOtherRule1.csv download success.
[Main 2012-05-25 16:39:35]  JPS program start.
[Open_Session 2012-05-25 16:39:36]  FTP Port Open
[Connect_FTP_Client 2012-05-25 16:39:36]  FTP Connect Succeed
[Remote_Change_Directory 2012-05-25 16:39:36]  strPathFromRoot : \
[Get_Current_Directory 2012-05-25 16:39:37]  Current Directory : /c:/CELL
[Remote_Change_Directory 2012-05-25 16:39:37]  Directory change success. Current directory : /c:/CELL/
[Remote_Change_Directory 2012-05-25 16:39:37]  strPathFromRoot : EQ_Config\JPS\Readonly\Table\
[Get_Current_Directory 2012-05-25 16:39:37]  Current Directory : /c:/CELL
[Remote_Change_Directory 2012-05-25 16:39:37]  Directory change success. Current directory : /c:/CELL/EQ_Config/JPS/Readonly/Table/
[FTP_Get_FileList 2012-05-25 16:39:37]  Path.csv does not exist.
[Remote_Change_Directory 2012-05-25 16:39:37]  strPathFromRoot : EQ_Config\JPS\Readonly\Table\
[Get_Current_Directory 2012-05-25 16:39:37]  Current Directory : /c:/CELL
[Remote_Change_Directory 2012-05-25 16:39:37]  Directory change success. Current directory : /c:/CELL/EQ_Config/JPS/Readonly/Table/
[Get_File_From_Host 2012-05-25 16:39:37]  Path.csv download fail.
[Disconnect_FTP_Client 2012-05-25 16:39:37]  FTP Disconnect
[Open_Session 2012-05-25 16:39:37]  FTP Port Open
[Connect_FTP_Client 2012-05-25 16:39:37]  FTP Connect Succeed
[Remote_Change_Directory 2012-05-25 16:39:37]  strPathFromRoot : \
[Get_Current_Directory 2012-05-25 16:39:37]  Current Directory : /c:/CELL
[Remote_Change_Directory 2012-05-25 16:39:37]  Directory change success. Current directory : /c:/CELL/
[Remote_Change_Directory 2012-05-25 16:39:37]  strPathFromRoot : EQ_Config\JPS\Readonly\User\
[Get_Current_Directory 2012-05-25 16:39:37]  Current Directory : /c:/CELL
[Remote_Change_Directory 2012-05-25 16:39:37]  Directory change success. Current directory : /c:/CELL/EQ_Config/JPS/Readonly/User/
[Remote_Change_Directory 2012-05-25 16:39:37]  strPathFromRoot : EQ_Config\JPS\Readonly\User\
[Get_Current_Directory 2012-05-25 16:39:37]  Current Directory : /c:/CELL
[Remote_Change_Directory 2012-05-25 16:39:37]  Directory change success. Current directory : /c:/CELL/EQ_Config/JPS/Readonly/User/
[Get_File_From_Host 2012-05-25 16:39:37]  User.csv download success.
[Disconnect_FTP_Client 2012-05-25 16:39:37]  FTP Disconnect
[Open_Session 2012-05-25 16:39:37]  FTP Port Open
[Connect_FTP_Client 2012-05-25 16:39:37]  FTP Connect Succeed
[Remote_Change_Directory 2012-05-25 16:39:37]  strPathFromRoot : \
[Get_Current_Directory 2012-05-25 16:39:37]  Current Directory : /c:/CELL
[Remote_Change_Directory 2012-05-25 16:39:37]  Directory change success. Current directory : /c:/CELL/
[Remote_Change_Directory 2012-05-25 16:39:37]  strPathFromRoot : EQ_Config\JPS\Readonly\Table\
[Get_Current_Directory 2012-05-25 16:39:37]  Current Directory : /c:/CELL
[Remote_Change_Directory 2012-05-25 16:39:37]  Directory change success. Current directory : /c:/CELL/EQ_Config/JPS/Readonly/Table/
[FTP_Get_File_from_List 2012-05-25 16:39:37]  Control.csv download success.
[FTP_Get_File_from_List 2012-05-25 16:39:37]  checkTFTPanelID1.csv download success.
[FTP_Get_File_from_List 2012-05-25 16:39:37]  checkTFTPanelID2.csv download success.
[FTP_Get_File_from_List 2012-05-25 16:39:37]  checkTFTPanelID3.csv download success.
[FTP_Get_File_from_List 2012-05-25 16:39:37]  checkTFTPanelID4.csv download success.
[FTP_Get_File_from_List 2012-05-25 16:39:37]  checkTFTPanelID5.csv download success.
[FTP_Get_File_from_List 2012-05-25 16:39:37]  checkTFTPanelID6.csv download success.
[FTP_Get_File_from_List 2012-05-25 16:39:37]  checkTFTPanelID7.csv download success.
[FTP_Get_File_from_List 2012-05-25 16:39:37]  checkTFTPanelID8.csv download success.
[FTP_Get_File_from_List 2012-05-25 16:39:37]  checkTFTPanelID9.csv download success.
[FTP_Get_File_from_List 2012-05-25 16:39:37]  checkTFTPanelID10.csv download success.
[FTP_Get_File_from_List 2012-05-25 16:39:37]  checkCFPanelID1.csv download success.
[Main 2012-05-25 16:39:55]  JPS program start.
[Open_Session 2012-05-25 16:39:57]  FTP Port Open
[Connect_FTP_Client 2012-05-25 16:39:57]  FTP Connect Succeed
[Remote_Change_Directory 2012-05-25 16:39:57]  strPathFromRoot : \
[Get_Current_Directory 2012-05-25 16:39:57]  Current Directory : /c:/CELL
[Remote_Change_Directory 2012-05-25 16:39:57]  Directory change success. Current directory : /c:/CELL/
[Remote_Change_Directory 2012-05-25 16:39:57]  strPathFromRoot : EQ_Config\JPS\Readonly\Table\
[Get_Current_Directory 2012-05-25 16:39:57]  Current Directory : /c:/CELL
[Remote_Change_Directory 2012-05-25 16:39:57]  Directory change success. Current directory : /c:/CELL/EQ_Config/JPS/Readonly/Table/
[FTP_Get_FileList 2012-05-25 16:39:57]  Path.csv does not exist.
[Remote_Change_Directory 2012-05-25 16:39:57]  strPathFromRoot : EQ_Config\JPS\Readonly\Table\
[Get_Current_Directory 2012-05-25 16:39:57]  Current Directory : /c:/CELL
[Remote_Change_Directory 2012-05-25 16:39:57]  Directory change success. Current directory : /c:/CELL/EQ_Config/JPS/Readonly/Table/
[Get_File_From_Host 2012-05-25 16:39:57]  Path.csv download fail.
[Disconnect_FTP_Client 2012-05-25 16:39:57]  FTP Disconnect
[Open_Session 2012-05-25 16:39:57]  FTP Port Open
[Connect_FTP_Client 2012-05-25 16:39:57]  FTP Connect Succeed
[Remote_Change_Directory 2012-05-25 16:39:57]  strPathFromRoot : \
[Get_Current_Directory 2012-05-25 16:39:57]  Current Directory : /c:/CELL
[Remote_Change_Directory 2012-05-25 16:39:57]  Directory change success. Current directory : /c:/CELL/
[Remote_Change_Directory 2012-05-25 16:39:57]  strPathFromRoot : EQ_Config\JPS\Readonly\User\
[Get_Current_Directory 2012-05-25 16:39:57]  Current Directory : /c:/CELL
[Remote_Change_Directory 2012-05-25 16:39:57]  Directory change success. Current directory : /c:/CELL/EQ_Config/JPS/Readonly/User/
[Remote_Change_Directory 2012-05-25 16:39:57]  strPathFromRoot : EQ_Config\JPS\Readonly\User\
[Get_Current_Directory 2012-05-25 16:39:57]  Current Directory : /c:/CELL
[Remote_Change_Directory 2012-05-25 16:39:57]  Directory change success. Current directory : /c:/CELL/EQ_Config/JPS/Readonly/User/
[Get_File_From_Host 2012-05-25 16:39:57]  User.csv download success.
[Disconnect_FTP_Client 2012-05-25 16:39:57]  FTP Disconnect
[Open_Session 2012-05-25 16:39:57]  FTP Port Open
[Connect_FTP_Client 2012-05-25 16:39:57]  FTP Connect Succeed
[Remote_Change_Directory 2012-05-25 16:39:57]  strPathFromRoot : \
[Get_Current_Directory 2012-05-25 16:39:57]  Current Directory : /c:/CELL
[Remote_Change_Directory 2012-05-25 16:39:57]  Directory change success. Current directory : /c:/CELL/
[Remote_Change_Directory 2012-05-25 16:39:57]  strPathFromRoot : EQ_Config\JPS\Readonly\Table\
[Get_Current_Directory 2012-05-25 16:39:57]  Current Directory : /c:/CELL
[Remote_Change_Directory 2012-05-25 16:39:57]  Directory change success. Current directory : /c:/CELL/EQ_Config/JPS/Readonly/Table/
[FTP_Get_File_from_List 2012-05-25 16:39:57]  Control.csv download success.
[FTP_Get_File_from_List 2012-05-25 16:39:57]  checkTFTPanelID1.csv download success.
[FTP_Get_File_from_List 2012-05-25 16:39:57]  checkTFTPanelID2.csv download success.
[FTP_Get_File_from_List 2012-05-25 16:39:57]  checkTFTPanelID3.csv download success.
[FTP_Get_File_from_List 2012-05-25 16:39:57]  checkTFTPanelID4.csv download success.
[FTP_Get_File_from_List 2012-05-25 16:39:57]  checkTFTPanelID5.csv download success.
[FTP_Get_File_from_List 2012-05-25 16:39:57]  checkTFTPanelID6.csv download success.
[FTP_Get_File_from_List 2012-05-25 16:39:57]  checkTFTPanelID7.csv download success.
[FTP_Get_File_from_List 2012-05-25 16:39:57]  checkTFTPanelID8.csv download success.
[FTP_Get_File_from_List 2012-05-25 16:39:57]  checkTFTPanelID9.csv download success.
[FTP_Get_File_from_List 2012-05-25 16:39:57]  checkTFTPanelID10.csv download success.
[FTP_Get_File_from_List 2012-05-25 16:39:57]  checkCFPanelID1.csv download success.
[FTP_Get_File_from_List 2012-05-25 16:39:57]  checkCFPanelID2.csv download success.
[FTP_Get_File_from_List 2012-05-25 16:39:57]  checkCFPanelID3.csv download success.
[Main 2012-05-25 16:40:12]  JPS program start.
[Open_Session 2012-05-25 16:40:13]  FTP Port Open
[Connect_FTP_Client 2012-05-25 16:40:13]  FTP Connect Succeed
[Remote_Change_Directory 2012-05-25 16:40:13]  strPathFromRoot : \
[Get_Current_Directory 2012-05-25 16:40:13]  Current Directory : /c:/CELL
[Remote_Change_Directory 2012-05-25 16:40:13]  Directory change success. Current directory : /c:/CELL/
[Remote_Change_Directory 2012-05-25 16:40:13]  strPathFromRoot : EQ_Config\JPS\Readonly\Table\
[Get_Current_Directory 2012-05-25 16:40:13]  Current Directory : /c:/CELL
[Remote_Change_Directory 2012-05-25 16:40:13]  Directory change success. Current directory : /c:/CELL/EQ_Config/JPS/Readonly/Table/
[FTP_Get_FileList 2012-05-25 16:40:13]  Path.csv does not exist.
[Remote_Change_Directory 2012-05-25 16:40:13]  strPathFromRoot : EQ_Config\JPS\Readonly\Table\
[Get_Current_Directory 2012-05-25 16:40:13]  Current Directory : /c:/CELL
[Remote_Change_Directory 2012-05-25 16:40:13]  Directory change success. Current directory : /c:/CELL/EQ_Config/JPS/Readonly/Table/
[Get_File_From_Host 2012-05-25 16:40:13]  Path.csv download fail.
[Disconnect_FTP_Client 2012-05-25 16:40:13]  FTP Disconnect
[Open_Session 2012-05-25 16:40:13]  FTP Port Open
[Connect_FTP_Client 2012-05-25 16:40:13]  FTP Connect Succeed
[Remote_Change_Directory 2012-05-25 16:40:13]  strPathFromRoot : \
[Get_Current_Directory 2012-05-25 16:40:13]  Current Directory : /c:/CELL
[Remote_Change_Directory 2012-05-25 16:40:13]  Directory change success. Current directory : /c:/CELL/
[Remote_Change_Directory 2012-05-25 16:40:13]  strPathFromRoot : EQ_Config\JPS\Readonly\User\
[Get_Current_Directory 2012-05-25 16:40:13]  Current Directory : /c:/CELL
[Remote_Change_Directory 2012-05-25 16:40:13]  Directory change success. Current directory : /c:/CELL/EQ_Config/JPS/Readonly/User/
[Remote_Change_Directory 2012-05-25 16:40:13]  strPathFromRoot : EQ_Config\JPS\Readonly\User\
[Get_Current_Directory 2012-05-25 16:40:13]  Current Directory : /c:/CELL
[Remote_Change_Directory 2012-05-25 16:40:13]  Directory change success. Current directory : /c:/CELL/EQ_Config/JPS/Readonly/User/
[Get_File_From_Host 2012-05-25 16:40:13]  User.csv download success.
[Disconnect_FTP_Client 2012-05-25 16:40:13]  FTP Disconnect
[Open_Session 2012-05-25 16:40:13]  FTP Port Open
[Connect_FTP_Client 2012-05-25 16:40:13]  FTP Connect Succeed
[Remote_Change_Directory 2012-05-25 16:40:13]  strPathFromRoot : \
[Get_Current_Directory 2012-05-25 16:40:13]  Current Directory : /c:/CELL
[Remote_Change_Directory 2012-05-25 16:40:13]  Directory change success. Current directory : /c:/CELL/
[Remote_Change_Directory 2012-05-25 16:40:13]  strPathFromRoot : EQ_Config\JPS\Readonly\Table\
[Get_Current_Directory 2012-05-25 16:40:13]  Current Directory : /c:/CELL
[Remote_Change_Directory 2012-05-25 16:40:13]  Directory change success. Current directory : /c:/CELL/EQ_Config/JPS/Readonly/Table/
[FTP_Get_File_from_List 2012-05-25 16:40:13]  Control.csv download success.
[FTP_Get_File_from_List 2012-05-25 16:40:13]  checkTFTPanelID1.csv download success.
[FTP_Get_File_from_List 2012-05-25 16:40:13]  checkTFTPanelID2.csv download success.
[FTP_Get_File_from_List 2012-05-25 16:40:13]  checkTFTPanelID3.csv download success.
[FTP_Get_File_from_List 2012-05-25 16:40:13]  checkTFTPanelID4.csv download success.
[FTP_Get_File_from_List 2012-05-25 16:40:13]  checkTFTPanelID5.csv download success.
[FTP_Get_File_from_List 2012-05-25 16:40:13]  checkTFTPanelID6.csv download success.
[FTP_Get_File_from_List 2012-05-25 16:40:13]  checkTFTPanelID7.csv download success.
[FTP_Get_File_from_List 2012-05-25 16:40:13]  checkTFTPanelID8.csv download success.
[FTP_Get_File_from_List 2012-05-25 16:40:13]  checkTFTPanelID9.csv download success.
[FTP_Get_File_from_List 2012-05-25 16:40:13]  checkTFTPanelID10.csv download success.
[FTP_Get_File_from_List 2012-05-25 16:40:13]  checkCFPanelID1.csv download success.
[Main 2012-05-25 16:40:28]  JPS program start.
[Open_Session 2012-05-25 16:40:29]  FTP Port Open
[Connect_FTP_Client 2012-05-25 16:40:29]  FTP Connect Succeed
[Remote_Change_Directory 2012-05-25 16:40:29]  strPathFromRoot : \
[Get_Current_Directory 2012-05-25 16:40:29]  Current Directory : /c:/CELL
[Remote_Change_Directory 2012-05-25 16:40:29]  Directory change success. Current directory : /c:/CELL/
[Remote_Change_Directory 2012-05-25 16:40:29]  strPathFromRoot : EQ_Config\JPS\Readonly\Table\
[Get_Current_Directory 2012-05-25 16:40:29]  Current Directory : /c:/CELL
[Remote_Change_Directory 2012-05-25 16:40:29]  Directory change success. Current directory : /c:/CELL/EQ_Config/JPS/Readonly/Table/
[FTP_Get_FileList 2012-05-25 16:40:29]  Path.csv does not exist.
[Remote_Change_Directory 2012-05-25 16:40:29]  strPathFromRoot : EQ_Config\JPS\Readonly\Table\
[Get_Current_Directory 2012-05-25 16:40:29]  Current Directory : /c:/CELL
[Remote_Change_Directory 2012-05-25 16:40:29]  Directory change success. Current directory : /c:/CELL/EQ_Config/JPS/Readonly/Table/
[Get_File_From_Host 2012-05-25 16:40:29]  Path.csv download fail.
[Disconnect_FTP_Client 2012-05-25 16:40:29]  FTP Disconnect
[Open_Session 2012-05-25 16:40:29]  FTP Port Open
[Connect_FTP_Client 2012-05-25 16:40:29]  FTP Connect Succeed
[Remote_Change_Directory 2012-05-25 16:40:29]  strPathFromRoot : \
[Get_Current_Directory 2012-05-25 16:40:29]  Current Directory : /c:/CELL
[Remote_Change_Directory 2012-05-25 16:40:29]  Directory change success. Current directory : /c:/CELL/
[Remote_Change_Directory 2012-05-25 16:40:29]  strPathFromRoot : EQ_Config\JPS\Readonly\User\
[Get_Current_Directory 2012-05-25 16:40:29]  Current Directory : /c:/CELL
[Remote_Change_Directory 2012-05-25 16:40:30]  Directory change success. Current directory : /c:/CELL/EQ_Config/JPS/Readonly/User/
[Remote_Change_Directory 2012-05-25 16:40:30]  strPathFromRoot : EQ_Config\JPS\Readonly\User\
[Get_Current_Directory 2012-05-25 16:40:30]  Current Directory : /c:/CELL
[Remote_Change_Directory 2012-05-25 16:40:30]  Directory change success. Current directory : /c:/CELL/EQ_Config/JPS/Readonly/User/
[Get_File_From_Host 2012-05-25 16:40:30]  User.csv download success.
[Disconnect_FTP_Client 2012-05-25 16:40:30]  FTP Disconnect
[Open_Session 2012-05-25 16:40:30]  FTP Port Open
[Connect_FTP_Client 2012-05-25 16:40:30]  FTP Connect Succeed
[Remote_Change_Directory 2012-05-25 16:40:30]  strPathFromRoot : \
[Get_Current_Directory 2012-05-25 16:40:30]  Current Directory : /c:/CELL
[Remote_Change_Directory 2012-05-25 16:40:30]  Directory change success. Current directory : /c:/CELL/
[Remote_Change_Directory 2012-05-25 16:40:30]  strPathFromRoot : EQ_Config\JPS\Readonly\Table\
[Get_Current_Directory 2012-05-25 16:40:30]  Current Directory : /c:/CELL
[Remote_Change_Directory 2012-05-25 16:40:30]  Directory change success. Current directory : /c:/CELL/EQ_Config/JPS/Readonly/Table/
[FTP_Get_File_from_List 2012-05-25 16:40:30]  Control.csv download success.
[FTP_Get_File_from_List 2012-05-25 16:40:30]  checkTFTPanelID1.csv download success.
[FTP_Get_File_from_List 2012-05-25 16:40:30]  checkTFTPanelID2.csv download success.
[FTP_Get_File_from_List 2012-05-25 16:40:30]  checkTFTPanelID3.csv download success.
[FTP_Get_File_from_List 2012-05-25 16:40:30]  checkTFTPanelID4.csv download success.
[FTP_Get_File_from_List 2012-05-25 16:40:30]  checkTFTPanelID5.csv download success.
[FTP_Get_File_from_List 2012-05-25 16:40:30]  checkTFTPanelID6.csv download success.
[FTP_Get_File_from_List 2012-05-25 16:40:30]  checkTFTPanelID7.csv download success.
[FTP_Get_File_from_List 2012-05-25 16:40:30]  checkTFTPanelID8.csv download success.
[FTP_Get_File_from_List 2012-05-25 16:40:30]  checkTFTPanelID9.csv download success.
[FTP_Get_File_from_List 2012-05-25 16:40:30]  checkTFTPanelID10.csv download success.
[FTP_Get_File_from_List 2012-05-25 16:40:30]  checkCFPanelID1.csv download success.
[FTP_Get_File_from_List 2012-05-25 16:40:30]  checkCFPanelID2.csv download success.
[FTP_Get_File_from_List 2012-05-25 16:40:30]  checkCFPanelID3.csv download success.
