[Main 2012-08-24 00:14:01]  JPS program start.
[Get_Remote_FileList 2012-08-24 00:14:02]  3
[Get_File_From_Remote 2012-08-24 00:14:02]  Path.csv download success.
[Get_Remote_FileList 2012-08-24 00:14:02]  3
[Get_File_From_Remote 2012-08-24 00:14:02]  User.csv download success.
[Get_Remote_File_From_List 2012-08-24 00:14:02]  Control.csv download success
[Get_Remote_File_From_List 2012-08-24 00:14:02]  checkTFTPanelID1.csv download success
[Get_Remote_File_From_List 2012-08-24 00:14:02]  checkTFTPanelID2.csv download success
[Get_Remote_File_From_List 2012-08-24 00:14:02]  checkTFTPanelID3.csv download success
[Get_Remote_File_From_List 2012-08-24 00:14:02]  checkTFTPanelID4.csv download success
[Get_Remote_File_From_List 2012-08-24 00:14:02]  checkTFTPanelID5.csv download success
[Get_Remote_File_From_List 2012-08-24 00:14:02]  checkTFTPanelID6.csv download success
[Get_Remote_File_From_List 2012-08-24 00:14:02]  checkTFTPanelID7.csv download success
[Get_Remote_File_From_List 2012-08-24 00:14:03]  checkTFTPanelID8.csv download success
[Get_Remote_File_From_List 2012-08-24 00:14:03]  checkTFTPanelID9.csv download success
[Get_Remote_File_From_List 2012-08-24 00:14:03]  checkTFTPanelID10.csv download success
[Get_Remote_File_From_List 2012-08-24 00:14:03]  checkCFPanelID1.csv download success
[Get_Remote_File_From_List 2012-08-24 00:14:03]  checkCFPanelID2.csv download success
[Get_Remote_File_From_List 2012-08-24 00:14:03]  checkCFPanelID3.csv download success
[Get_Remote_File_From_List 2012-08-24 00:14:03]  checkCFPanelID4.csv download success
[Get_Remote_File_From_List 2012-08-24 00:14:03]  checkCFPanelID5.csv download success
[Get_Remote_File_From_List 2012-08-24 00:14:03]  checkCFPanelID6.csv download success
[Get_Remote_File_From_List 2012-08-24 00:14:03]  checkCFPanelID7.csv download success
[Get_Remote_File_From_List 2012-08-24 00:14:03]  checkCFPanelID8.csv download success
[Get_Remote_File_From_List 2012-08-24 00:14:03]  checkCFPanelID9.csv download success
[Get_Remote_File_From_List 2012-08-24 00:14:03]  checkCFPanelID10.csv download success
[Get_Remote_File_From_List 2012-08-24 00:14:03]  CheckMesData.csv download success
[Get_Remote_File_From_List 2012-08-24 00:14:03]  PreJudgeGradeChange1.csv download success
[Get_Remote_File_From_List 2012-08-24 00:14:03]  PreJudgeGradeChange2.csv download success
[Get_Remote_File_From_List 2012-08-24 00:14:03]  PreJudgeGradeChange3.csv download success
[Get_Remote_File_From_List 2012-08-24 00:14:03]  PostJudgeOtherRule1.csv download success
[Get_Remote_File_From_List 2012-08-24 00:14:03]  PostJudgeOtherRule1.csv download success
[Get_Remote_File_From_List 2012-08-24 00:14:03]  PostJudgeOtherRule1.csv download success
[Get_Remote_File_From_List 2012-08-24 00:14:03]  PostJudgeGradeChange1.csv download success
[Get_Remote_File_From_List 2012-08-24 00:14:03]  PostJudgeGradeChange2.csv download success
[Get_Remote_File_From_List 2012-08-24 00:14:03]  AssignGrade1.csv download success
[Get_Remote_File_From_List 2012-08-24 00:14:03]  AssignGrade2.csv download success
[Get_Remote_File_From_List 2012-08-24 00:14:03]  AssignGrade3.csv download success
[Get_Remote_File_From_List 2012-08-24 00:14:03]  AssignGrade4.csv download success
[Get_Remote_File_From_List 2012-08-24 00:14:03]  AssignGrade5.csv download success
[Get_Remote_File_From_List 2012-08-24 00:14:03]  CheckPanelIDChangeGrade1.csv download success
[Get_Remote_File_From_List 2012-08-24 00:14:03]  CheckPanelIDChangeGrade2.csv download success
[Get_Remote_File_From_List 2012-08-24 00:14:03]  CheckPanelIDChangeGrade3.csv download success
[Get_Remote_File_From_List 2012-08-24 00:14:03]  CheckPanelIDChangeGrade4.csv download success
[Get_Remote_File_From_List 2012-08-24 00:14:03]  CheckPanelIDChangeGrade5.csv download success
[Get_Remote_File_From_List 2012-08-24 00:14:03]  ChangeGrade.csv download success
[Get_Remote_File_From_List 2012-08-24 00:14:03]  ChangeGradeByDefectCode.csv download success
[Get_Remote_File_From_List 2012-08-24 00:14:03]  RepairPointTimes.csv download success
[Get_Remote_File_From_List 2012-08-24 00:14:03]  FlagChangeGrade.csv download success
[Main 2012-08-24 00:15:07]  JPS program start.
[Get_Remote_FileList 2012-08-24 00:15:57]  3
[Get_File_From_Remote 2012-08-24 00:16:03]  Path.csv download success.
[Get_Remote_FileList 2012-08-24 00:16:09]  3
[Get_File_From_Remote 2012-08-24 00:16:09]  User.csv download success.
[Get_Remote_File_From_List 2012-08-24 00:16:09]  Control.csv download success
[Get_Remote_File_From_List 2012-08-24 00:16:09]  checkTFTPanelID1.csv download success
[Get_Remote_File_From_List 2012-08-24 00:16:09]  checkTFTPanelID2.csv download success
[Get_Remote_File_From_List 2012-08-24 00:16:09]  checkTFTPanelID3.csv download success
[Get_Remote_File_From_List 2012-08-24 00:16:09]  checkTFTPanelID4.csv download success
[Get_Remote_File_From_List 2012-08-24 00:16:09]  checkTFTPanelID5.csv download success
[Get_Remote_File_From_List 2012-08-24 00:16:09]  checkTFTPanelID6.csv download success
[Get_Remote_File_From_List 2012-08-24 00:16:09]  checkTFTPanelID7.csv download success
[Get_Remote_File_From_List 2012-08-24 00:16:09]  checkTFTPanelID8.csv download success
[Get_Remote_File_From_List 2012-08-24 00:16:09]  checkTFTPanelID9.csv download success
[Get_Remote_File_From_List 2012-08-24 00:16:09]  checkTFTPanelID10.csv download success
[Get_Remote_File_From_List 2012-08-24 00:16:09]  checkCFPanelID1.csv download success
[Get_Remote_File_From_List 2012-08-24 00:16:09]  checkCFPanelID2.csv download success
[Get_Remote_File_From_List 2012-08-24 00:16:09]  checkCFPanelID3.csv download success
[Get_Remote_File_From_List 2012-08-24 00:16:09]  checkCFPanelID4.csv download success
[Get_Remote_File_From_List 2012-08-24 00:16:09]  checkCFPanelID5.csv download success
[Get_Remote_File_From_List 2012-08-24 00:16:09]  checkCFPanelID6.csv download success
[Get_Remote_File_From_List 2012-08-24 00:16:09]  checkCFPanelID7.csv download success
[Get_Remote_File_From_List 2012-08-24 00:16:09]  checkCFPanelID8.csv download success
[Get_Remote_File_From_List 2012-08-24 00:16:09]  checkCFPanelID9.csv download success
[Get_Remote_File_From_List 2012-08-24 00:16:09]  checkCFPanelID10.csv download success
[Get_Remote_File_From_List 2012-08-24 00:16:09]  CheckMesData.csv download success
[Get_Remote_File_From_List 2012-08-24 00:16:09]  PreJudgeGradeChange1.csv download success
[Get_Remote_File_From_List 2012-08-24 00:16:09]  PreJudgeGradeChange2.csv download success
[Get_Remote_File_From_List 2012-08-24 00:16:09]  PreJudgeGradeChange3.csv download success
[Get_Remote_File_From_List 2012-08-24 00:16:10]  PostJudgeOtherRule1.csv download success
[Get_Remote_File_From_List 2012-08-24 00:16:10]  PostJudgeOtherRule1.csv download success
[Get_Remote_File_From_List 2012-08-24 00:16:10]  PostJudgeOtherRule1.csv download success
[Get_Remote_File_From_List 2012-08-24 00:16:10]  PostJudgeGradeChange1.csv download success
[Get_Remote_File_From_List 2012-08-24 00:16:10]  PostJudgeGradeChange2.csv download success
[Get_Remote_File_From_List 2012-08-24 00:16:10]  AssignGrade1.csv download success
[Get_Remote_File_From_List 2012-08-24 00:16:10]  AssignGrade2.csv download success
[Get_Remote_File_From_List 2012-08-24 00:16:10]  AssignGrade3.csv download success
[Get_Remote_File_From_List 2012-08-24 00:16:10]  AssignGrade4.csv download success
[Get_Remote_File_From_List 2012-08-24 00:16:10]  AssignGrade5.csv download success
[Get_Remote_File_From_List 2012-08-24 00:16:10]  CheckPanelIDChangeGrade1.csv download success
[Get_Remote_File_From_List 2012-08-24 00:16:10]  CheckPanelIDChangeGrade2.csv download success
[Get_Remote_File_From_List 2012-08-24 00:16:10]  CheckPanelIDChangeGrade3.csv download success
[Get_Remote_File_From_List 2012-08-24 00:16:10]  CheckPanelIDChangeGrade4.csv download success
[Get_Remote_File_From_List 2012-08-24 00:16:10]  CheckPanelIDChangeGrade5.csv download success
[Get_Remote_File_From_List 2012-08-24 00:16:10]  ChangeGrade.csv download success
[Get_Remote_File_From_List 2012-08-24 00:16:10]  ChangeGradeByDefectCode.csv download success
[Get_Remote_File_From_List 2012-08-24 00:16:10]  RepairPointTimes.csv download success
[Get_Remote_File_From_List 2012-08-24 00:16:10]  FlagChangeGrade.csv download success
[Get_Remote_File_From_List 2012-08-24 00:16:10]  Auto alarm.csv download success
[Get_Remote_File_From_List 2012-08-24 00:16:10]  SKChange.csv download success
[Read_PostJudgeOtherRule2 2012-08-24 00:16:12]  C:\Users\liaxiaop\Desktop\D\Work\SVN Work Space\GoogleSVN\JSP\Env\STANDARD_INFO\PostJudgeOtherRule2.csv is not found.
[Read_PostJudgeOtherRule3 2012-08-24 00:16:12]  C:\Users\liaxiaop\Desktop\D\Work\SVN Work Space\GoogleSVN\JSP\Env\STANDARD_INFO\PostJudgeOtherRule3.csv is not found.
[Get_Remote_File_From_List 2012-08-24 00:23:10]  Version_CAJPS120.dat download fail...
[Get_Remote_File_From_List 2012-08-24 00:23:10]  Version_CAJPS161.dat download fail...
[Get_Remote_File_From_List 2012-08-24 00:23:10]  Version_CAJPS162.dat download fail...
[cmdGet_Version_Click 2012-08-24 00:23:10]  Version files download fail.
[Main 2012-08-24 00:45:54]  JPS program start.
[Main 2012-08-24 00:46:10]  JPS program start.
[Get_Remote_FileList 2012-08-24 00:46:11]  2
[Get_File_From_Remote 2012-08-24 00:46:11]  Path.csv download success.
[Get_File_From_Remote 2012-08-24 00:46:11]  User.csv download success.
[Get_Remote_File_From_List 2012-08-24 00:46:58]  Control.csv download success
[Get_Remote_File_From_List 2012-08-24 00:46:58]  checkTFTPanelID1.csv download success
[Get_Remote_File_From_List 2012-08-24 00:46:58]  checkTFTPanelID2.csv download success
[Get_Remote_File_From_List 2012-08-24 00:46:58]  checkTFTPanelID3.csv download success
[Get_Remote_File_From_List 2012-08-24 00:46:58]  checkTFTPanelID4.csv download success
[Get_Remote_File_From_List 2012-08-24 00:46:58]  checkTFTPanelID5.csv download success
[Get_Remote_File_From_List 2012-08-24 00:46:58]  checkTFTPanelID6.csv download success
[Get_Remote_File_From_List 2012-08-24 00:46:58]  checkTFTPanelID7.csv download success
[Get_Remote_File_From_List 2012-08-24 00:46:58]  checkTFTPanelID8.csv download success
[Get_Remote_File_From_List 2012-08-24 00:46:58]  checkTFTPanelID9.csv download success
[Get_Remote_File_From_List 2012-08-24 00:46:58]  checkTFTPanelID10.csv download success
[Get_Remote_File_From_List 2012-08-24 00:46:58]  checkCFPanelID1.csv download success
[Get_Remote_File_From_List 2012-08-24 00:46:58]  checkCFPanelID2.csv download success
[Get_Remote_File_From_List 2012-08-24 00:46:58]  checkCFPanelID3.csv download success
[Get_Remote_File_From_List 2012-08-24 00:46:58]  checkCFPanelID4.csv download success
[Get_Remote_File_From_List 2012-08-24 00:46:58]  checkCFPanelID5.csv download success
[Get_Remote_File_From_List 2012-08-24 00:46:58]  checkCFPanelID6.csv download success
[Get_Remote_File_From_List 2012-08-24 00:46:58]  checkCFPanelID7.csv download success
[Get_Remote_File_From_List 2012-08-24 00:46:58]  checkCFPanelID8.csv download success
[Get_Remote_File_From_List 2012-08-24 00:46:58]  checkCFPanelID9.csv download success
[Get_Remote_File_From_List 2012-08-24 00:46:58]  checkCFPanelID10.csv download success
[Get_Remote_File_From_List 2012-08-24 00:46:58]  CheckMesData.csv download success
[Get_Remote_File_From_List 2012-08-24 00:46:58]  PreJudgeGradeChange1.csv download success
[Get_Remote_File_From_List 2012-08-24 00:46:58]  PreJudgeGradeChange2.csv download success
[Get_Remote_File_From_List 2012-08-24 00:46:58]  PreJudgeGradeChange3.csv download success
[Get_Remote_File_From_List 2012-08-24 00:46:58]  PostJudgeOtherRule1.csv download success
[Get_Remote_File_From_List 2012-08-24 00:46:58]  PostJudgeOtherRule1.csv download success
[Get_Remote_File_From_List 2012-08-24 00:46:58]  PostJudgeOtherRule1.csv download success
[Get_Remote_File_From_List 2012-08-24 00:46:58]  PostJudgeGradeChange1.csv download success
[Get_Remote_File_From_List 2012-08-24 00:46:58]  PostJudgeGradeChange2.csv download success
[Get_Remote_File_From_List 2012-08-24 00:46:58]  AssignGrade1.csv download success
[Get_Remote_File_From_List 2012-08-24 00:46:58]  AssignGrade2.csv download success
[Get_Remote_File_From_List 2012-08-24 00:46:58]  AssignGrade3.csv download success
[Get_Remote_File_From_List 2012-08-24 00:46:59]  AssignGrade4.csv download success
[Get_Remote_File_From_List 2012-08-24 00:46:59]  AssignGrade5.csv download success
[Get_Remote_File_From_List 2012-08-24 00:46:59]  CheckPanelIDChangeGrade1.csv download success
[Get_Remote_File_From_List 2012-08-24 00:46:59]  CheckPanelIDChangeGrade2.csv download success
[Get_Remote_File_From_List 2012-08-24 00:46:59]  CheckPanelIDChangeGrade3.csv download success
[Get_Remote_File_From_List 2012-08-24 00:46:59]  CheckPanelIDChangeGrade4.csv download success
[Get_Remote_File_From_List 2012-08-24 00:46:59]  CheckPanelIDChangeGrade5.csv download success
[Get_Remote_File_From_List 2012-08-24 00:46:59]  ChangeGrade.csv download success
[Get_Remote_File_From_List 2012-08-24 00:46:59]  ChangeGradeByDefectCode.csv download success
[Get_Remote_File_From_List 2012-08-24 00:46:59]  RepairPointTimes.csv download success
[Get_Remote_File_From_List 2012-08-24 00:46:59]  FlagChangeGrade.csv download success
[Get_Remote_File_From_List 2012-08-24 00:46:59]  Auto alarm.csv download success
[Get_Remote_File_From_List 2012-08-24 00:46:59]  SKChange.csv download success
[Read_PostJudgeOtherRule2 2012-08-24 00:47:01]  C:\Users\liaxiaop\Desktop\D\Work\SVN Work Space\GoogleSVN\JSP\Env\STANDARD_INFO\PostJudgeOtherRule2.csv is not found.
[Read_PostJudgeOtherRule3 2012-08-24 00:47:01]  C:\Users\liaxiaop\Desktop\D\Work\SVN Work Space\GoogleSVN\JSP\Env\STANDARD_INFO\PostJudgeOtherRule3.csv is not found.
[Get_Remote_File_From_List 2012-08-24 00:48:29]  Version_CAJPS120.dat download success
[Get_Remote_File_From_List 2012-08-24 00:48:49]  Version_CAJPS161.dat download success
[Get_Remote_File_From_List 2012-08-24 00:48:49]  Version_CAJPS162.dat download success
[cmdGet_Version_Click 2012-08-24 00:48:49]  Version files download complete.
