[Main 2012-05-24 17:01:34]  JPS program start.
[Open_Session 2012-05-24 17:01:35]  FTP Port Open
[Connect_FTP_Client 2012-05-24 17:01:35]  FTP Connect Succeed
[Remote_Change_Directory 2012-05-24 17:01:35]  strPathFromRoot : \
[Get_Current_Directory 2012-05-24 17:01:35]  Current Directory : /c:/CELL
[Remote_Change_Directory 2012-05-24 17:01:35]  Directory change success. Current directory : /c:/CELL/
[Remote_Change_Directory 2012-05-24 17:01:35]  strPathFromRoot : EQ_Config\JPS\Readonly\Table\
[Get_Current_Directory 2012-05-24 17:01:35]  Current Directory : /c:/CELL
[Remote_Change_Directory 2012-05-24 17:01:35]  Directory change success. Current directory : /c:/CELL/EQ_Config/JPS/Readonly/Table/
[FTP_Get_FileList 2012-05-24 17:01:35]  Path.csv does not exist.
[Remote_Change_Directory 2012-05-24 17:01:35]  strPathFromRoot : EQ_Config\JPS\Readonly\Table\
[Get_Current_Directory 2012-05-24 17:01:35]  Current Directory : /c:/CELL
[Remote_Change_Directory 2012-05-24 17:01:35]  Directory change success. Current directory : /c:/CELL/EQ_Config/JPS/Readonly/Table/
[Get_File_From_Host 2012-05-24 17:01:35]  Path.csv download fail.
[Disconnect_FTP_Client 2012-05-24 17:01:35]  FTP Disconnect
[Open_Session 2012-05-24 17:01:35]  FTP Port Open
[Connect_FTP_Client 2012-05-24 17:01:35]  FTP Connect Succeed
[Remote_Change_Directory 2012-05-24 17:01:35]  strPathFromRoot : \
[Get_Current_Directory 2012-05-24 17:01:35]  Current Directory : /c:/CELL
[Remote_Change_Directory 2012-05-24 17:01:35]  Directory change success. Current directory : /c:/CELL/
[Remote_Change_Directory 2012-05-24 17:01:35]  strPathFromRoot : EQ_Config\JPS\Readonly\User\
[Get_Current_Directory 2012-05-24 17:01:35]  Current Directory : /c:/CELL
[Remote_Change_Directory 2012-05-24 17:01:35]  Directory change success. Current directory : /c:/CELL/EQ_Config/JPS/Readonly/User/
[Remote_Change_Directory 2012-05-24 17:01:35]  strPathFromRoot : EQ_Config\JPS\Readonly\User\
[Get_Current_Directory 2012-05-24 17:01:35]  Current Directory : /c:/CELL
[Remote_Change_Directory 2012-05-24 17:01:35]  Directory change success. Current directory : /c:/CELL/EQ_Config/JPS/Readonly/User/
[Get_File_From_Host 2012-05-24 17:01:35]  User.csv download success.
[Disconnect_FTP_Client 2012-05-24 17:01:35]  FTP Disconnect
[Open_Session 2012-05-24 17:01:35]  FTP Port Open
[Connect_FTP_Client 2012-05-24 17:01:35]  FTP Connect Succeed
[Remote_Change_Directory 2012-05-24 17:01:35]  strPathFromRoot : \
[Get_Current_Directory 2012-05-24 17:01:35]  Current Directory : /c:/CELL
[Remote_Change_Directory 2012-05-24 17:01:35]  Directory change success. Current directory : /c:/CELL/
[Remote_Change_Directory 2012-05-24 17:01:35]  strPathFromRoot : EQ_Config\JPS\Readonly\Table\
[Get_Current_Directory 2012-05-24 17:01:35]  Current Directory : /c:/CELL
[Remote_Change_Directory 2012-05-24 17:01:35]  Directory change success. Current directory : /c:/CELL/EQ_Config/JPS/Readonly/Table/
[FTP_Get_File_from_List 2012-05-24 17:01:35]  Control.csv download success.
[FTP_Get_File_from_List 2012-05-24 17:01:36]  checkTFTPanelID1.csv download success.
[FTP_Get_File_from_List 2012-05-24 17:01:36]  checkTFTPanelID2.csv download success.
[FTP_Get_File_from_List 2012-05-24 17:01:36]  checkTFTPanelID3.csv download success.
[FTP_Get_File_from_List 2012-05-24 17:01:36]  checkTFTPanelID4.csv download success.
[FTP_Get_File_from_List 2012-05-24 17:01:36]  checkTFTPanelID5.csv download success.
[FTP_Get_File_from_List 2012-05-24 17:01:36]  checkTFTPanelID6.csv download success.
[FTP_Get_File_from_List 2012-05-24 17:01:36]  checkTFTPanelID7.csv download success.
[FTP_Get_File_from_List 2012-05-24 17:01:36]  checkTFTPanelID8.csv download success.
[FTP_Get_File_from_List 2012-05-24 17:01:36]  checkTFTPanelID9.csv download success.
[FTP_Get_File_from_List 2012-05-24 17:01:36]  checkTFTPanelID10.csv download success.
[FTP_Get_File_from_List 2012-05-24 17:01:36]  checkCFPanelID1.csv download success.
[FTP_Get_File_from_List 2012-05-24 17:01:36]  checkCFPanelID2.csv download success.
[FTP_Get_File_from_List 2012-05-24 17:01:36]  checkCFPanelID3.csv download success.
[FTP_Get_File_from_List 2012-05-24 17:01:36]  checkCFPanelID4.csv download success.
[tmrCommand_Timer 2012-05-24 17:01:41]  Command Queue Message : @RONT20110601103432SB22V513222222ONCATST161LUCASCAS00,
[Open_Session 2012-05-24 17:01:41]  FTP Port Open
[Connect_FTP_Client 2012-05-24 17:01:41]  FTP Connect Succeed
[Remote_Change_Directory 2012-05-24 17:01:41]  strPathFromRoot : \
[Get_Current_Directory 2012-05-24 17:01:41]  Current Directory : /c:/CELL
[Remote_Change_Directory 2012-05-24 17:01:41]  Directory change success. Current directory : /c:/CELL/
[Remote_Change_Directory 2012-05-24 17:01:41]  strPathFromRoot : \EQ_Config\JPS\Version\
[Get_Current_Directory 2012-05-24 17:01:41]  Current Directory : /c:/CELL
[Remote_Change_Directory 2012-05-24 17:01:41]  Directory change success. Current directory : /c:/CELL/EQ_Config/JPS/Version/
[FTP_PUT_File 2012-05-24 17:01:41]  FTP File Write succeed. File Name : Version_CAJPS161.dat
[Disconnect_FTP_Client 2012-05-24 17:01:41]  FTP Disconnect
[tmrCommand_Timer 2012-05-24 17:01:46]  Command Queue Message : @RBBCTA1A0140AK02EEE198CAB204  CA31502AAA00Prod460001                                                                                                                                                                        13156  TA1A0140AK02                                                B31501221801                                 CA31501AAA05RESD      0740072000056Y  MKTA220067AV05    11223344112345672637                       194TA220067AV05PCA31501AAA05  4650P3150-07T001                            MODULE    FA1CF985CDTA220067N00TA220067AV                                                                B31501221801      TA220067AV05TA220067AV05,
[Open_Session 2012-05-24 17:02:05]  FTP Port Open
[Connect_FTP_Client 2012-05-24 17:02:05]  FTP Connect Succeed
[Remote_Change_Directory 2012-05-24 17:02:05]  strPathFromRoot : \
[Get_Current_Directory 2012-05-24 17:02:05]  Current Directory : /c:/CELL
[Remote_Change_Directory 2012-05-24 17:02:05]  Directory change success. Current directory : /c:/CELL/
[Remote_Change_Directory 2012-05-24 17:02:05]  strPathFromRoot : LINK\CATST\31501\TA1A0\TA1A0140\TA1A0140AK02\
[Get_Current_Directory 2012-05-24 17:02:05]  Current Directory : /c:/CELL
[Remote_Change_Directory 2012-05-24 17:02:05]  Directory change success. Current directory : /c:/CELL/LINK/CATST/31501/TA1A0/TA1A0140/TA1A0140AK02/
[FTP_Get_FileList 2012-05-24 17:02:05]  TA1A0140AK02.csv does not exist.
[Remote_Change_Directory 2012-05-24 17:02:05]  strPathFromRoot : LINK\CATST\31501\TA1A0\TA1A0140\TA1A0140AK02\
[Get_Current_Directory 2012-05-24 17:02:05]  Current Directory : /c:/CELL
[Remote_Change_Directory 2012-05-24 17:02:05]  Directory change success. Current directory : /c:/CELL/LINK/CATST/31501/TA1A0/TA1A0140/TA1A0140AK02/
[Get_File_From_Host 2012-05-24 17:02:05]  TA1A0140AK02.csv download fail.
[Disconnect_FTP_Client 2012-05-24 17:02:05]  FTP Disconnect
[Open_Session 2012-05-24 17:02:05]  FTP Port Open
[Connect_FTP_Client 2012-05-24 17:02:05]  FTP Connect Succeed
[Remote_Change_Directory 2012-05-24 17:02:05]  strPathFromRoot : \
[Get_Current_Directory 2012-05-24 17:02:05]  Current Directory : /c:/CELL
[Remote_Change_Directory 2012-05-24 17:02:05]  Directory change success. Current directory : /c:/CELL/
[Remote_Change_Directory 2012-05-24 17:02:05]  strPathFromRoot : EQ_Config\JPS\Readonly\Pattern\
[Get_Current_Directory 2012-05-24 17:02:05]  Current Directory : /c:/CELL
[Remote_Change_Directory 2012-05-24 17:02:05]  Directory change success. Current directory : /c:/CELL/EQ_Config/JPS/Readonly/Pattern/
[Remote_Change_Directory 2012-05-24 17:02:05]  strPathFromRoot : EQ_Config\JPS\Readonly\Pattern\
[Get_Current_Directory 2012-05-24 17:02:05]  Current Directory : /c:/CELL
[Remote_Change_Directory 2012-05-24 17:02:05]  Directory change success. Current directory : /c:/CELL/EQ_Config/JPS/Readonly/Pattern/
[Get_File_From_Host 2012-05-24 17:02:05]  P315024600.csv download success.
[Disconnect_FTP_Client 2012-05-24 17:02:05]  FTP Disconnect
[Open_Session 2012-05-24 17:02:05]  FTP Port Open
[Connect_FTP_Client 2012-05-24 17:02:05]  FTP Connect Succeed
[Remote_Change_Directory 2012-05-24 17:02:05]  strPathFromRoot : \
[Get_Current_Directory 2012-05-24 17:02:05]  Current Directory : /c:/CELL
[Remote_Change_Directory 2012-05-24 17:02:05]  Directory change success. Current directory : /c:/CELL/
[Remote_Change_Directory 2012-05-24 17:02:05]  strPathFromRoot : Link\CATST\31501\TA1A0\TA1A0140\TA1A0140AK02\
[Get_Current_Directory 2012-05-24 17:02:05]  Current Directory : /c:/CELL
[Remote_Change_Directory 2012-05-24 17:02:05]  Directory change success. Current directory : /c:/CELL/Link/CATST/31501/TA1A0/TA1A0140/TA1A0140AK02/
[FTP_Get_FileList 2012-05-24 17:02:05]  TA1A0140AK02.csv does not exist.
[Remote_Change_Directory 2012-05-24 17:02:05]  strPathFromRoot : Link\CATST\31501\TA1A0\TA1A0140\TA1A0140AK02\
[Get_Current_Directory 2012-05-24 17:02:05]  Current Directory : /c:/CELL
[Remote_Change_Directory 2012-05-24 17:02:05]  Directory change success. Current directory : /c:/CELL/Link/CATST/31501/TA1A0/TA1A0140/TA1A0140AK02/
[Get_File_From_Host 2012-05-24 17:02:05]  TA1A0140AK02.csv download fail.
[Disconnect_FTP_Client 2012-05-24 17:02:05]  FTP Disconnect
[Open_Session 2012-05-24 17:02:05]  FTP Port Open
[Connect_FTP_Client 2012-05-24 17:02:05]  FTP Connect Succeed
[Remote_Change_Directory 2012-05-24 17:02:05]  strPathFromRoot : \
[Get_Current_Directory 2012-05-24 17:02:05]  Current Directory : /c:/CELL
[Remote_Change_Directory 2012-05-24 17:02:05]  Directory change success. Current directory : /c:/CELL/
[Remote_Change_Directory 2012-05-24 17:02:05]  strPathFromRoot : CATST\CA31501AAA00\TA1A0\TA1A0140\TA1A0140AK02\BACKUP\
[Get_Current_Directory 2012-05-24 17:02:05]  Current Directory : /c:/CELL
[Remote_Change_Directory 2012-05-24 17:02:05]  Directory change success. Current directory : /c:/CELL/CATST/CA31501AAA00/TA1A0/TA1A0140/TA1A0140AK02/BACKUP/
[tmrCommand_Timer 2012-05-24 17:02:08]  Command Queue Message : @RABCTA1A0140AK02EEE198CAB204  CA31502AAA00Prod460001                                                                                                                                                                        13156  TA1A0140AK02                                                B31501221801                                 CA31501AAA05RESD      0740072000056Y  MKTA220067AV05    11223344112345672637                       194TA220067AV05PCA31501AAA05  4650P3150-07T001                            MODULE    FA1CF985CDTA220067N00TA220067AV                                                                B31501221801      TA220067AV05TA220067AV05,
[tmrCommand_Timer 2012-05-24 17:04:29]  Command Queue Message : @RABCTA1A0140AK02EEE198CAB204  CA31502AAA00Prod460001                                                                                                                                                                        13156  TA1A0140AK02                                                B31501221801                                 CA31501AAA05RESD      0740072000056Y  MKTA220067AV05    11223344112345672637                       194TA220067AV05PCA31501AAA05  4650P3150-07T001                            MODULE    FA1CF985CDTA220067N00TA220067AV                                                                B31501221801      TA220067AV05TA220067AV05,
