[Main 2012-05-25 13:42:27]  JPS program start.
[Open_Session 2012-05-25 13:42:29]  FTP Port Open
[Connect_FTP_Client 2012-05-25 13:42:29]  FTP Connect Succeed
[Remote_Change_Directory 2012-05-25 13:42:29]  strPathFromRoot : \
[Get_Current_Directory 2012-05-25 13:42:29]  Current Directory : /c:/CELL
[Remote_Change_Directory 2012-05-25 13:42:29]  Directory change success. Current directory : /c:/CELL/
[Remote_Change_Directory 2012-05-25 13:42:29]  strPathFromRoot : EQ_Config\JPS\Readonly\Table\
[Get_Current_Directory 2012-05-25 13:42:29]  Current Directory : /c:/CELL
[Remote_Change_Directory 2012-05-25 13:42:29]  Directory change success. Current directory : /c:/CELL/EQ_Config/JPS/Readonly/Table/
[FTP_Get_FileList 2012-05-25 13:42:29]  Path.csv does not exist.
[Remote_Change_Directory 2012-05-25 13:42:29]  strPathFromRoot : EQ_Config\JPS\Readonly\Table\
[Get_Current_Directory 2012-05-25 13:42:29]  Current Directory : /c:/CELL
[Remote_Change_Directory 2012-05-25 13:42:29]  Directory change success. Current directory : /c:/CELL/EQ_Config/JPS/Readonly/Table/
[Get_File_From_Host 2012-05-25 13:42:29]  Path.csv download fail.
[Disconnect_FTP_Client 2012-05-25 13:42:29]  FTP Disconnect
[Open_Session 2012-05-25 13:42:29]  FTP Port Open
[Connect_FTP_Client 2012-05-25 13:42:29]  FTP Connect Succeed
[Remote_Change_Directory 2012-05-25 13:42:29]  strPathFromRoot : \
[Get_Current_Directory 2012-05-25 13:42:29]  Current Directory : /c:/CELL
[Remote_Change_Directory 2012-05-25 13:42:29]  Directory change success. Current directory : /c:/CELL/
[Remote_Change_Directory 2012-05-25 13:42:29]  strPathFromRoot : EQ_Config\JPS\Readonly\User\
[Get_Current_Directory 2012-05-25 13:42:29]  Current Directory : /c:/CELL
[Remote_Change_Directory 2012-05-25 13:42:29]  Directory change success. Current directory : /c:/CELL/EQ_Config/JPS/Readonly/User/
[Remote_Change_Directory 2012-05-25 13:42:29]  strPathFromRoot : EQ_Config\JPS\Readonly\User\
[Get_Current_Directory 2012-05-25 13:42:29]  Current Directory : /c:/CELL
[Remote_Change_Directory 2012-05-25 13:42:29]  Directory change success. Current directory : /c:/CELL/EQ_Config/JPS/Readonly/User/
[Get_File_From_Host 2012-05-25 13:42:29]  User.csv download success.
[Disconnect_FTP_Client 2012-05-25 13:42:29]  FTP Disconnect
[Open_Session 2012-05-25 13:42:29]  FTP Port Open
[Connect_FTP_Client 2012-05-25 13:42:29]  FTP Connect Succeed
[Remote_Change_Directory 2012-05-25 13:42:29]  strPathFromRoot : \
[Get_Current_Directory 2012-05-25 13:42:29]  Current Directory : /c:/CELL
[Remote_Change_Directory 2012-05-25 13:42:29]  Directory change success. Current directory : /c:/CELL/
[Remote_Change_Directory 2012-05-25 13:42:29]  strPathFromRoot : EQ_Config\JPS\Readonly\Table\
[Get_Current_Directory 2012-05-25 13:42:29]  Current Directory : /c:/CELL
[Remote_Change_Directory 2012-05-25 13:42:29]  Directory change success. Current directory : /c:/CELL/EQ_Config/JPS/Readonly/Table/
[FTP_Get_File_from_List 2012-05-25 13:42:29]  Control.csv download success.
[FTP_Get_File_from_List 2012-05-25 13:42:29]  checkTFTPanelID1.csv download success.
[FTP_Get_File_from_List 2012-05-25 13:42:29]  checkTFTPanelID2.csv download success.
[FTP_Get_File_from_List 2012-05-25 13:42:30]  checkTFTPanelID3.csv download success.
[FTP_Get_File_from_List 2012-05-25 13:42:30]  checkTFTPanelID4.csv download success.
[FTP_Get_File_from_List 2012-05-25 13:42:30]  checkTFTPanelID5.csv download success.
[FTP_Get_File_from_List 2012-05-25 13:42:30]  checkTFTPanelID6.csv download success.
[FTP_Get_File_from_List 2012-05-25 13:42:30]  checkTFTPanelID7.csv download success.
[FTP_Get_File_from_List 2012-05-25 13:42:30]  checkTFTPanelID8.csv download success.
[FTP_Get_File_from_List 2012-05-25 13:42:30]  checkTFTPanelID9.csv download success.
[FTP_Get_File_from_List 2012-05-25 13:42:30]  checkTFTPanelID10.csv download success.
[FTP_Get_File_from_List 2012-05-25 13:42:30]  checkCFPanelID1.csv download success.
[FTP_Get_File_from_List 2012-05-25 13:42:30]  checkCFPanelID2.csv download success.
[FTP_Get_File_from_List 2012-05-25 13:42:30]  checkCFPanelID3.csv download success.
[FTP_Get_File_from_List 2012-05-25 13:42:30]  checkCFPanelID4.csv download success.
[FTP_Get_File_from_List 2012-05-25 13:42:30]  checkCFPanelID5.csv download success.
[FTP_Get_File_from_List 2012-05-25 13:42:30]  checkCFPanelID6.csv download success.
[FTP_Get_File_from_List 2012-05-25 13:42:30]  CheckMesData.csv download success.
[FTP_Get_File_from_List 2012-05-25 13:42:30]  AssignGrade2.csv download success.
[FTP_Get_File_from_List 2012-05-25 13:42:31]  AssignGrade5.csv download success.
[FTP_Get_File_from_List 2012-05-25 13:42:31]  CheckPanelIDChangeGrade4.csv download success.
[FTP_Get_File_from_List 2012-05-25 13:42:31]  Auto alarm.csv download success.
[tmrCommand_Timer 2012-05-25 13:43:03]  Command Queue Message : @RONT20110601103432SB22V513222222ONCATST161LUCASCAS00,
[Open_Session 2012-05-25 13:43:03]  FTP Port Open
[Connect_FTP_Client 2012-05-25 13:43:03]  FTP Connect Succeed
[Remote_Change_Directory 2012-05-25 13:43:03]  strPathFromRoot : \
[Get_Current_Directory 2012-05-25 13:43:03]  Current Directory : /c:/CELL
[Remote_Change_Directory 2012-05-25 13:43:03]  Directory change success. Current directory : /c:/CELL/
[Remote_Change_Directory 2012-05-25 13:43:03]  strPathFromRoot : \EQ_Config\JPS\Version\
[Get_Current_Directory 2012-05-25 13:43:03]  Current Directory : /c:/CELL
[Remote_Change_Directory 2012-05-25 13:43:03]  Directory change success. Current directory : /c:/CELL/EQ_Config/JPS/Version/
[FTP_PUT_File 2012-05-25 13:43:03]  FTP File Write succeed. File Name : Version_CAJPS161.dat
[Disconnect_FTP_Client 2012-05-25 13:43:03]  FTP Disconnect
[Main 2012-05-25 13:43:22]  JPS program start.
[Open_Session 2012-05-25 13:43:24]  FTP Port Open
[Connect_FTP_Client 2012-05-25 13:43:24]  FTP Connect Succeed
[Remote_Change_Directory 2012-05-25 13:43:24]  strPathFromRoot : \
[Get_Current_Directory 2012-05-25 13:43:24]  Current Directory : /c:/CELL
[Remote_Change_Directory 2012-05-25 13:43:24]  Directory change success. Current directory : /c:/CELL/
[Remote_Change_Directory 2012-05-25 13:43:24]  strPathFromRoot : EQ_Config\JPS\Readonly\Table\
[Get_Current_Directory 2012-05-25 13:43:24]  Current Directory : /c:/CELL
[Remote_Change_Directory 2012-05-25 13:43:24]  Directory change success. Current directory : /c:/CELL/EQ_Config/JPS/Readonly/Table/
[FTP_Get_FileList 2012-05-25 13:43:24]  Path.csv does not exist.
[Remote_Change_Directory 2012-05-25 13:43:24]  strPathFromRoot : EQ_Config\JPS\Readonly\Table\
[Get_Current_Directory 2012-05-25 13:43:24]  Current Directory : /c:/CELL
[Remote_Change_Directory 2012-05-25 13:43:24]  Directory change success. Current directory : /c:/CELL/EQ_Config/JPS/Readonly/Table/
[Get_File_From_Host 2012-05-25 13:43:24]  Path.csv download fail.
[Disconnect_FTP_Client 2012-05-25 13:43:24]  FTP Disconnect
[Open_Session 2012-05-25 13:43:24]  FTP Port Open
[Connect_FTP_Client 2012-05-25 13:43:24]  FTP Connect Succeed
[Remote_Change_Directory 2012-05-25 13:43:24]  strPathFromRoot : \
[Get_Current_Directory 2012-05-25 13:43:24]  Current Directory : /c:/CELL
[Remote_Change_Directory 2012-05-25 13:43:24]  Directory change success. Current directory : /c:/CELL/
[Remote_Change_Directory 2012-05-25 13:43:24]  strPathFromRoot : EQ_Config\JPS\Readonly\User\
[Get_Current_Directory 2012-05-25 13:43:24]  Current Directory : /c:/CELL
[Remote_Change_Directory 2012-05-25 13:43:24]  Directory change success. Current directory : /c:/CELL/EQ_Config/JPS/Readonly/User/
[Remote_Change_Directory 2012-05-25 13:43:24]  strPathFromRoot : EQ_Config\JPS\Readonly\User\
[Get_Current_Directory 2012-05-25 13:43:24]  Current Directory : /c:/CELL
[Remote_Change_Directory 2012-05-25 13:43:24]  Directory change success. Current directory : /c:/CELL/EQ_Config/JPS/Readonly/User/
[Get_File_From_Host 2012-05-25 13:43:24]  User.csv download success.
[Disconnect_FTP_Client 2012-05-25 13:43:24]  FTP Disconnect
[Open_Session 2012-05-25 13:43:24]  FTP Port Open
[Connect_FTP_Client 2012-05-25 13:43:24]  FTP Connect Succeed
[Remote_Change_Directory 2012-05-25 13:43:24]  strPathFromRoot : \
[Get_Current_Directory 2012-05-25 13:43:24]  Current Directory : /c:/CELL
[Remote_Change_Directory 2012-05-25 13:43:24]  Directory change success. Current directory : /c:/CELL/
[Remote_Change_Directory 2012-05-25 13:43:24]  strPathFromRoot : EQ_Config\JPS\Readonly\Table\
[Get_Current_Directory 2012-05-25 13:43:24]  Current Directory : /c:/CELL
[Remote_Change_Directory 2012-05-25 13:43:24]  Directory change success. Current directory : /c:/CELL/EQ_Config/JPS/Readonly/Table/
[FTP_Get_File_from_List 2012-05-25 13:43:24]  Control.csv download success.
[FTP_Get_File_from_List 2012-05-25 13:43:24]  checkTFTPanelID1.csv download success.
[FTP_Get_File_from_List 2012-05-25 13:43:24]  checkTFTPanelID2.csv download success.
[FTP_Get_File_from_List 2012-05-25 13:43:24]  checkTFTPanelID3.csv download success.
[FTP_Get_File_from_List 2012-05-25 13:43:24]  checkTFTPanelID4.csv download success.
[FTP_Get_File_from_List 2012-05-25 13:43:24]  checkTFTPanelID5.csv download success.
[FTP_Get_File_from_List 2012-05-25 13:43:24]  checkTFTPanelID6.csv download success.
[FTP_Get_File_from_List 2012-05-25 13:43:24]  checkTFTPanelID7.csv download success.
[FTP_Get_File_from_List 2012-05-25 13:43:24]  checkTFTPanelID8.csv download success.
[FTP_Get_File_from_List 2012-05-25 13:43:24]  checkTFTPanelID9.csv download success.
[FTP_Get_File_from_List 2012-05-25 13:43:24]  checkTFTPanelID10.csv download success.
[FTP_Get_File_from_List 2012-05-25 13:43:24]  checkCFPanelID1.csv download success.
[FTP_Get_File_from_List 2012-05-25 13:43:24]  checkCFPanelID2.csv download success.
[FTP_Get_File_from_List 2012-05-25 13:43:24]  checkCFPanelID3.csv download success.
[FTP_Get_File_from_List 2012-05-25 13:43:24]  AssignGrade1.csv download success.
[Main 2012-05-25 13:46:06]  JPS program start.
[Open_Session 2012-05-25 13:46:08]  FTP Port Open
[Connect_FTP_Client 2012-05-25 13:46:08]  FTP Connect Succeed
[Remote_Change_Directory 2012-05-25 13:46:08]  strPathFromRoot : \
[Get_Current_Directory 2012-05-25 13:46:08]  Current Directory : /c:/CELL
[Remote_Change_Directory 2012-05-25 13:46:08]  Directory change success. Current directory : /c:/CELL/
[Remote_Change_Directory 2012-05-25 13:46:08]  strPathFromRoot : EQ_Config\JPS\Readonly\Table\
[Get_Current_Directory 2012-05-25 13:46:08]  Current Directory : /c:/CELL
[Remote_Change_Directory 2012-05-25 13:46:08]  Directory change success. Current directory : /c:/CELL/EQ_Config/JPS/Readonly/Table/
[FTP_Get_FileList 2012-05-25 13:46:08]  Path.csv does not exist.
[Remote_Change_Directory 2012-05-25 13:46:08]  strPathFromRoot : EQ_Config\JPS\Readonly\Table\
[Get_Current_Directory 2012-05-25 13:46:08]  Current Directory : /c:/CELL
[Remote_Change_Directory 2012-05-25 13:46:08]  Directory change success. Current directory : /c:/CELL/EQ_Config/JPS/Readonly/Table/
[Get_File_From_Host 2012-05-25 13:46:08]  Path.csv download fail.
[Disconnect_FTP_Client 2012-05-25 13:46:08]  FTP Disconnect
[Open_Session 2012-05-25 13:46:08]  FTP Port Open
[Connect_FTP_Client 2012-05-25 13:46:08]  FTP Connect Succeed
[Remote_Change_Directory 2012-05-25 13:46:08]  strPathFromRoot : \
[Get_Current_Directory 2012-05-25 13:46:08]  Current Directory : /c:/CELL
[Remote_Change_Directory 2012-05-25 13:46:08]  Directory change success. Current directory : /c:/CELL/
[Remote_Change_Directory 2012-05-25 13:46:08]  strPathFromRoot : EQ_Config\JPS\Readonly\User\
[Get_Current_Directory 2012-05-25 13:46:08]  Current Directory : /c:/CELL
[Remote_Change_Directory 2012-05-25 13:46:08]  Directory change success. Current directory : /c:/CELL/EQ_Config/JPS/Readonly/User/
[Remote_Change_Directory 2012-05-25 13:46:08]  strPathFromRoot : EQ_Config\JPS\Readonly\User\
[Get_Current_Directory 2012-05-25 13:46:08]  Current Directory : /c:/CELL
[Remote_Change_Directory 2012-05-25 13:46:08]  Directory change success. Current directory : /c:/CELL/EQ_Config/JPS/Readonly/User/
[Get_File_From_Host 2012-05-25 13:46:08]  User.csv download success.
[Disconnect_FTP_Client 2012-05-25 13:46:08]  FTP Disconnect
[Open_Session 2012-05-25 13:46:08]  FTP Port Open
[Connect_FTP_Client 2012-05-25 13:46:08]  FTP Connect Succeed
[Remote_Change_Directory 2012-05-25 13:46:08]  strPathFromRoot : \
[Get_Current_Directory 2012-05-25 13:46:08]  Current Directory : /c:/CELL
[Remote_Change_Directory 2012-05-25 13:46:08]  Directory change success. Current directory : /c:/CELL/
[Remote_Change_Directory 2012-05-25 13:46:08]  strPathFromRoot : EQ_Config\JPS\Readonly\Table\
[Get_Current_Directory 2012-05-25 13:46:08]  Current Directory : /c:/CELL
[Remote_Change_Directory 2012-05-25 13:46:08]  Directory change success. Current directory : /c:/CELL/EQ_Config/JPS/Readonly/Table/
[FTP_Get_File_from_List 2012-05-25 13:46:08]  Control.csv download success.
[FTP_Get_File_from_List 2012-05-25 13:46:08]  checkTFTPanelID1.csv download success.
[FTP_Get_File_from_List 2012-05-25 13:46:08]  checkTFTPanelID2.csv download success.
[FTP_Get_File_from_List 2012-05-25 13:46:08]  checkTFTPanelID3.csv download success.
[FTP_Get_File_from_List 2012-05-25 13:46:08]  checkTFTPanelID4.csv download success.
[FTP_Get_File_from_List 2012-05-25 13:46:08]  checkTFTPanelID5.csv download success.
[FTP_Get_File_from_List 2012-05-25 13:46:08]  checkTFTPanelID6.csv download success.
[FTP_Get_File_from_List 2012-05-25 13:46:08]  checkTFTPanelID7.csv download success.
[FTP_Get_File_from_List 2012-05-25 13:46:08]  checkTFTPanelID8.csv download success.
[FTP_Get_File_from_List 2012-05-25 13:46:08]  checkTFTPanelID9.csv download success.
[FTP_Get_File_from_List 2012-05-25 13:46:08]  checkTFTPanelID10.csv download success.
[FTP_Get_File_from_List 2012-05-25 13:46:08]  checkCFPanelID1.csv download success.
[FTP_Get_File_from_List 2012-05-25 13:46:08]  checkCFPanelID2.csv download success.
[FTP_Get_File_from_List 2012-05-25 13:46:08]  checkCFPanelID3.csv download success.
[Main 2012-05-25 13:47:14]  JPS program start.
[Open_Session 2012-05-25 13:47:17]  FTP Port Open
[Connect_FTP_Client 2012-05-25 13:47:17]  FTP Connect Succeed
[Remote_Change_Directory 2012-05-25 13:47:17]  strPathFromRoot : \
[Get_Current_Directory 2012-05-25 13:47:17]  Current Directory : /c:/CELL
[Remote_Change_Directory 2012-05-25 13:47:17]  Directory change success. Current directory : /c:/CELL/
[Remote_Change_Directory 2012-05-25 13:47:17]  strPathFromRoot : EQ_Config\JPS\Readonly\Table\
[Get_Current_Directory 2012-05-25 13:47:17]  Current Directory : /c:/CELL
[Remote_Change_Directory 2012-05-25 13:47:17]  Directory change success. Current directory : /c:/CELL/EQ_Config/JPS/Readonly/Table/
[FTP_Get_FileList 2012-05-25 13:47:17]  Path.csv does not exist.
[Remote_Change_Directory 2012-05-25 13:47:17]  strPathFromRoot : EQ_Config\JPS\Readonly\Table\
[Get_Current_Directory 2012-05-25 13:47:17]  Current Directory : /c:/CELL
[Remote_Change_Directory 2012-05-25 13:47:17]  Directory change success. Current directory : /c:/CELL/EQ_Config/JPS/Readonly/Table/
[Get_File_From_Host 2012-05-25 13:47:17]  Path.csv download fail.
[Disconnect_FTP_Client 2012-05-25 13:47:17]  FTP Disconnect
[Open_Session 2012-05-25 13:47:17]  FTP Port Open
[Connect_FTP_Client 2012-05-25 13:47:17]  FTP Connect Succeed
[Remote_Change_Directory 2012-05-25 13:47:17]  strPathFromRoot : \
[Get_Current_Directory 2012-05-25 13:47:17]  Current Directory : /c:/CELL
[Remote_Change_Directory 2012-05-25 13:47:17]  Directory change success. Current directory : /c:/CELL/
[Remote_Change_Directory 2012-05-25 13:47:17]  strPathFromRoot : EQ_Config\JPS\Readonly\User\
[Get_Current_Directory 2012-05-25 13:47:17]  Current Directory : /c:/CELL
[Remote_Change_Directory 2012-05-25 13:47:17]  Directory change success. Current directory : /c:/CELL/EQ_Config/JPS/Readonly/User/
[Remote_Change_Directory 2012-05-25 13:47:17]  strPathFromRoot : EQ_Config\JPS\Readonly\User\
[Get_Current_Directory 2012-05-25 13:47:17]  Current Directory : /c:/CELL
[Remote_Change_Directory 2012-05-25 13:47:17]  Directory change success. Current directory : /c:/CELL/EQ_Config/JPS/Readonly/User/
[Get_File_From_Host 2012-05-25 13:47:17]  User.csv download success.
[Disconnect_FTP_Client 2012-05-25 13:47:17]  FTP Disconnect
[Open_Session 2012-05-25 13:47:17]  FTP Port Open
[Connect_FTP_Client 2012-05-25 13:47:17]  FTP Connect Succeed
[Remote_Change_Directory 2012-05-25 13:47:17]  strPathFromRoot : \
[Get_Current_Directory 2012-05-25 13:47:17]  Current Directory : /c:/CELL
[Remote_Change_Directory 2012-05-25 13:47:17]  Directory change success. Current directory : /c:/CELL/
[Remote_Change_Directory 2012-05-25 13:47:17]  strPathFromRoot : EQ_Config\JPS\Readonly\Table\
[Get_Current_Directory 2012-05-25 13:47:17]  Current Directory : /c:/CELL
[Remote_Change_Directory 2012-05-25 13:47:17]  Directory change success. Current directory : /c:/CELL/EQ_Config/JPS/Readonly/Table/
[FTP_Get_File_from_List 2012-05-25 13:47:17]  Control.csv download success.
[FTP_Get_File_from_List 2012-05-25 13:47:17]  checkTFTPanelID1.csv download success.
[FTP_Get_File_from_List 2012-05-25 13:47:17]  checkTFTPanelID2.csv download success.
[FTP_Get_File_from_List 2012-05-25 13:47:17]  checkTFTPanelID3.csv download success.
[FTP_Get_File_from_List 2012-05-25 13:47:17]  checkTFTPanelID4.csv download success.
[FTP_Get_File_from_List 2012-05-25 13:47:17]  checkTFTPanelID5.csv download success.
[FTP_Get_File_from_List 2012-05-25 13:47:17]  checkTFTPanelID6.csv download success.
[FTP_Get_File_from_List 2012-05-25 13:47:17]  checkTFTPanelID7.csv download success.
[FTP_Get_File_from_List 2012-05-25 13:47:17]  checkTFTPanelID8.csv download success.
[FTP_Get_File_from_List 2012-05-25 13:47:17]  checkTFTPanelID9.csv download success.
[FTP_Get_File_from_List 2012-05-25 13:47:17]  checkTFTPanelID10.csv download success.
[FTP_Get_File_from_List 2012-05-25 13:47:17]  checkCFPanelID1.csv download success.
[FTP_Get_File_from_List 2012-05-25 13:47:17]  checkCFPanelID2.csv download success.
[FTP_Get_File_from_List 2012-05-25 13:47:17]  checkCFPanelID3.csv download success.
[FTP_Get_File_from_List 2012-05-25 13:47:17]  PostJudgeOtherRule1.csv download success.
[tmrCommand_Timer 2012-05-25 13:47:25]  Command Queue Message : @RONT20110601103432SB22V513222222ONCATST161LUCASCAS00,
[Open_Session 2012-05-25 13:47:25]  FTP Port Open
[Connect_FTP_Client 2012-05-25 13:47:25]  FTP Connect Succeed
[Remote_Change_Directory 2012-05-25 13:47:25]  strPathFromRoot : \
[Get_Current_Directory 2012-05-25 13:47:25]  Current Directory : /c:/CELL
[Remote_Change_Directory 2012-05-25 13:47:25]  Directory change success. Current directory : /c:/CELL/
[Remote_Change_Directory 2012-05-25 13:47:25]  strPathFromRoot : \EQ_Config\JPS\Version\
[Get_Current_Directory 2012-05-25 13:47:25]  Current Directory : /c:/CELL
[Remote_Change_Directory 2012-05-25 13:47:25]  Directory change success. Current directory : /c:/CELL/EQ_Config/JPS/Version/
[FTP_PUT_File 2012-05-25 13:47:25]  FTP File Write succeed. File Name : Version_CAJPS161.dat
[Disconnect_FTP_Client 2012-05-25 13:47:25]  FTP Disconnect
[tmrCommand_Timer 2012-05-25 13:47:33]  Command Queue Message : @RBBCTA1A0140AK02EEE198CAB204  CA31502AAA00Prod460001                                                                                                                                                                        13156  TA1A0140AK02                                                B31501221801                                 CA31501AAA05RESD      0740072000056Y  MKTA220067AV05    11223344112345672637                       194TA220067AV05PCA31501AAA05  4650P3150-07T001                            MODULE    FA1CF985CDTA220067N00TA220067AV                                                                B31501221801      TA220067AV05TA220067AV05,
[Open_Session 2012-05-25 13:47:52]  FTP Port Open
[Connect_FTP_Client 2012-05-25 13:47:52]  FTP Connect Succeed
[Remote_Change_Directory 2012-05-25 13:47:52]  strPathFromRoot : \
[Get_Current_Directory 2012-05-25 13:47:52]  Current Directory : /c:/CELL
[Remote_Change_Directory 2012-05-25 13:47:52]  Directory change success. Current directory : /c:/CELL/
[Remote_Change_Directory 2012-05-25 13:47:52]  strPathFromRoot : LINK\CATST\31501\TA1A0\TA1A0140\TA1A0140AK02\
[Get_Current_Directory 2012-05-25 13:47:52]  Current Directory : /c:/CELL
[Remote_Change_Directory 2012-05-25 13:47:52]  Directory change success. Current directory : /c:/CELL/LINK/CATST/31501/TA1A0/TA1A0140/TA1A0140AK02/
[FTP_Get_FileList 2012-05-25 13:47:52]  TA1A0140AK02.csv does not exist.
[Remote_Change_Directory 2012-05-25 13:47:52]  strPathFromRoot : LINK\CATST\31501\TA1A0\TA1A0140\TA1A0140AK02\
[Get_Current_Directory 2012-05-25 13:47:52]  Current Directory : /c:/CELL
[Remote_Change_Directory 2012-05-25 13:47:52]  Directory change success. Current directory : /c:/CELL/LINK/CATST/31501/TA1A0/TA1A0140/TA1A0140AK02/
[Get_File_From_Host 2012-05-25 13:47:52]  TA1A0140AK02.csv download fail.
[Disconnect_FTP_Client 2012-05-25 13:47:52]  FTP Disconnect
[Open_Session 2012-05-25 13:47:52]  FTP Port Open
[Connect_FTP_Client 2012-05-25 13:47:52]  FTP Connect Succeed
[Remote_Change_Directory 2012-05-25 13:47:52]  strPathFromRoot : \
[Get_Current_Directory 2012-05-25 13:47:52]  Current Directory : /c:/CELL
[Remote_Change_Directory 2012-05-25 13:47:52]  Directory change success. Current directory : /c:/CELL/
[Remote_Change_Directory 2012-05-25 13:47:52]  strPathFromRoot : EQ_Config\JPS\Readonly\Pattern\
[Get_Current_Directory 2012-05-25 13:47:52]  Current Directory : /c:/CELL
[Remote_Change_Directory 2012-05-25 13:47:52]  Directory change success. Current directory : /c:/CELL/EQ_Config/JPS/Readonly/Pattern/
[Remote_Change_Directory 2012-05-25 13:47:52]  strPathFromRoot : EQ_Config\JPS\Readonly\Pattern\
[Get_Current_Directory 2012-05-25 13:47:52]  Current Directory : /c:/CELL
[Remote_Change_Directory 2012-05-25 13:47:52]  Directory change success. Current directory : /c:/CELL/EQ_Config/JPS/Readonly/Pattern/
[Get_File_From_Host 2012-05-25 13:47:52]  P315024600.csv download success.
[Disconnect_FTP_Client 2012-05-25 13:47:52]  FTP Disconnect
[Open_Session 2012-05-25 13:47:52]  FTP Port Open
[Connect_FTP_Client 2012-05-25 13:47:52]  FTP Connect Succeed
[Remote_Change_Directory 2012-05-25 13:47:52]  strPathFromRoot : \
[Get_Current_Directory 2012-05-25 13:47:52]  Current Directory : /c:/CELL
[Remote_Change_Directory 2012-05-25 13:47:52]  Directory change success. Current directory : /c:/CELL/
[Remote_Change_Directory 2012-05-25 13:47:52]  strPathFromRoot : Link\CATST\31501\TA1A0\TA1A0140\TA1A0140AK02\
[Get_Current_Directory 2012-05-25 13:47:52]  Current Directory : /c:/CELL
[Remote_Change_Directory 2012-05-25 13:47:52]  Directory change success. Current directory : /c:/CELL/Link/CATST/31501/TA1A0/TA1A0140/TA1A0140AK02/
[FTP_Get_FileList 2012-05-25 13:47:52]  TA1A0140AK02.csv does not exist.
[Remote_Change_Directory 2012-05-25 13:47:52]  strPathFromRoot : Link\CATST\31501\TA1A0\TA1A0140\TA1A0140AK02\
[Get_Current_Directory 2012-05-25 13:47:52]  Current Directory : /c:/CELL
[Remote_Change_Directory 2012-05-25 13:47:52]  Directory change success. Current directory : /c:/CELL/Link/CATST/31501/TA1A0/TA1A0140/TA1A0140AK02/
[Get_File_From_Host 2012-05-25 13:47:52]  TA1A0140AK02.csv download fail.
[Disconnect_FTP_Client 2012-05-25 13:47:52]  FTP Disconnect
[Open_Session 2012-05-25 13:47:52]  FTP Port Open
[Connect_FTP_Client 2012-05-25 13:47:52]  FTP Connect Succeed
[Remote_Change_Directory 2012-05-25 13:47:52]  strPathFromRoot : \
[Get_Current_Directory 2012-05-25 13:47:52]  Current Directory : /c:/CELL
[Remote_Change_Directory 2012-05-25 13:47:52]  Directory change success. Current directory : /c:/CELL/
[Remote_Change_Directory 2012-05-25 13:47:52]  strPathFromRoot : CATST\CA31501AAA00\TA1A0\TA1A0140\TA1A0140AK02\BACKUP\
[Get_Current_Directory 2012-05-25 13:47:52]  Current Directory : /c:/CELL
[Remote_Change_Directory 2012-05-25 13:47:52]  Directory change success. Current directory : /c:/CELL/CATST/CA31501AAA00/TA1A0/TA1A0140/TA1A0140AK02/BACKUP/
[tmrCommand_Timer 2012-05-25 13:47:56]  Command Queue Message : @RABCTA1A0140AK02EEE198CAB204  CA31502AAA00Prod460001                                                                                                                                                                        13156  TA1A0140AK02                                                B31501221801                                 CA31501AAA05RESD      0740072000056Y  MKTA220067AV05    11223344112345672637                       194TA220067AV05PCA31501AAA05  4650P3150-07T001                            MODULE    FA1CF985CDTA220067N00TA220067AV                                                                B31501221801      TA220067AV05TA220067AV05,
[Open_Session 2012-05-25 13:48:07]  FTP Port Open
[Connect_FTP_Client 2012-05-25 13:48:07]  FTP Connect Succeed
[Remote_Change_Directory 2012-05-25 13:48:07]  strPathFromRoot : \
[Get_Current_Directory 2012-05-25 13:48:07]  Current Directory : /c:/CELL
[Remote_Change_Directory 2012-05-25 13:48:07]  Directory change success. Current directory : /c:/CELL/
[Remote_Change_Directory 2012-05-25 13:48:07]  strPathFromRoot : EQ_Config\JPS\Readonly\C:\Users\liaxiaop\Desktop\D\Work\JPS\Ver0.9.26\Env\Standard_Info\\
[Get_Current_Directory 2012-05-25 13:48:07]  Current Directory : /c:/CELL
[Create_Remote_Directory 2012-05-25 13:48:07]  /c:/CELL/EQ_Config/JPS/Readonly/C:/ create failed.
[Remote_Change_Direcotry 2012-05-25 13:48:07]  /c:/CELL/EQ_Config/JPS/Readonly/C:/ create fail.
[FTP_Get_FileList 2012-05-25 13:48:07]  FTP Connectin fail.
[Remote_Change_Directory 2012-05-25 13:48:07]  strPathFromRoot : EQ_Config\JPS\Readonly\C:\Users\liaxiaop\Desktop\D\Work\JPS\Ver0.9.26\Env\Standard_Info\\
[Get_Current_Directory 2012-05-25 13:48:07]  Current Directory : /c:/CELL
[Create_Remote_Directory 2012-05-25 13:48:07]  /c:/CELL/EQ_Config/JPS/Readonly/C:/ create failed.
[Remote_Change_Direcotry 2012-05-25 13:48:07]  /c:/CELL/EQ_Config/JPS/Readonly/C:/ create fail.
[FTP_Get_File 2012-05-25 13:48:07]  FTP Connectin fail.
[Get_File_From_Host 2012-05-25 13:48:07]  P315024600.ran download fail.
[Disconnect_FTP_Client 2012-05-25 13:48:07]  FTP Disconnect
[Read_Rank_Data 2012-05-25 13:48:07]  C:\Users\liaxiaop\Desktop\D\Work\JPS\Ver0.9.26\DB\P315024600.mdb create.
[Open_Session 2012-05-25 13:48:07]  FTP Port Open
[Connect_FTP_Client 2012-05-25 13:48:07]  FTP Connect Succeed
[Remote_Change_Directory 2012-05-25 13:48:07]  strPathFromRoot : \
[Get_Current_Directory 2012-05-25 13:48:07]  Current Directory : /c:/CELL
[Remote_Change_Directory 2012-05-25 13:48:07]  Directory change success. Current directory : /c:/CELL/
[Remote_Change_Directory 2012-05-25 13:48:07]  strPathFromRoot : EQ_Config\JPS\Readonly\RankSet\
[Get_Current_Directory 2012-05-25 13:48:07]  Current Directory : /c:/CELL
[Remote_Change_Directory 2012-05-25 13:48:07]  Directory change success. Current directory : /c:/CELL/EQ_Config/JPS/Readonly/RankSet/
[Remote_Change_Directory 2012-05-25 13:48:07]  strPathFromRoot : EQ_Config\JPS\Readonly\RankSet\
[Get_Current_Directory 2012-05-25 13:48:07]  Current Directory : /c:/CELL
[Remote_Change_Directory 2012-05-25 13:48:08]  Directory change success. Current directory : /c:/CELL/EQ_Config/JPS/Readonly/RankSet/
[Get_File_From_Host 2012-05-25 13:48:08]  P315024600.ran download success.
[Disconnect_FTP_Client 2012-05-25 13:48:08]  FTP Disconnect
[Decode_CATST_After_Block_Contact 2012-05-25 13:48:11]  Manual Judge window load.
[Main 2012-05-25 13:49:27]  JPS program start.
[Open_Session 2012-05-25 13:49:29]  FTP Port Open
[Connect_FTP_Client 2012-05-25 13:49:29]  FTP Connect Succeed
[Remote_Change_Directory 2012-05-25 13:49:29]  strPathFromRoot : \
[Get_Current_Directory 2012-05-25 13:49:29]  Current Directory : /c:/CELL
[Remote_Change_Directory 2012-05-25 13:49:29]  Directory change success. Current directory : /c:/CELL/
[Remote_Change_Directory 2012-05-25 13:49:29]  strPathFromRoot : EQ_Config\JPS\Readonly\Table\
[Get_Current_Directory 2012-05-25 13:49:29]  Current Directory : /c:/CELL
[Remote_Change_Directory 2012-05-25 13:49:29]  Directory change success. Current directory : /c:/CELL/EQ_Config/JPS/Readonly/Table/
[FTP_Get_FileList 2012-05-25 13:49:29]  Path.csv does not exist.
[Remote_Change_Directory 2012-05-25 13:49:29]  strPathFromRoot : EQ_Config\JPS\Readonly\Table\
[Get_Current_Directory 2012-05-25 13:49:29]  Current Directory : /c:/CELL
[Remote_Change_Directory 2012-05-25 13:49:29]  Directory change success. Current directory : /c:/CELL/EQ_Config/JPS/Readonly/Table/
[Get_File_From_Host 2012-05-25 13:49:29]  Path.csv download fail.
[Disconnect_FTP_Client 2012-05-25 13:49:29]  FTP Disconnect
[Open_Session 2012-05-25 13:49:29]  FTP Port Open
[Connect_FTP_Client 2012-05-25 13:49:29]  FTP Connect Succeed
[Remote_Change_Directory 2012-05-25 13:49:29]  strPathFromRoot : \
[Get_Current_Directory 2012-05-25 13:49:29]  Current Directory : /c:/CELL
[Remote_Change_Directory 2012-05-25 13:49:29]  Directory change success. Current directory : /c:/CELL/
[Remote_Change_Directory 2012-05-25 13:49:29]  strPathFromRoot : EQ_Config\JPS\Readonly\User\
[Get_Current_Directory 2012-05-25 13:49:29]  Current Directory : /c:/CELL
[Remote_Change_Directory 2012-05-25 13:49:29]  Directory change success. Current directory : /c:/CELL/EQ_Config/JPS/Readonly/User/
[Remote_Change_Directory 2012-05-25 13:49:29]  strPathFromRoot : EQ_Config\JPS\Readonly\User\
[Get_Current_Directory 2012-05-25 13:49:29]  Current Directory : /c:/CELL
[Remote_Change_Directory 2012-05-25 13:49:29]  Directory change success. Current directory : /c:/CELL/EQ_Config/JPS/Readonly/User/
[Get_File_From_Host 2012-05-25 13:49:29]  User.csv download success.
[Disconnect_FTP_Client 2012-05-25 13:49:29]  FTP Disconnect
[Open_Session 2012-05-25 13:49:29]  FTP Port Open
[Connect_FTP_Client 2012-05-25 13:49:29]  FTP Connect Succeed
[Remote_Change_Directory 2012-05-25 13:49:29]  strPathFromRoot : \
[Get_Current_Directory 2012-05-25 13:49:29]  Current Directory : /c:/CELL
[Remote_Change_Directory 2012-05-25 13:49:29]  Directory change success. Current directory : /c:/CELL/
[Remote_Change_Directory 2012-05-25 13:49:29]  strPathFromRoot : EQ_Config\JPS\Readonly\Table\
[Get_Current_Directory 2012-05-25 13:49:29]  Current Directory : /c:/CELL
[Remote_Change_Directory 2012-05-25 13:49:29]  Directory change success. Current directory : /c:/CELL/EQ_Config/JPS/Readonly/Table/
[FTP_Get_File_from_List 2012-05-25 13:49:29]  Control.csv download success.
[FTP_Get_File_from_List 2012-05-25 13:49:29]  checkTFTPanelID1.csv download success.
[FTP_Get_File_from_List 2012-05-25 13:49:29]  checkTFTPanelID2.csv download success.
[FTP_Get_File_from_List 2012-05-25 13:49:29]  checkTFTPanelID3.csv download success.
[FTP_Get_File_from_List 2012-05-25 13:49:29]  checkTFTPanelID4.csv download success.
[FTP_Get_File_from_List 2012-05-25 13:49:29]  checkTFTPanelID5.csv download success.
[FTP_Get_File_from_List 2012-05-25 13:49:29]  checkTFTPanelID6.csv download success.
[FTP_Get_File_from_List 2012-05-25 13:49:29]  checkTFTPanelID7.csv download success.
[FTP_Get_File_from_List 2012-05-25 13:49:29]  checkTFTPanelID8.csv download success.
[FTP_Get_File_from_List 2012-05-25 13:49:29]  checkTFTPanelID9.csv download success.
[FTP_Get_File_from_List 2012-05-25 13:49:29]  checkTFTPanelID10.csv download success.
[FTP_Get_File_from_List 2012-05-25 13:49:29]  checkCFPanelID1.csv download success.
[FTP_Get_File_from_List 2012-05-25 13:49:29]  checkCFPanelID2.csv download success.
[FTP_Get_File_from_List 2012-05-25 13:49:29]  checkCFPanelID3.csv download success.
[FTP_Get_File_from_List 2012-05-25 13:49:29]  checkCFPanelID4.csv download success.
[tmrCommand_Timer 2012-05-25 13:49:34]  Command Queue Message : @RONT20110601103432SB22V513222222ONCATST161LUCASCAS00,
[Open_Session 2012-05-25 13:49:34]  FTP Port Open
[Connect_FTP_Client 2012-05-25 13:49:34]  FTP Connect Succeed
[Remote_Change_Directory 2012-05-25 13:49:34]  strPathFromRoot : \
[Get_Current_Directory 2012-05-25 13:49:34]  Current Directory : /c:/CELL
[Remote_Change_Directory 2012-05-25 13:49:34]  Directory change success. Current directory : /c:/CELL/
[Remote_Change_Directory 2012-05-25 13:49:34]  strPathFromRoot : \EQ_Config\JPS\Version\
[Get_Current_Directory 2012-05-25 13:49:34]  Current Directory : /c:/CELL
[Remote_Change_Directory 2012-05-25 13:49:34]  Directory change success. Current directory : /c:/CELL/EQ_Config/JPS/Version/
[FTP_PUT_File 2012-05-25 13:49:34]  FTP File Write succeed. File Name : Version_CAJPS161.dat
[Disconnect_FTP_Client 2012-05-25 13:49:34]  FTP Disconnect
[tmrCommand_Timer 2012-05-25 13:50:22]  Command Queue Message : @RBBCTA1A0140AK02EEE198CAB204  CA31502AAA00Prod460001                                                                                                                                                                        13156  TA1A0140AK02                                                B31501221801                                 CA31501AAA05RESD      0740072000056Y  MKTA220067AV05    11223344112345672637                       194TA220067AV05PCA31501AAA05  4650P3150-07T001                            MODULE    FA1CF985CDTA220067N00TA220067AV                                                                B31501221801      TA220067AV05TA220067AV05,
[Open_Session 2012-05-25 13:50:41]  FTP Port Open
[Connect_FTP_Client 2012-05-25 13:50:41]  FTP Connect Succeed
[Remote_Change_Directory 2012-05-25 13:50:41]  strPathFromRoot : \
[Get_Current_Directory 2012-05-25 13:50:41]  Current Directory : /c:/CELL
[Remote_Change_Directory 2012-05-25 13:50:41]  Directory change success. Current directory : /c:/CELL/
[Remote_Change_Directory 2012-05-25 13:50:41]  strPathFromRoot : LINK\CATST\31501\TA1A0\TA1A0140\TA1A0140AK02\
[Get_Current_Directory 2012-05-25 13:50:41]  Current Directory : /c:/CELL
[Remote_Change_Directory 2012-05-25 13:50:41]  Directory change success. Current directory : /c:/CELL/LINK/CATST/31501/TA1A0/TA1A0140/TA1A0140AK02/
[FTP_Get_FileList 2012-05-25 13:50:41]  TA1A0140AK02.csv does not exist.
[Remote_Change_Directory 2012-05-25 13:50:41]  strPathFromRoot : LINK\CATST\31501\TA1A0\TA1A0140\TA1A0140AK02\
[Get_Current_Directory 2012-05-25 13:50:41]  Current Directory : /c:/CELL
[Remote_Change_Directory 2012-05-25 13:50:41]  Directory change success. Current directory : /c:/CELL/LINK/CATST/31501/TA1A0/TA1A0140/TA1A0140AK02/
[Get_File_From_Host 2012-05-25 13:50:41]  TA1A0140AK02.csv download fail.
[Disconnect_FTP_Client 2012-05-25 13:50:41]  FTP Disconnect
[Open_Session 2012-05-25 13:50:41]  FTP Port Open
[Connect_FTP_Client 2012-05-25 13:50:41]  FTP Connect Succeed
[Remote_Change_Directory 2012-05-25 13:50:41]  strPathFromRoot : \
[Get_Current_Directory 2012-05-25 13:50:41]  Current Directory : /c:/CELL
[Remote_Change_Directory 2012-05-25 13:50:41]  Directory change success. Current directory : /c:/CELL/
[Remote_Change_Directory 2012-05-25 13:50:41]  strPathFromRoot : EQ_Config\JPS\Readonly\Pattern\
[Get_Current_Directory 2012-05-25 13:50:41]  Current Directory : /c:/CELL
[Remote_Change_Directory 2012-05-25 13:50:41]  Directory change success. Current directory : /c:/CELL/EQ_Config/JPS/Readonly/Pattern/
[Remote_Change_Directory 2012-05-25 13:50:41]  strPathFromRoot : EQ_Config\JPS\Readonly\Pattern\
[Get_Current_Directory 2012-05-25 13:50:41]  Current Directory : /c:/CELL
[Remote_Change_Directory 2012-05-25 13:50:41]  Directory change success. Current directory : /c:/CELL/EQ_Config/JPS/Readonly/Pattern/
[Get_File_From_Host 2012-05-25 13:50:41]  P315024600.csv download success.
[Disconnect_FTP_Client 2012-05-25 13:50:41]  FTP Disconnect
[Open_Session 2012-05-25 13:50:41]  FTP Port Open
[Connect_FTP_Client 2012-05-25 13:50:41]  FTP Connect Succeed
[Remote_Change_Directory 2012-05-25 13:50:41]  strPathFromRoot : \
[Get_Current_Directory 2012-05-25 13:50:41]  Current Directory : /c:/CELL
[Remote_Change_Directory 2012-05-25 13:50:41]  Directory change success. Current directory : /c:/CELL/
[Remote_Change_Directory 2012-05-25 13:50:41]  strPathFromRoot : Link\CATST\31501\TA1A0\TA1A0140\TA1A0140AK02\
[Get_Current_Directory 2012-05-25 13:50:41]  Current Directory : /c:/CELL
[Remote_Change_Directory 2012-05-25 13:50:41]  Directory change success. Current directory : /c:/CELL/Link/CATST/31501/TA1A0/TA1A0140/TA1A0140AK02/
[FTP_Get_FileList 2012-05-25 13:50:41]  TA1A0140AK02.csv does not exist.
[Remote_Change_Directory 2012-05-25 13:50:41]  strPathFromRoot : Link\CATST\31501\TA1A0\TA1A0140\TA1A0140AK02\
[Get_Current_Directory 2012-05-25 13:50:41]  Current Directory : /c:/CELL
[Remote_Change_Directory 2012-05-25 13:50:41]  Directory change success. Current directory : /c:/CELL/Link/CATST/31501/TA1A0/TA1A0140/TA1A0140AK02/
[Get_File_From_Host 2012-05-25 13:50:41]  TA1A0140AK02.csv download fail.
[Disconnect_FTP_Client 2012-05-25 13:50:41]  FTP Disconnect
[Open_Session 2012-05-25 13:50:41]  FTP Port Open
[Connect_FTP_Client 2012-05-25 13:50:41]  FTP Connect Succeed
[Remote_Change_Directory 2012-05-25 13:50:41]  strPathFromRoot : \
[Get_Current_Directory 2012-05-25 13:50:41]  Current Directory : /c:/CELL
[Remote_Change_Directory 2012-05-25 13:50:41]  Directory change success. Current directory : /c:/CELL/
[Remote_Change_Directory 2012-05-25 13:50:41]  strPathFromRoot : CATST\CA31501AAA00\TA1A0\TA1A0140\TA1A0140AK02\BACKUP\
[Get_Current_Directory 2012-05-25 13:50:41]  Current Directory : /c:/CELL
[Remote_Change_Directory 2012-05-25 13:50:41]  Directory change success. Current directory : /c:/CELL/CATST/CA31501AAA00/TA1A0/TA1A0140/TA1A0140AK02/BACKUP/
[tmrCommand_Timer 2012-05-25 13:50:48]  Command Queue Message : @RABCTA1A0140AK02EEE198CAB204  CA31502AAA00Prod460001                                                                                                                                                                        13156  TA1A0140AK02                                                B31501221801                                 CA31501AAA05RESD      0740072000056Y  MKTA220067AV05    11223344112345672637                       194TA220067AV05PCA31501AAA05  4650P3150-07T001                            MODULE    FA1CF985CDTA220067N00TA220067AV                                                                B31501221801      TA220067AV05TA220067AV05,
[Open_Session 2012-05-25 13:51:09]  FTP Port Open
[Connect_FTP_Client 2012-05-25 13:51:09]  FTP Connect Succeed
[Remote_Change_Directory 2012-05-25 13:51:09]  strPathFromRoot : \
[Get_Current_Directory 2012-05-25 13:51:09]  Current Directory : /c:/CELL
[Remote_Change_Directory 2012-05-25 13:51:09]  Directory change success. Current directory : /c:/CELL/
[Remote_Change_Directory 2012-05-25 13:51:09]  strPathFromRoot : EQ_Config\JPS\Readonly\C:\Users\liaxiaop\Desktop\D\Work\JPS\Ver0.9.26\Env\Standard_Info\\
[Get_Current_Directory 2012-05-25 13:51:09]  Current Directory : /c:/CELL
[Create_Remote_Directory 2012-05-25 13:51:09]  /c:/CELL/EQ_Config/JPS/Readonly/C:/ create failed.
[Remote_Change_Direcotry 2012-05-25 13:51:09]  /c:/CELL/EQ_Config/JPS/Readonly/C:/ create fail.
[FTP_Get_FileList 2012-05-25 13:51:09]  FTP Connectin fail.
[Remote_Change_Directory 2012-05-25 13:51:09]  strPathFromRoot : EQ_Config\JPS\Readonly\C:\Users\liaxiaop\Desktop\D\Work\JPS\Ver0.9.26\Env\Standard_Info\\
[Get_Current_Directory 2012-05-25 13:51:09]  Current Directory : /c:/CELL
[Create_Remote_Directory 2012-05-25 13:51:09]  /c:/CELL/EQ_Config/JPS/Readonly/C:/ create failed.
[Remote_Change_Direcotry 2012-05-25 13:51:09]  /c:/CELL/EQ_Config/JPS/Readonly/C:/ create fail.
[FTP_Get_File 2012-05-25 13:51:09]  FTP Connectin fail.
[Get_File_From_Host 2012-05-25 13:51:09]  P315024600.ran download fail.
[Disconnect_FTP_Client 2012-05-25 13:51:09]  FTP Disconnect
[Read_Rank_Data 2012-05-25 13:51:09]  C:\Users\liaxiaop\Desktop\D\Work\JPS\Ver0.9.26\DB\P315024600.mdb create.
[Open_Session 2012-05-25 13:51:09]  FTP Port Open
[Connect_FTP_Client 2012-05-25 13:51:09]  FTP Connect Succeed
[Remote_Change_Directory 2012-05-25 13:51:09]  strPathFromRoot : \
[Get_Current_Directory 2012-05-25 13:51:09]  Current Directory : /c:/CELL
[Remote_Change_Directory 2012-05-25 13:51:09]  Directory change success. Current directory : /c:/CELL/
[Remote_Change_Directory 2012-05-25 13:51:09]  strPathFromRoot : EQ_Config\JPS\Readonly\RankSet\
[Get_Current_Directory 2012-05-25 13:51:09]  Current Directory : /c:/CELL
[Remote_Change_Directory 2012-05-25 13:51:09]  Directory change success. Current directory : /c:/CELL/EQ_Config/JPS/Readonly/RankSet/
[Remote_Change_Directory 2012-05-25 13:51:09]  strPathFromRoot : EQ_Config\JPS\Readonly\RankSet\
[Get_Current_Directory 2012-05-25 13:51:09]  Current Directory : /c:/CELL
[Remote_Change_Directory 2012-05-25 13:51:09]  Directory change success. Current directory : /c:/CELL/EQ_Config/JPS/Readonly/RankSet/
[Get_File_From_Host 2012-05-25 13:51:09]  P315024600.ran download success.
[Disconnect_FTP_Client 2012-05-25 13:51:09]  FTP Disconnect
[Decode_CATST_After_Block_Contact 2012-05-25 13:51:14]  Manual Judge window load.
[cmdGrade_Click 2012-05-25 13:54:11]  CPPTC's RANK : H, GRADE : 
[cmdGrade_Click 2012-05-25 13:54:11]  CDBDT's RANK : , GRADE : , Bright Distance : 0
[cmdGrade_Click 2012-05-25 13:54:11]  CDDKD's RANK : , GRADE : , Bright Distance : 0
[cmdGrade_Click 2012-05-25 13:54:11]  CDBDD's RANK : , GRADE : , Bright Distance : 0
[cmdGrade_Click 2012-05-25 13:54:11]  CDBTT's RANK : , GRADE : , Bright Total : 0
[cmdGrade_Click 2012-05-25 13:54:11]  CDDKT's RANK : , GRADE : , Dark Total : 0
[cmdGrade_Click 2012-05-25 13:54:11]  CDBDT's RANK : , GRADE : , Point Total : 0
[Get_Panel_Grade 2012-05-25 13:54:11]  New Grade : 
[PreJudgeGradeChange1 2012-05-25 13:54:11]  New Grade : 
[PreJudgeGradeChange2 2012-05-25 13:54:11]  New Grade : 
[PreJudgeGradeChange3 2012-05-25 13:54:11]  New Grade : 
[PostJudgeOtherRule1 2012-05-25 13:54:11]  New Grade : 
[PostJudgeOtherRule2 2012-05-25 13:54:11]  New Grade : 
[PostJudgeOtherRule3 2012-05-25 13:54:11]  New Grade : 
[PostJudgeGradeChange1 2012-05-25 13:54:11]  New Grade : 
[PostJudgeGradeChange2 2012-05-25 13:54:11]  New Grade : 
[CheckPanelIDChangeGrade1 2012-05-25 13:54:11]  Record does not exist.
[CheckPanelIDChangeGrade2 2012-05-25 13:54:11]  Record does not exist.
[CheckPanelIDChangeGrade3 2012-05-25 13:54:11]  Record does not exist.
[CheckPanelIDChangeGrade4 2012-05-25 13:54:11]  Record does not exist.
[CheckPanelIDChangeGrade5 2012-05-25 13:54:11]  Control value : D
[ChangeGrade 2012-05-25 13:54:11]  New Grade : 
[ChangeGradeByDefectCode 2012-05-25 13:54:11]  New Grade : 
[RepairPointTimes 2012-05-25 13:54:11]  New Grade : 
[FlagChangeGrade 2012-05-25 13:54:11]  New Grade : 
[SKChange 2012-05-25 13:54:11]  New Grade : 
[frmJudge_Form_Unload 2012-05-25 13:54:11]  Manual Judge window unload.
[Main 2012-05-25 13:57:19]  JPS program start.
[Open_Session 2012-05-25 13:57:20]  FTP Port Open
[Connect_FTP_Client 2012-05-25 13:57:20]  FTP Connect Succeed
[Remote_Change_Directory 2012-05-25 13:57:20]  strPathFromRoot : \
[Get_Current_Directory 2012-05-25 13:57:20]  Current Directory : /c:/CELL
[Remote_Change_Directory 2012-05-25 13:57:20]  Directory change success. Current directory : /c:/CELL/
[Remote_Change_Directory 2012-05-25 13:57:20]  strPathFromRoot : EQ_Config\JPS\Readonly\Table\
[Get_Current_Directory 2012-05-25 13:57:20]  Current Directory : /c:/CELL
[Remote_Change_Directory 2012-05-25 13:57:20]  Directory change success. Current directory : /c:/CELL/EQ_Config/JPS/Readonly/Table/
[FTP_Get_FileList 2012-05-25 13:57:20]  Path.csv does not exist.
[Remote_Change_Directory 2012-05-25 13:57:20]  strPathFromRoot : EQ_Config\JPS\Readonly\Table\
[Get_Current_Directory 2012-05-25 13:57:20]  Current Directory : /c:/CELL
[Remote_Change_Directory 2012-05-25 13:57:20]  Directory change success. Current directory : /c:/CELL/EQ_Config/JPS/Readonly/Table/
[Get_File_From_Host 2012-05-25 13:57:20]  Path.csv download fail.
[Disconnect_FTP_Client 2012-05-25 13:57:20]  FTP Disconnect
[Open_Session 2012-05-25 13:57:20]  FTP Port Open
[Connect_FTP_Client 2012-05-25 13:57:20]  FTP Connect Succeed
[Remote_Change_Directory 2012-05-25 13:57:20]  strPathFromRoot : \
[Get_Current_Directory 2012-05-25 13:57:20]  Current Directory : /c:/CELL
[Remote_Change_Directory 2012-05-25 13:57:20]  Directory change success. Current directory : /c:/CELL/
[Remote_Change_Directory 2012-05-25 13:57:20]  strPathFromRoot : EQ_Config\JPS\Readonly\User\
[Get_Current_Directory 2012-05-25 13:57:20]  Current Directory : /c:/CELL
[Remote_Change_Directory 2012-05-25 13:57:20]  Directory change success. Current directory : /c:/CELL/EQ_Config/JPS/Readonly/User/
[Remote_Change_Directory 2012-05-25 13:57:20]  strPathFromRoot : EQ_Config\JPS\Readonly\User\
[Get_Current_Directory 2012-05-25 13:57:20]  Current Directory : /c:/CELL
[Remote_Change_Directory 2012-05-25 13:57:20]  Directory change success. Current directory : /c:/CELL/EQ_Config/JPS/Readonly/User/
[Get_File_From_Host 2012-05-25 13:57:20]  User.csv download success.
[Disconnect_FTP_Client 2012-05-25 13:57:20]  FTP Disconnect
[Open_Session 2012-05-25 13:57:20]  FTP Port Open
[Connect_FTP_Client 2012-05-25 13:57:20]  FTP Connect Succeed
[Remote_Change_Directory 2012-05-25 13:57:20]  strPathFromRoot : \
[Get_Current_Directory 2012-05-25 13:57:20]  Current Directory : /c:/CELL
[Remote_Change_Directory 2012-05-25 13:57:20]  Directory change success. Current directory : /c:/CELL/
[Remote_Change_Directory 2012-05-25 13:57:20]  strPathFromRoot : EQ_Config\JPS\Readonly\Table\
[Get_Current_Directory 2012-05-25 13:57:20]  Current Directory : /c:/CELL
[Remote_Change_Directory 2012-05-25 13:57:20]  Directory change success. Current directory : /c:/CELL/EQ_Config/JPS/Readonly/Table/
[FTP_Get_File_from_List 2012-05-25 13:57:20]  Control.csv download success.
[FTP_Get_File_from_List 2012-05-25 13:57:20]  checkTFTPanelID1.csv download success.
[FTP_Get_File_from_List 2012-05-25 13:57:20]  checkTFTPanelID2.csv download success.
[FTP_Get_File_from_List 2012-05-25 13:57:20]  checkTFTPanelID3.csv download success.
[FTP_Get_File_from_List 2012-05-25 13:57:20]  checkTFTPanelID4.csv download success.
[FTP_Get_File_from_List 2012-05-25 13:57:20]  checkTFTPanelID5.csv download success.
[FTP_Get_File_from_List 2012-05-25 13:57:20]  checkTFTPanelID6.csv download success.
[FTP_Get_File_from_List 2012-05-25 13:57:20]  checkTFTPanelID7.csv download success.
[FTP_Get_File_from_List 2012-05-25 13:57:20]  checkTFTPanelID8.csv download success.
[FTP_Get_File_from_List 2012-05-25 13:57:20]  checkTFTPanelID9.csv download success.
[FTP_Get_File_from_List 2012-05-25 13:57:20]  checkTFTPanelID10.csv download success.
[FTP_Get_File_from_List 2012-05-25 13:57:20]  checkCFPanelID1.csv download success.
[FTP_Get_File_from_List 2012-05-25 13:57:20]  checkCFPanelID2.csv download success.
[FTP_Get_File_from_List 2012-05-25 13:57:20]  checkCFPanelID3.csv download success.
[FTP_Get_File_from_List 2012-05-25 13:57:20]  CheckPanelIDChangeGrade1.csv download success.
[tmrCommand_Timer 2012-05-25 13:57:26]  Command Queue Message : @RONT20110601103432SB22V513222222ONCATST161LUCASCAS00,
[Open_Session 2012-05-25 13:57:26]  FTP Port Open
[Connect_FTP_Client 2012-05-25 13:57:26]  FTP Connect Succeed
[Remote_Change_Directory 2012-05-25 13:57:26]  strPathFromRoot : \
[Get_Current_Directory 2012-05-25 13:57:26]  Current Directory : /c:/CELL
[Remote_Change_Directory 2012-05-25 13:57:26]  Directory change success. Current directory : /c:/CELL/
[Remote_Change_Directory 2012-05-25 13:57:26]  strPathFromRoot : \EQ_Config\JPS\Version\
[Get_Current_Directory 2012-05-25 13:57:26]  Current Directory : /c:/CELL
[Remote_Change_Directory 2012-05-25 13:57:26]  Directory change success. Current directory : /c:/CELL/EQ_Config/JPS/Version/
[FTP_PUT_File 2012-05-25 13:57:26]  FTP File Write succeed. File Name : Version_CAJPS161.dat
[Disconnect_FTP_Client 2012-05-25 13:57:26]  FTP Disconnect
[tmrCommand_Timer 2012-05-25 13:57:56]  Command Queue Message : @RBBCTA1A0140AK02EEE198CAB204  CA31502AAA00Prod460001                                                                                                                                                                        13156  TA1A0140AK02                                                B31501221801                                 CA31501AAA05RESD      0740072000056Y  MKTA220067AV05    11223344112345672637                       194TA220067AV05PCA31501AAA05  4650P3150-07T001                            MODULE    FA1CF985CDTA220067N00TA220067AV                                                                B31501221801      TA220067AV05TA220067AV05,
[Open_Session 2012-05-25 13:58:10]  FTP Port Open
[Connect_FTP_Client 2012-05-25 13:58:10]  FTP Connect Succeed
[Remote_Change_Directory 2012-05-25 13:58:10]  strPathFromRoot : \
[Get_Current_Directory 2012-05-25 13:58:10]  Current Directory : /c:/CELL
[Remote_Change_Directory 2012-05-25 13:58:10]  Directory change success. Current directory : /c:/CELL/
[Remote_Change_Directory 2012-05-25 13:58:10]  strPathFromRoot : LINK\CATST\31501\TA1A0\TA1A0140\TA1A0140AK02\
[Get_Current_Directory 2012-05-25 13:58:10]  Current Directory : /c:/CELL
[Remote_Change_Directory 2012-05-25 13:58:10]  Directory change success. Current directory : /c:/CELL/LINK/CATST/31501/TA1A0/TA1A0140/TA1A0140AK02/
[FTP_Get_FileList 2012-05-25 13:58:10]  TA1A0140AK02.csv does not exist.
[Remote_Change_Directory 2012-05-25 13:58:10]  strPathFromRoot : LINK\CATST\31501\TA1A0\TA1A0140\TA1A0140AK02\
[Get_Current_Directory 2012-05-25 13:58:10]  Current Directory : /c:/CELL
[Remote_Change_Directory 2012-05-25 13:58:10]  Directory change success. Current directory : /c:/CELL/LINK/CATST/31501/TA1A0/TA1A0140/TA1A0140AK02/
[Get_File_From_Host 2012-05-25 13:58:10]  TA1A0140AK02.csv download fail.
[Disconnect_FTP_Client 2012-05-25 13:58:10]  FTP Disconnect
[Open_Session 2012-05-25 13:58:10]  FTP Port Open
[Connect_FTP_Client 2012-05-25 13:58:11]  FTP Connect Succeed
[Remote_Change_Directory 2012-05-25 13:58:11]  strPathFromRoot : \
[Get_Current_Directory 2012-05-25 13:58:11]  Current Directory : /c:/CELL
[Remote_Change_Directory 2012-05-25 13:58:11]  Directory change success. Current directory : /c:/CELL/
[Remote_Change_Directory 2012-05-25 13:58:11]  strPathFromRoot : EQ_Config\JPS\Readonly\Pattern\
[Get_Current_Directory 2012-05-25 13:58:11]  Current Directory : /c:/CELL
[Remote_Change_Directory 2012-05-25 13:58:11]  Directory change success. Current directory : /c:/CELL/EQ_Config/JPS/Readonly/Pattern/
[Remote_Change_Directory 2012-05-25 13:58:11]  strPathFromRoot : EQ_Config\JPS\Readonly\Pattern\
[Get_Current_Directory 2012-05-25 13:58:11]  Current Directory : /c:/CELL
[Remote_Change_Directory 2012-05-25 13:58:11]  Directory change success. Current directory : /c:/CELL/EQ_Config/JPS/Readonly/Pattern/
[Get_File_From_Host 2012-05-25 13:58:11]  P315024600.csv download success.
[Disconnect_FTP_Client 2012-05-25 13:58:11]  FTP Disconnect
[Open_Session 2012-05-25 13:58:11]  FTP Port Open
[Connect_FTP_Client 2012-05-25 13:58:11]  FTP Connect Succeed
[Remote_Change_Directory 2012-05-25 13:58:11]  strPathFromRoot : \
[Get_Current_Directory 2012-05-25 13:58:11]  Current Directory : /c:/CELL
[Remote_Change_Directory 2012-05-25 13:58:11]  Directory change success. Current directory : /c:/CELL/
[Remote_Change_Directory 2012-05-25 13:58:11]  strPathFromRoot : Link\CATST\31501\TA1A0\TA1A0140\TA1A0140AK02\
[Get_Current_Directory 2012-05-25 13:58:11]  Current Directory : /c:/CELL
[Remote_Change_Directory 2012-05-25 13:58:11]  Directory change success. Current directory : /c:/CELL/Link/CATST/31501/TA1A0/TA1A0140/TA1A0140AK02/
[FTP_Get_FileList 2012-05-25 13:58:11]  TA1A0140AK02.csv does not exist.
[Remote_Change_Directory 2012-05-25 13:58:11]  strPathFromRoot : Link\CATST\31501\TA1A0\TA1A0140\TA1A0140AK02\
[Get_Current_Directory 2012-05-25 13:58:11]  Current Directory : /c:/CELL
[Remote_Change_Directory 2012-05-25 13:58:11]  Directory change success. Current directory : /c:/CELL/Link/CATST/31501/TA1A0/TA1A0140/TA1A0140AK02/
[Get_File_From_Host 2012-05-25 13:58:11]  TA1A0140AK02.csv download fail.
[Disconnect_FTP_Client 2012-05-25 13:58:11]  FTP Disconnect
[Open_Session 2012-05-25 13:58:11]  FTP Port Open
[Connect_FTP_Client 2012-05-25 13:58:11]  FTP Connect Succeed
[Remote_Change_Directory 2012-05-25 13:58:11]  strPathFromRoot : \
[Get_Current_Directory 2012-05-25 13:58:11]  Current Directory : /c:/CELL
[Remote_Change_Directory 2012-05-25 13:58:11]  Directory change success. Current directory : /c:/CELL/
[Remote_Change_Directory 2012-05-25 13:58:11]  strPathFromRoot : CATST\CA31501AAA00\TA1A0\TA1A0140\TA1A0140AK02\BACKUP\
[Get_Current_Directory 2012-05-25 13:58:11]  Current Directory : /c:/CELL
[Remote_Change_Directory 2012-05-25 13:58:11]  Directory change success. Current directory : /c:/CELL/CATST/CA31501AAA00/TA1A0/TA1A0140/TA1A0140AK02/BACKUP/
[tmrCommand_Timer 2012-05-25 13:58:14]  Command Queue Message : @RABCTA1A0140AK02EEE198CAB204  CA31502AAA00Prod460001                                                                                                                                                                        13156  TA1A0140AK02                                                B31501221801                                 CA31501AAA05RESD      0740072000056Y  MKTA220067AV05    11223344112345672637                       194TA220067AV05PCA31501AAA05  4650P3150-07T001                            MODULE    FA1CF985CDTA220067N00TA220067AV                                                                B31501221801      TA220067AV05TA220067AV05,
[Open_Session 2012-05-25 13:58:22]  FTP Port Open
[Connect_FTP_Client 2012-05-25 13:58:22]  FTP Connect Succeed
[Remote_Change_Directory 2012-05-25 13:58:22]  strPathFromRoot : \
[Get_Current_Directory 2012-05-25 13:58:22]  Current Directory : /c:/CELL
[Remote_Change_Directory 2012-05-25 13:58:22]  Directory change success. Current directory : /c:/CELL/
[Remote_Change_Directory 2012-05-25 13:58:22]  strPathFromRoot : EQ_Config\JPS\Readonly\C:\Users\liaxiaop\Desktop\D\Work\JPS\Ver0.9.26\Env\Standard_Info\\
[Get_Current_Directory 2012-05-25 13:58:22]  Current Directory : /c:/CELL
[Create_Remote_Directory 2012-05-25 13:58:22]  /c:/CELL/EQ_Config/JPS/Readonly/C:/ create failed.
[Remote_Change_Direcotry 2012-05-25 13:58:22]  /c:/CELL/EQ_Config/JPS/Readonly/C:/ create fail.
[FTP_Get_FileList 2012-05-25 13:58:22]  FTP Connectin fail.
[Remote_Change_Directory 2012-05-25 13:58:22]  strPathFromRoot : EQ_Config\JPS\Readonly\C:\Users\liaxiaop\Desktop\D\Work\JPS\Ver0.9.26\Env\Standard_Info\\
[Get_Current_Directory 2012-05-25 13:58:22]  Current Directory : /c:/CELL
[Create_Remote_Directory 2012-05-25 13:58:22]  /c:/CELL/EQ_Config/JPS/Readonly/C:/ create failed.
[Remote_Change_Direcotry 2012-05-25 13:58:22]  /c:/CELL/EQ_Config/JPS/Readonly/C:/ create fail.
[FTP_Get_File 2012-05-25 13:58:22]  FTP Connectin fail.
[Get_File_From_Host 2012-05-25 13:58:22]  P315024600.ran download fail.
[Disconnect_FTP_Client 2012-05-25 13:58:22]  FTP Disconnect
[Read_Rank_Data 2012-05-25 13:58:22]  C:\Users\liaxiaop\Desktop\D\Work\JPS\Ver0.9.26\DB\P315024600.mdb create.
[Open_Session 2012-05-25 13:58:22]  FTP Port Open
[Connect_FTP_Client 2012-05-25 13:58:23]  FTP Connect Succeed
[Remote_Change_Directory 2012-05-25 13:58:23]  strPathFromRoot : \
[Get_Current_Directory 2012-05-25 13:58:23]  Current Directory : /c:/CELL
[Remote_Change_Directory 2012-05-25 13:58:23]  Directory change success. Current directory : /c:/CELL/
[Remote_Change_Directory 2012-05-25 13:58:23]  strPathFromRoot : EQ_Config\JPS\Readonly\RankSet\
[Get_Current_Directory 2012-05-25 13:58:23]  Current Directory : /c:/CELL
[Remote_Change_Directory 2012-05-25 13:58:23]  Directory change success. Current directory : /c:/CELL/EQ_Config/JPS/Readonly/RankSet/
[Remote_Change_Directory 2012-05-25 13:58:23]  strPathFromRoot : EQ_Config\JPS\Readonly\RankSet\
[Get_Current_Directory 2012-05-25 13:58:23]  Current Directory : /c:/CELL
[Remote_Change_Directory 2012-05-25 13:58:23]  Directory change success. Current directory : /c:/CELL/EQ_Config/JPS/Readonly/RankSet/
[Get_File_From_Host 2012-05-25 13:58:23]  P315024600.ran download success.
[Disconnect_FTP_Client 2012-05-25 13:58:23]  FTP Disconnect
