[Main 2012-05-25 14:00:39]  JPS program start.
[Open_Session 2012-05-25 14:00:40]  FTP Port Open
[Connect_FTP_Client 2012-05-25 14:00:40]  FTP Connect Succeed
[Remote_Change_Directory 2012-05-25 14:00:40]  strPathFromRoot : \
[Get_Current_Directory 2012-05-25 14:00:40]  Current Directory : /c:/CELL
[Remote_Change_Directory 2012-05-25 14:00:40]  Directory change success. Current directory : /c:/CELL/
[Remote_Change_Directory 2012-05-25 14:00:40]  strPathFromRoot : EQ_Config\JPS\Readonly\Table\
[Get_Current_Directory 2012-05-25 14:00:40]  Current Directory : /c:/CELL
[Remote_Change_Directory 2012-05-25 14:00:40]  Directory change success. Current directory : /c:/CELL/EQ_Config/JPS/Readonly/Table/
[FTP_Get_FileList 2012-05-25 14:00:40]  Path.csv does not exist.
[Remote_Change_Directory 2012-05-25 14:00:40]  strPathFromRoot : EQ_Config\JPS\Readonly\Table\
[Get_Current_Directory 2012-05-25 14:00:40]  Current Directory : /c:/CELL
[Remote_Change_Directory 2012-05-25 14:00:40]  Directory change success. Current directory : /c:/CELL/EQ_Config/JPS/Readonly/Table/
[Get_File_From_Host 2012-05-25 14:00:40]  Path.csv download fail.
[Disconnect_FTP_Client 2012-05-25 14:00:40]  FTP Disconnect
[Open_Session 2012-05-25 14:00:40]  FTP Port Open
[Connect_FTP_Client 2012-05-25 14:00:40]  FTP Connect Succeed
[Remote_Change_Directory 2012-05-25 14:00:40]  strPathFromRoot : \
[Get_Current_Directory 2012-05-25 14:00:40]  Current Directory : /c:/CELL
[Remote_Change_Directory 2012-05-25 14:00:40]  Directory change success. Current directory : /c:/CELL/
[Remote_Change_Directory 2012-05-25 14:00:40]  strPathFromRoot : EQ_Config\JPS\Readonly\User\
[Get_Current_Directory 2012-05-25 14:00:40]  Current Directory : /c:/CELL
[Remote_Change_Directory 2012-05-25 14:00:40]  Directory change success. Current directory : /c:/CELL/EQ_Config/JPS/Readonly/User/
[Remote_Change_Directory 2012-05-25 14:00:40]  strPathFromRoot : EQ_Config\JPS\Readonly\User\
[Get_Current_Directory 2012-05-25 14:00:40]  Current Directory : /c:/CELL
[Remote_Change_Directory 2012-05-25 14:00:40]  Directory change success. Current directory : /c:/CELL/EQ_Config/JPS/Readonly/User/
[Get_File_From_Host 2012-05-25 14:00:40]  User.csv download success.
[Disconnect_FTP_Client 2012-05-25 14:00:40]  FTP Disconnect
[Open_Session 2012-05-25 14:00:40]  FTP Port Open
[Connect_FTP_Client 2012-05-25 14:00:41]  FTP Connect Succeed
[Remote_Change_Directory 2012-05-25 14:00:41]  strPathFromRoot : \
[Get_Current_Directory 2012-05-25 14:00:41]  Current Directory : /c:/CELL
[Remote_Change_Directory 2012-05-25 14:00:41]  Directory change success. Current directory : /c:/CELL/
[Remote_Change_Directory 2012-05-25 14:00:41]  strPathFromRoot : EQ_Config\JPS\Readonly\Table\
[Get_Current_Directory 2012-05-25 14:00:41]  Current Directory : /c:/CELL
[Remote_Change_Directory 2012-05-25 14:00:41]  Directory change success. Current directory : /c:/CELL/EQ_Config/JPS/Readonly/Table/
[FTP_Get_File_from_List 2012-05-25 14:00:41]  Control.csv download success.
[FTP_Get_File_from_List 2012-05-25 14:00:41]  checkTFTPanelID1.csv download success.
[FTP_Get_File_from_List 2012-05-25 14:00:41]  checkTFTPanelID2.csv download success.
[FTP_Get_File_from_List 2012-05-25 14:00:41]  checkTFTPanelID3.csv download success.
[FTP_Get_File_from_List 2012-05-25 14:00:41]  checkTFTPanelID4.csv download success.
[FTP_Get_File_from_List 2012-05-25 14:00:41]  checkTFTPanelID5.csv download success.
[FTP_Get_File_from_List 2012-05-25 14:00:41]  checkTFTPanelID6.csv download success.
[FTP_Get_File_from_List 2012-05-25 14:00:41]  checkTFTPanelID7.csv download success.
[FTP_Get_File_from_List 2012-05-25 14:00:41]  checkTFTPanelID8.csv download success.
[FTP_Get_File_from_List 2012-05-25 14:00:41]  checkTFTPanelID9.csv download success.
[FTP_Get_File_from_List 2012-05-25 14:00:41]  checkTFTPanelID10.csv download success.
[FTP_Get_File_from_List 2012-05-25 14:00:41]  checkCFPanelID1.csv download success.
[FTP_Get_File_from_List 2012-05-25 14:00:41]  checkCFPanelID2.csv download success.
[FTP_Get_File_from_List 2012-05-25 14:00:41]  checkCFPanelID3.csv download success.
[FTP_Get_File_from_List 2012-05-25 14:00:41]  checkCFPanelID4.csv download success.
[tmrCommand_Timer 2012-05-25 14:00:59]  Command Queue Message : @RONT20110601103432SB22V513222222ONCATST161LUCASCAS00,
[Open_Session 2012-05-25 14:00:59]  FTP Port Open
[Connect_FTP_Client 2012-05-25 14:00:59]  FTP Connect Succeed
[Remote_Change_Directory 2012-05-25 14:00:59]  strPathFromRoot : \
[Get_Current_Directory 2012-05-25 14:00:59]  Current Directory : /c:/CELL
[Remote_Change_Directory 2012-05-25 14:00:59]  Directory change success. Current directory : /c:/CELL/
[Remote_Change_Directory 2012-05-25 14:00:59]  strPathFromRoot : \EQ_Config\JPS\Version\
[Get_Current_Directory 2012-05-25 14:00:59]  Current Directory : /c:/CELL
[Remote_Change_Directory 2012-05-25 14:00:59]  Directory change success. Current directory : /c:/CELL/EQ_Config/JPS/Version/
[FTP_PUT_File 2012-05-25 14:00:59]  FTP File Write succeed. File Name : Version_CAJPS161.dat
[Disconnect_FTP_Client 2012-05-25 14:00:59]  FTP Disconnect
[tmrCommand_Timer 2012-05-25 14:01:10]  Command Queue Message : @RBBCTA1A0140AK02EEE198CAB204  CA31502AAA00Prod460001                                                                                                                                                                        13156  TA1A0140AK02                                                B31501221801                                 CA31501AAA05RESD      0740072000056Y  MKTA220067AV05    11223344112345672637                       194TA220067AV05PCA31501AAA05  4650P3150-07T001                            MODULE    FA1CF985CDTA220067N00TA220067AV                                                                B31501221801      TA220067AV05TA220067AV05,
[Open_Session 2012-05-25 14:01:28]  FTP Port Open
[Connect_FTP_Client 2012-05-25 14:01:28]  FTP Connect Succeed
[Remote_Change_Directory 2012-05-25 14:01:28]  strPathFromRoot : \
[Get_Current_Directory 2012-05-25 14:01:28]  Current Directory : /c:/CELL
[Remote_Change_Directory 2012-05-25 14:01:28]  Directory change success. Current directory : /c:/CELL/
[Remote_Change_Directory 2012-05-25 14:01:28]  strPathFromRoot : LINK\CATST\31501\TA1A0\TA1A0140\TA1A0140AK02\
[Get_Current_Directory 2012-05-25 14:01:28]  Current Directory : /c:/CELL
[Remote_Change_Directory 2012-05-25 14:01:28]  Directory change success. Current directory : /c:/CELL/LINK/CATST/31501/TA1A0/TA1A0140/TA1A0140AK02/
[FTP_Get_FileList 2012-05-25 14:01:28]  TA1A0140AK02.csv does not exist.
[Remote_Change_Directory 2012-05-25 14:01:28]  strPathFromRoot : LINK\CATST\31501\TA1A0\TA1A0140\TA1A0140AK02\
[Get_Current_Directory 2012-05-25 14:01:28]  Current Directory : /c:/CELL
[Remote_Change_Directory 2012-05-25 14:01:28]  Directory change success. Current directory : /c:/CELL/LINK/CATST/31501/TA1A0/TA1A0140/TA1A0140AK02/
[Get_File_From_Host 2012-05-25 14:01:28]  TA1A0140AK02.csv download fail.
[Disconnect_FTP_Client 2012-05-25 14:01:28]  FTP Disconnect
[Open_Session 2012-05-25 14:01:28]  FTP Port Open
[Connect_FTP_Client 2012-05-25 14:01:28]  FTP Connect Succeed
[Remote_Change_Directory 2012-05-25 14:01:28]  strPathFromRoot : \
[Get_Current_Directory 2012-05-25 14:01:28]  Current Directory : /c:/CELL
[Remote_Change_Directory 2012-05-25 14:01:28]  Directory change success. Current directory : /c:/CELL/
[Remote_Change_Directory 2012-05-25 14:01:28]  strPathFromRoot : EQ_Config\JPS\Readonly\Pattern\
[Get_Current_Directory 2012-05-25 14:01:28]  Current Directory : /c:/CELL
[Remote_Change_Directory 2012-05-25 14:01:28]  Directory change success. Current directory : /c:/CELL/EQ_Config/JPS/Readonly/Pattern/
[Remote_Change_Directory 2012-05-25 14:01:28]  strPathFromRoot : EQ_Config\JPS\Readonly\Pattern\
[Get_Current_Directory 2012-05-25 14:01:28]  Current Directory : /c:/CELL
[Remote_Change_Directory 2012-05-25 14:01:28]  Directory change success. Current directory : /c:/CELL/EQ_Config/JPS/Readonly/Pattern/
[Get_File_From_Host 2012-05-25 14:01:28]  P315024600.csv download success.
[Disconnect_FTP_Client 2012-05-25 14:01:28]  FTP Disconnect
[Open_Session 2012-05-25 14:01:28]  FTP Port Open
[Connect_FTP_Client 2012-05-25 14:01:28]  FTP Connect Succeed
[Remote_Change_Directory 2012-05-25 14:01:28]  strPathFromRoot : \
[Get_Current_Directory 2012-05-25 14:01:28]  Current Directory : /c:/CELL
[Remote_Change_Directory 2012-05-25 14:01:28]  Directory change success. Current directory : /c:/CELL/
[Remote_Change_Directory 2012-05-25 14:01:28]  strPathFromRoot : Link\CATST\31501\TA1A0\TA1A0140\TA1A0140AK02\
[Get_Current_Directory 2012-05-25 14:01:28]  Current Directory : /c:/CELL
[Remote_Change_Directory 2012-05-25 14:01:28]  Directory change success. Current directory : /c:/CELL/Link/CATST/31501/TA1A0/TA1A0140/TA1A0140AK02/
[FTP_Get_FileList 2012-05-25 14:01:28]  TA1A0140AK02.csv does not exist.
[Remote_Change_Directory 2012-05-25 14:01:28]  strPathFromRoot : Link\CATST\31501\TA1A0\TA1A0140\TA1A0140AK02\
[Get_Current_Directory 2012-05-25 14:01:28]  Current Directory : /c:/CELL
[Remote_Change_Directory 2012-05-25 14:01:28]  Directory change success. Current directory : /c:/CELL/Link/CATST/31501/TA1A0/TA1A0140/TA1A0140AK02/
[Get_File_From_Host 2012-05-25 14:01:28]  TA1A0140AK02.csv download fail.
[Disconnect_FTP_Client 2012-05-25 14:01:28]  FTP Disconnect
[Open_Session 2012-05-25 14:01:28]  FTP Port Open
[Connect_FTP_Client 2012-05-25 14:01:28]  FTP Connect Succeed
[Remote_Change_Directory 2012-05-25 14:01:28]  strPathFromRoot : \
[Get_Current_Directory 2012-05-25 14:01:28]  Current Directory : /c:/CELL
[Remote_Change_Directory 2012-05-25 14:01:28]  Directory change success. Current directory : /c:/CELL/
[Remote_Change_Directory 2012-05-25 14:01:28]  strPathFromRoot : CATST\CA31501AAA00\TA1A0\TA1A0140\TA1A0140AK02\BACKUP\
[Get_Current_Directory 2012-05-25 14:01:28]  Current Directory : /c:/CELL
[Remote_Change_Directory 2012-05-25 14:01:28]  Directory change success. Current directory : /c:/CELL/CATST/CA31501AAA00/TA1A0/TA1A0140/TA1A0140AK02/BACKUP/
[tmrCommand_Timer 2012-05-25 14:01:36]  Command Queue Message : @RABCTA1A0140AK02EEE198CAB204  CA31502AAA00Prod460001                                                                                                                                                                        13156  TA1A0140AK02                                                B31501221801                                 CA31501AAA05RESD      0740072000056Y  MKTA220067AV05    11223344112345672637                       194TA220067AV05PCA31501AAA05  4650P3150-07T001                            MODULE    FA1CF985CDTA220067N00TA220067AV                                                                B31501221801      TA220067AV05TA220067AV05,
[Open_Session 2012-05-25 14:01:45]  FTP Port Open
[Connect_FTP_Client 2012-05-25 14:01:45]  FTP Connect Succeed
[Remote_Change_Directory 2012-05-25 14:01:45]  strPathFromRoot : \
[Get_Current_Directory 2012-05-25 14:01:45]  Current Directory : /c:/CELL
[Remote_Change_Directory 2012-05-25 14:01:45]  Directory change success. Current directory : /c:/CELL/
[Remote_Change_Directory 2012-05-25 14:01:45]  strPathFromRoot : EQ_Config\JPS\Readonly\C:\Users\liaxiaop\Desktop\D\Work\JPS\Ver0.9.26\Env\Standard_Info\\
[Get_Current_Directory 2012-05-25 14:01:45]  Current Directory : /c:/CELL
[Create_Remote_Directory 2012-05-25 14:01:45]  /c:/CELL/EQ_Config/JPS/Readonly/C:/ create failed.
[Remote_Change_Direcotry 2012-05-25 14:01:45]  /c:/CELL/EQ_Config/JPS/Readonly/C:/ create fail.
[FTP_Get_FileList 2012-05-25 14:01:45]  FTP Connectin fail.
[Remote_Change_Directory 2012-05-25 14:01:45]  strPathFromRoot : EQ_Config\JPS\Readonly\C:\Users\liaxiaop\Desktop\D\Work\JPS\Ver0.9.26\Env\Standard_Info\\
[Get_Current_Directory 2012-05-25 14:01:45]  Current Directory : /c:/CELL
[Create_Remote_Directory 2012-05-25 14:01:45]  /c:/CELL/EQ_Config/JPS/Readonly/C:/ create failed.
[Remote_Change_Direcotry 2012-05-25 14:01:45]  /c:/CELL/EQ_Config/JPS/Readonly/C:/ create fail.
[FTP_Get_File 2012-05-25 14:01:45]  FTP Connectin fail.
[Get_File_From_Host 2012-05-25 14:01:45]  P315024600.ran download fail.
[Disconnect_FTP_Client 2012-05-25 14:01:45]  FTP Disconnect
[Read_Rank_Data 2012-05-25 14:01:45]  C:\Users\liaxiaop\Desktop\D\Work\JPS\Ver0.9.26\DB\P315024600.mdb create.
[Open_Session 2012-05-25 14:01:45]  FTP Port Open
[Connect_FTP_Client 2012-05-25 14:01:45]  FTP Connect Succeed
[Remote_Change_Directory 2012-05-25 14:01:45]  strPathFromRoot : \
[Get_Current_Directory 2012-05-25 14:01:45]  Current Directory : /c:/CELL
[Remote_Change_Directory 2012-05-25 14:01:45]  Directory change success. Current directory : /c:/CELL/
[Remote_Change_Directory 2012-05-25 14:01:45]  strPathFromRoot : EQ_Config\JPS\Readonly\RankSet\
[Get_Current_Directory 2012-05-25 14:01:45]  Current Directory : /c:/CELL
[Remote_Change_Directory 2012-05-25 14:01:45]  Directory change success. Current directory : /c:/CELL/EQ_Config/JPS/Readonly/RankSet/
[Remote_Change_Directory 2012-05-25 14:01:45]  strPathFromRoot : EQ_Config\JPS\Readonly\RankSet\
[Get_Current_Directory 2012-05-25 14:01:45]  Current Directory : /c:/CELL
[Remote_Change_Directory 2012-05-25 14:01:45]  Directory change success. Current directory : /c:/CELL/EQ_Config/JPS/Readonly/RankSet/
[Get_File_From_Host 2012-05-25 14:01:45]  P315024600.ran download success.
[Disconnect_FTP_Client 2012-05-25 14:01:45]  FTP Disconnect
[Decode_CATST_After_Block_Contact 2012-05-25 14:01:49]  Manual Judge window load.
[cmdGrade_Click 2012-05-25 14:02:11]  CPFMS's RANK : H, GRADE : 
[cmdGrade_Click 2012-05-25 14:02:11]  CDBDT's RANK : , GRADE : , Bright Distance : 0
[cmdGrade_Click 2012-05-25 14:02:11]  CDDKD's RANK : , GRADE : , Bright Distance : 0
[cmdGrade_Click 2012-05-25 14:02:11]  CDBDD's RANK : , GRADE : , Bright Distance : 0
[cmdGrade_Click 2012-05-25 14:02:11]  CDBTT's RANK : , GRADE : , Bright Total : 0
[cmdGrade_Click 2012-05-25 14:02:11]  CDDKT's RANK : , GRADE : , Dark Total : 0
[cmdGrade_Click 2012-05-25 14:02:11]  CDBDT's RANK : , GRADE : , Point Total : 0
[Get_Panel_Grade 2012-05-25 14:02:11]  New Grade : 
[PreJudgeGradeChange1 2012-05-25 14:02:11]  New Grade : 
[PreJudgeGradeChange2 2012-05-25 14:02:11]  New Grade : 
[PreJudgeGradeChange3 2012-05-25 14:02:11]  New Grade : 
[PostJudgeOtherRule1 2012-05-25 14:02:11]  New Grade : 
[PostJudgeOtherRule2 2012-05-25 14:02:11]  New Grade : 
[PostJudgeOtherRule3 2012-05-25 14:02:11]  New Grade : 
[PostJudgeGradeChange1 2012-05-25 14:02:11]  New Grade : 
[PostJudgeGradeChange2 2012-05-25 14:02:11]  New Grade : 
[CheckPanelIDChangeGrade1 2012-05-25 14:02:11]  Record does not exist.
[CheckPanelIDChangeGrade2 2012-05-25 14:02:11]  Record does not exist.
[CheckPanelIDChangeGrade3 2012-05-25 14:02:11]  Record does not exist.
[CheckPanelIDChangeGrade4 2012-05-25 14:02:11]  Record does not exist.
[CheckPanelIDChangeGrade5 2012-05-25 14:02:11]  Control value : D
[ChangeGrade 2012-05-25 14:02:11]  New Grade : 
[ChangeGradeByDefectCode 2012-05-25 14:02:11]  New Grade : 
[RepairPointTimes 2012-05-25 14:02:11]  New Grade : 
[FlagChangeGrade 2012-05-25 14:02:11]  New Grade : 
[SKChange 2012-05-25 14:02:11]  New Grade : 
[frmJudge_Form_Unload 2012-05-25 14:02:11]  Manual Judge window unload.
[Main 2012-05-25 14:03:29]  JPS program start.
[Open_Session 2012-05-25 14:03:31]  FTP Port Open
[Connect_FTP_Client 2012-05-25 14:03:31]  FTP Connect Succeed
[Remote_Change_Directory 2012-05-25 14:03:31]  strPathFromRoot : \
[Get_Current_Directory 2012-05-25 14:03:31]  Current Directory : /c:/CELL
[Remote_Change_Directory 2012-05-25 14:03:31]  Directory change success. Current directory : /c:/CELL/
[Remote_Change_Directory 2012-05-25 14:03:31]  strPathFromRoot : EQ_Config\JPS\Readonly\Table\
[Get_Current_Directory 2012-05-25 14:03:31]  Current Directory : /c:/CELL
[Remote_Change_Directory 2012-05-25 14:03:31]  Directory change success. Current directory : /c:/CELL/EQ_Config/JPS/Readonly/Table/
[FTP_Get_FileList 2012-05-25 14:03:31]  Path.csv does not exist.
[Remote_Change_Directory 2012-05-25 14:03:31]  strPathFromRoot : EQ_Config\JPS\Readonly\Table\
[Get_Current_Directory 2012-05-25 14:03:31]  Current Directory : /c:/CELL
[Remote_Change_Directory 2012-05-25 14:03:31]  Directory change success. Current directory : /c:/CELL/EQ_Config/JPS/Readonly/Table/
[Get_File_From_Host 2012-05-25 14:03:31]  Path.csv download fail.
[Disconnect_FTP_Client 2012-05-25 14:03:31]  FTP Disconnect
[Open_Session 2012-05-25 14:03:31]  FTP Port Open
[Connect_FTP_Client 2012-05-25 14:03:31]  FTP Connect Succeed
[Remote_Change_Directory 2012-05-25 14:03:31]  strPathFromRoot : \
[Get_Current_Directory 2012-05-25 14:03:31]  Current Directory : /c:/CELL
[Remote_Change_Directory 2012-05-25 14:03:31]  Directory change success. Current directory : /c:/CELL/
[Remote_Change_Directory 2012-05-25 14:03:31]  strPathFromRoot : EQ_Config\JPS\Readonly\User\
[Get_Current_Directory 2012-05-25 14:03:31]  Current Directory : /c:/CELL
[Remote_Change_Directory 2012-05-25 14:03:31]  Directory change success. Current directory : /c:/CELL/EQ_Config/JPS/Readonly/User/
[Remote_Change_Directory 2012-05-25 14:03:31]  strPathFromRoot : EQ_Config\JPS\Readonly\User\
[Get_Current_Directory 2012-05-25 14:03:31]  Current Directory : /c:/CELL
[Remote_Change_Directory 2012-05-25 14:03:31]  Directory change success. Current directory : /c:/CELL/EQ_Config/JPS/Readonly/User/
[Get_File_From_Host 2012-05-25 14:03:31]  User.csv download success.
[Disconnect_FTP_Client 2012-05-25 14:03:31]  FTP Disconnect
[Open_Session 2012-05-25 14:03:31]  FTP Port Open
[Connect_FTP_Client 2012-05-25 14:03:31]  FTP Connect Succeed
[Remote_Change_Directory 2012-05-25 14:03:31]  strPathFromRoot : \
[Get_Current_Directory 2012-05-25 14:03:31]  Current Directory : /c:/CELL
[Remote_Change_Directory 2012-05-25 14:03:31]  Directory change success. Current directory : /c:/CELL/
[Remote_Change_Directory 2012-05-25 14:03:31]  strPathFromRoot : EQ_Config\JPS\Readonly\Table\
[Get_Current_Directory 2012-05-25 14:03:31]  Current Directory : /c:/CELL
[Remote_Change_Directory 2012-05-25 14:03:31]  Directory change success. Current directory : /c:/CELL/EQ_Config/JPS/Readonly/Table/
[FTP_Get_File_from_List 2012-05-25 14:03:31]  Control.csv download success.
[FTP_Get_File_from_List 2012-05-25 14:03:31]  checkTFTPanelID1.csv download success.
[FTP_Get_File_from_List 2012-05-25 14:03:31]  checkTFTPanelID2.csv download success.
[FTP_Get_File_from_List 2012-05-25 14:03:31]  checkTFTPanelID3.csv download success.
[FTP_Get_File_from_List 2012-05-25 14:03:31]  checkTFTPanelID4.csv download success.
[FTP_Get_File_from_List 2012-05-25 14:03:31]  checkTFTPanelID5.csv download success.
[FTP_Get_File_from_List 2012-05-25 14:03:31]  checkTFTPanelID6.csv download success.
[FTP_Get_File_from_List 2012-05-25 14:03:31]  checkTFTPanelID7.csv download success.
[FTP_Get_File_from_List 2012-05-25 14:03:31]  checkTFTPanelID8.csv download success.
[FTP_Get_File_from_List 2012-05-25 14:03:31]  checkTFTPanelID9.csv download success.
[FTP_Get_File_from_List 2012-05-25 14:03:31]  checkTFTPanelID10.csv download success.
[FTP_Get_File_from_List 2012-05-25 14:03:31]  checkCFPanelID1.csv download success.
[FTP_Get_File_from_List 2012-05-25 14:03:31]  checkCFPanelID2.csv download success.
[FTP_Get_File_from_List 2012-05-25 14:03:31]  checkCFPanelID3.csv download success.
[FTP_Get_File_from_List 2012-05-25 14:03:31]  checkCFPanelID4.csv download success.
[Main 2012-05-25 14:07:58]  JPS program start.
[Open_Session 2012-05-25 14:08:00]  FTP Port Open
[Connect_FTP_Client 2012-05-25 14:08:00]  FTP Connect Succeed
[Remote_Change_Directory 2012-05-25 14:08:00]  strPathFromRoot : \
[Get_Current_Directory 2012-05-25 14:08:00]  Current Directory : /c:/CELL
[Remote_Change_Directory 2012-05-25 14:08:00]  Directory change success. Current directory : /c:/CELL/
[Remote_Change_Directory 2012-05-25 14:08:00]  strPathFromRoot : EQ_Config\JPS\Readonly\Table\
[Get_Current_Directory 2012-05-25 14:08:00]  Current Directory : /c:/CELL
[Remote_Change_Directory 2012-05-25 14:08:00]  Directory change success. Current directory : /c:/CELL/EQ_Config/JPS/Readonly/Table/
[FTP_Get_FileList 2012-05-25 14:08:00]  Path.csv does not exist.
[Remote_Change_Directory 2012-05-25 14:08:00]  strPathFromRoot : EQ_Config\JPS\Readonly\Table\
[Get_Current_Directory 2012-05-25 14:08:00]  Current Directory : /c:/CELL
[Remote_Change_Directory 2012-05-25 14:08:00]  Directory change success. Current directory : /c:/CELL/EQ_Config/JPS/Readonly/Table/
[Get_File_From_Host 2012-05-25 14:08:00]  Path.csv download fail.
[Disconnect_FTP_Client 2012-05-25 14:08:00]  FTP Disconnect
[Open_Session 2012-05-25 14:08:00]  FTP Port Open
[Connect_FTP_Client 2012-05-25 14:08:00]  FTP Connect Succeed
[Remote_Change_Directory 2012-05-25 14:08:00]  strPathFromRoot : \
[Get_Current_Directory 2012-05-25 14:08:00]  Current Directory : /c:/CELL
[Remote_Change_Directory 2012-05-25 14:08:00]  Directory change success. Current directory : /c:/CELL/
[Remote_Change_Directory 2012-05-25 14:08:00]  strPathFromRoot : EQ_Config\JPS\Readonly\User\
[Get_Current_Directory 2012-05-25 14:08:00]  Current Directory : /c:/CELL
[Remote_Change_Directory 2012-05-25 14:08:00]  Directory change success. Current directory : /c:/CELL/EQ_Config/JPS/Readonly/User/
[Remote_Change_Directory 2012-05-25 14:08:00]  strPathFromRoot : EQ_Config\JPS\Readonly\User\
[Get_Current_Directory 2012-05-25 14:08:00]  Current Directory : /c:/CELL
[Remote_Change_Directory 2012-05-25 14:08:00]  Directory change success. Current directory : /c:/CELL/EQ_Config/JPS/Readonly/User/
[Get_File_From_Host 2012-05-25 14:08:00]  User.csv download success.
[Disconnect_FTP_Client 2012-05-25 14:08:00]  FTP Disconnect
[Open_Session 2012-05-25 14:08:00]  FTP Port Open
[Connect_FTP_Client 2012-05-25 14:08:00]  FTP Connect Succeed
[Remote_Change_Directory 2012-05-25 14:08:00]  strPathFromRoot : \
[Get_Current_Directory 2012-05-25 14:08:00]  Current Directory : /c:/CELL
[Remote_Change_Directory 2012-05-25 14:08:00]  Directory change success. Current directory : /c:/CELL/
[Remote_Change_Directory 2012-05-25 14:08:00]  strPathFromRoot : EQ_Config\JPS\Readonly\Table\
[Get_Current_Directory 2012-05-25 14:08:00]  Current Directory : /c:/CELL
[Remote_Change_Directory 2012-05-25 14:08:00]  Directory change success. Current directory : /c:/CELL/EQ_Config/JPS/Readonly/Table/
[FTP_Get_File_from_List 2012-05-25 14:08:00]  Control.csv download success.
[FTP_Get_File_from_List 2012-05-25 14:08:00]  checkTFTPanelID1.csv download success.
[FTP_Get_File_from_List 2012-05-25 14:08:00]  checkTFTPanelID2.csv download success.
[FTP_Get_File_from_List 2012-05-25 14:08:00]  checkTFTPanelID3.csv download success.
[FTP_Get_File_from_List 2012-05-25 14:08:00]  checkTFTPanelID4.csv download success.
[FTP_Get_File_from_List 2012-05-25 14:08:00]  checkTFTPanelID5.csv download success.
[FTP_Get_File_from_List 2012-05-25 14:08:00]  checkTFTPanelID6.csv download success.
[FTP_Get_File_from_List 2012-05-25 14:08:00]  checkTFTPanelID7.csv download success.
[FTP_Get_File_from_List 2012-05-25 14:08:00]  checkTFTPanelID8.csv download success.
[FTP_Get_File_from_List 2012-05-25 14:08:00]  checkTFTPanelID9.csv download success.
[FTP_Get_File_from_List 2012-05-25 14:08:00]  checkTFTPanelID10.csv download success.
[FTP_Get_File_from_List 2012-05-25 14:08:00]  checkCFPanelID1.csv download success.
[FTP_Get_File_from_List 2012-05-25 14:08:00]  checkCFPanelID2.csv download success.
[FTP_Get_File_from_List 2012-05-25 14:08:00]  checkCFPanelID3.csv download success.
[tmrCommand_Timer 2012-05-25 14:08:04]  Command Queue Message : @RONT20110601103432SB22V513222222ONCATST161LUCASCAS00,
[Open_Session 2012-05-25 14:08:04]  FTP Port Open
[Connect_FTP_Client 2012-05-25 14:08:04]  FTP Connect Succeed
[Remote_Change_Directory 2012-05-25 14:08:04]  strPathFromRoot : \
[Get_Current_Directory 2012-05-25 14:08:04]  Current Directory : /c:/CELL
[Remote_Change_Directory 2012-05-25 14:08:04]  Directory change success. Current directory : /c:/CELL/
[Remote_Change_Directory 2012-05-25 14:08:04]  strPathFromRoot : \EQ_Config\JPS\Version\
[Get_Current_Directory 2012-05-25 14:08:04]  Current Directory : /c:/CELL
[Remote_Change_Directory 2012-05-25 14:08:04]  Directory change success. Current directory : /c:/CELL/EQ_Config/JPS/Version/
[FTP_PUT_File 2012-05-25 14:08:04]  FTP File Write succeed. File Name : Version_CAJPS161.dat
[tmrCommand_Timer 2012-05-25 14:08:10]  Command Queue Message : @RBBCTA1A0140AK02EEE198CAB204  CA31502AAA00Prod460001                                                                                                                                                                        13156  TA1A0140AK02                                                B31501221801                                 CA31501AAA05RESD      0740072000056Y  MKTA220067AV05    11223344112345672637                       194TA220067AV05PCA31501AAA05  4650P3150-07T001                            MODULE    FA1CF985CDTA220067N00TA220067AV                                                                B31501221801      TA220067AV05TA220067AV05,
[Open_Session 2012-05-25 14:08:23]  FTP Port Open
[Connect_FTP_Client 2012-05-25 14:08:23]  FTP Connect Succeed
[Remote_Change_Directory 2012-05-25 14:08:23]  strPathFromRoot : \
[Get_Current_Directory 2012-05-25 14:08:23]  Current Directory : /c:/CELL
[Remote_Change_Directory 2012-05-25 14:08:23]  Directory change success. Current directory : /c:/CELL/
[Remote_Change_Directory 2012-05-25 14:08:23]  strPathFromRoot : LINK\CATST\31501\TA1A0\TA1A0140\TA1A0140AK02\
[Get_Current_Directory 2012-05-25 14:08:23]  Current Directory : /c:/CELL
[Remote_Change_Directory 2012-05-25 14:08:23]  Directory change success. Current directory : /c:/CELL/LINK/CATST/31501/TA1A0/TA1A0140/TA1A0140AK02/
[FTP_Get_FileList 2012-05-25 14:08:23]  TA1A0140AK02.csv does not exist.
[Remote_Change_Directory 2012-05-25 14:08:23]  strPathFromRoot : LINK\CATST\31501\TA1A0\TA1A0140\TA1A0140AK02\
[Get_Current_Directory 2012-05-25 14:08:23]  Current Directory : /c:/CELL
[Remote_Change_Directory 2012-05-25 14:08:23]  Directory change success. Current directory : /c:/CELL/LINK/CATST/31501/TA1A0/TA1A0140/TA1A0140AK02/
[Get_File_From_Host 2012-05-25 14:08:23]  TA1A0140AK02.csv download fail.
[Disconnect_FTP_Client 2012-05-25 14:08:23]  FTP Disconnect
[Open_Session 2012-05-25 14:08:23]  FTP Port Open
[Connect_FTP_Client 2012-05-25 14:08:23]  FTP Connect Succeed
[Remote_Change_Directory 2012-05-25 14:08:23]  strPathFromRoot : \
[Get_Current_Directory 2012-05-25 14:08:23]  Current Directory : /c:/CELL
[Remote_Change_Directory 2012-05-25 14:08:23]  Directory change success. Current directory : /c:/CELL/
[Remote_Change_Directory 2012-05-25 14:08:23]  strPathFromRoot : EQ_Config\JPS\Readonly\Pattern\
[Get_Current_Directory 2012-05-25 14:08:23]  Current Directory : /c:/CELL
[Remote_Change_Directory 2012-05-25 14:08:23]  Directory change success. Current directory : /c:/CELL/EQ_Config/JPS/Readonly/Pattern/
[Remote_Change_Directory 2012-05-25 14:08:23]  strPathFromRoot : EQ_Config\JPS\Readonly\Pattern\
[Get_Current_Directory 2012-05-25 14:08:23]  Current Directory : /c:/CELL
[Remote_Change_Directory 2012-05-25 14:08:23]  Directory change success. Current directory : /c:/CELL/EQ_Config/JPS/Readonly/Pattern/
[Get_File_From_Host 2012-05-25 14:08:23]  P315024600.csv download success.
[Disconnect_FTP_Client 2012-05-25 14:08:23]  FTP Disconnect
[Open_Session 2012-05-25 14:08:23]  FTP Port Open
[Connect_FTP_Client 2012-05-25 14:08:23]  FTP Connect Succeed
[Remote_Change_Directory 2012-05-25 14:08:23]  strPathFromRoot : \
[Get_Current_Directory 2012-05-25 14:08:23]  Current Directory : /c:/CELL
[Remote_Change_Directory 2012-05-25 14:08:23]  Directory change success. Current directory : /c:/CELL/
[Remote_Change_Directory 2012-05-25 14:08:23]  strPathFromRoot : Link\CATST\31501\TA1A0\TA1A0140\TA1A0140AK02\
[Get_Current_Directory 2012-05-25 14:08:23]  Current Directory : /c:/CELL
[Remote_Change_Directory 2012-05-25 14:08:23]  Directory change success. Current directory : /c:/CELL/Link/CATST/31501/TA1A0/TA1A0140/TA1A0140AK02/
[FTP_Get_FileList 2012-05-25 14:08:23]  TA1A0140AK02.csv does not exist.
[Remote_Change_Directory 2012-05-25 14:08:23]  strPathFromRoot : Link\CATST\31501\TA1A0\TA1A0140\TA1A0140AK02\
[tmrCommand_Timer 2012-05-25 14:08:27]  Command Queue Message : @RABCTA1A0140AK02EEE198CAB204  CA31502AAA00Prod460001                                                                                                                                                                        13156  TA1A0140AK02                                                B31501221801                                 CA31501AAA05RESD      0740072000056Y  MKTA220067AV05    11223344112345672637                       194TA220067AV05PCA31501AAA05  4650P3150-07T001                            MODULE    FA1CF985CDTA220067N00TA220067AV                                                                B31501221801      TA220067AV05TA220067AV05,
[Open_Session 2012-05-25 14:08:48]  FTP Port Open
[Connect_FTP_Client 2012-05-25 14:08:48]  FTP Connect Succeed
[Remote_Change_Directory 2012-05-25 14:08:48]  strPathFromRoot : \
[Get_Current_Directory 2012-05-25 14:08:48]  Current Directory : /c:/CELL
[Remote_Change_Directory 2012-05-25 14:08:48]  Directory change success. Current directory : /c:/CELL/
[Remote_Change_Directory 2012-05-25 14:08:48]  strPathFromRoot : EQ_Config\JPS\Readonly\C:\Users\liaxiaop\Desktop\D\Work\JPS\Ver0.9.26\Env\Standard_Info\\
[Get_Current_Directory 2012-05-25 14:08:48]  Current Directory : /c:/CELL
[Create_Remote_Directory 2012-05-25 14:08:48]  /c:/CELL/EQ_Config/JPS/Readonly/C:/ create failed.
[Remote_Change_Direcotry 2012-05-25 14:08:48]  /c:/CELL/EQ_Config/JPS/Readonly/C:/ create fail.
[FTP_Get_FileList 2012-05-25 14:08:48]  FTP Connectin fail.
[Remote_Change_Directory 2012-05-25 14:08:48]  strPathFromRoot : EQ_Config\JPS\Readonly\C:\Users\liaxiaop\Desktop\D\Work\JPS\Ver0.9.26\Env\Standard_Info\\
[Get_Current_Directory 2012-05-25 14:08:48]  Current Directory : /c:/CELL
[Create_Remote_Directory 2012-05-25 14:08:48]  /c:/CELL/EQ_Config/JPS/Readonly/C:/ create failed.
[Remote_Change_Direcotry 2012-05-25 14:08:48]  /c:/CELL/EQ_Config/JPS/Readonly/C:/ create fail.
[FTP_Get_File 2012-05-25 14:08:48]  FTP Connectin fail.
[Get_File_From_Host 2012-05-25 14:08:48]  P315024600.ran download fail.
[Disconnect_FTP_Client 2012-05-25 14:08:48]  FTP Disconnect
[Read_Rank_Data 2012-05-25 14:08:48]  C:\Users\liaxiaop\Desktop\D\Work\JPS\Ver0.9.26\DB\P315024600.mdb create.
[Open_Session 2012-05-25 14:08:48]  FTP Port Open
[Connect_FTP_Client 2012-05-25 14:08:48]  FTP Connect Succeed
[Remote_Change_Directory 2012-05-25 14:08:48]  strPathFromRoot : \
[Get_Current_Directory 2012-05-25 14:08:48]  Current Directory : /c:/CELL
[Remote_Change_Directory 2012-05-25 14:08:48]  Directory change success. Current directory : /c:/CELL/
[Remote_Change_Directory 2012-05-25 14:08:48]  strPathFromRoot : EQ_Config\JPS\Readonly\RankSet\
[Get_Current_Directory 2012-05-25 14:08:48]  Current Directory : /c:/CELL
[Remote_Change_Directory 2012-05-25 14:08:48]  Directory change success. Current directory : /c:/CELL/EQ_Config/JPS/Readonly/RankSet/
[Remote_Change_Directory 2012-05-25 14:08:48]  strPathFromRoot : EQ_Config\JPS\Readonly\RankSet\
[Get_Current_Directory 2012-05-25 14:08:48]  Current Directory : /c:/CELL
[Remote_Change_Directory 2012-05-25 14:08:48]  Directory change success. Current directory : /c:/CELL/EQ_Config/JPS/Readonly/RankSet/
[Get_File_From_Host 2012-05-25 14:08:48]  P315024600.ran download success.
[Disconnect_FTP_Client 2012-05-25 14:08:48]  FTP Disconnect
[Decode_CATST_After_Block_Contact 2012-05-25 14:08:52]  Manual Judge window load.
[cmdGrade_Click 2012-05-25 14:09:47]  CPFMP's RANK : H, GRADE : 
[cmdGrade_Click 2012-05-25 14:09:47]  CDBDT's RANK : , GRADE : , Bright Distance : 0
[cmdGrade_Click 2012-05-25 14:09:47]  CDDKD's RANK : , GRADE : , Bright Distance : 0
[cmdGrade_Click 2012-05-25 14:09:47]  CDBDD's RANK : , GRADE : , Bright Distance : 0
[cmdGrade_Click 2012-05-25 14:09:47]  CDBTT's RANK : , GRADE : , Bright Total : 0
[cmdGrade_Click 2012-05-25 14:09:47]  CDDKT's RANK : , GRADE : , Dark Total : 0
[cmdGrade_Click 2012-05-25 14:09:47]  CDBDT's RANK : , GRADE : , Point Total : 0
[Get_Panel_Grade 2012-05-25 14:09:47]  New Grade : 
[PreJudgeGradeChange1 2012-05-25 14:09:47]  New Grade : 
[PreJudgeGradeChange2 2012-05-25 14:09:47]  New Grade : 
[PreJudgeGradeChange3 2012-05-25 14:09:47]  New Grade : 
[PostJudgeOtherRule1 2012-05-25 14:09:47]  New Grade : 
[PostJudgeOtherRule2 2012-05-25 14:09:47]  New Grade : 
[PostJudgeOtherRule3 2012-05-25 14:09:47]  New Grade : 
[PostJudgeGradeChange1 2012-05-25 14:09:47]  New Grade : 
[PostJudgeGradeChange2 2012-05-25 14:09:47]  New Grade : 
[CheckPanelIDChangeGrade1 2012-05-25 14:09:47]  Record does not exist.
[CheckPanelIDChangeGrade2 2012-05-25 14:09:47]  Record does not exist.
[CheckPanelIDChangeGrade3 2012-05-25 14:09:47]  Record does not exist.
[CheckPanelIDChangeGrade4 2012-05-25 14:09:47]  Record does not exist.
[CheckPanelIDChangeGrade5 2012-05-25 14:09:47]  Control value : D
[ChangeGrade 2012-05-25 14:09:47]  New Grade : 
[ChangeGradeByDefectCode 2012-05-25 14:09:47]  New Grade : 
[RepairPointTimes 2012-05-25 14:09:47]  New Grade : 
[FlagChangeGrade 2012-05-25 14:09:47]  New Grade : 
[SKChange 2012-05-25 14:09:47]  New Grade : 
[frmJudge_Form_Unload 2012-05-25 14:09:47]  Manual Judge window unload.
